#
# There is insufficient memory for the Java Runtime Environment to continue.
# Native memory allocation (mmap) failed to map 157286400 bytes. Error detail: G1 virtual space
# Possible reasons:
#   The system is out of physical RAM or swap space
#   This process is running with CompressedOops enabled, and the Java Heap may be blocking the growth of the native heap
# Possible solutions:
#   Reduce memory load on the system
#   Increase physical memory or swap space
#   Check if swap backing store is full
#   Decrease Java heap size (-Xmx/-Xms)
#   Decrease number of Java threads
#   Decrease Java thread stack sizes (-Xss)
#   Set larger code cache with -XX:ReservedCodeCacheSize=
#   JVM is running with Zero Based Compressed Oops mode in which the Java heap is
#     placed in the first 32GB address space. The Java Heap base address is the
#     maximum limit for the native heap growth. Please use -XX:HeapBaseMinAddress
#     to set the Java Heap base and to place the Java Heap above 32GB virtual address.
# This output file may be truncated or incomplete.
#
#  Out of Memory Error (os_windows.cpp:3703), pid=217536, tid=210828
#
# JRE version: Java(TM) SE Runtime Environment (23.0.1+11) (build 23.0.1+11-39)
# Java VM: Java HotSpot(TM) 64-Bit Server VM (23.0.1+11-39, mixed mode, sharing, tiered, compressed oops, compressed class ptrs, g1 gc, windows-amd64)
# No core dump will be written. Minidumps are not enabled by default on client versions of Windows
#

---------------  S U M M A R Y ------------

Command Line: --add-opens=java.base/java.util=ALL-UNNAMED --add-opens=java.base/java.lang=ALL-UNNAMED --add-opens=java.base/java.lang.invoke=ALL-UNNAMED --add-opens=java.prefs/java.util.prefs=ALL-UNNAMED --add-exports=jdk.compiler/com.sun.tools.javac.api=ALL-UNNAMED --add-exports=jdk.compiler/com.sun.tools.javac.util=ALL-UNNAMED --add-opens=java.base/java.nio.charset=ALL-UNNAMED --add-opens=java.base/java.net=ALL-UNNAMED --add-opens=java.base/java.util.concurrent.atomic=ALL-UNNAMED -Xmx4G -Dfile.encoding=UTF-8 -Duser.country=US -Duser.language=en -Duser.variant -javaagent:C:\Users\get\.gradle\wrapper\dists\gradle-8.10.2-all\7iv73wktx1xtkvlq19urqw1wm\gradle-8.10.2\lib\agents\gradle-instrumentation-agent-8.10.2.jar org.gradle.launcher.daemon.bootstrap.GradleDaemon 8.10.2

Host: Intel(R) Core(TM) i7-6700 CPU @ 3.40GHz, 8 cores, 7G,  Windows 10 , 64 bit Build 19041 (10.0.19041.5198)
Time: Wed Jan 29 11:53:36 2025 Pakistan Standard Time elapsed time: 111.173004 seconds (0d 0h 1m 51s)

---------------  T H R E A D  ---------------

Current thread (0x0000018bbe9a2a80):  VMThread "VM Thread"          [id=210828, stack(0x0000002c7e000000,0x0000002c7e100000) (1024K)]

Stack: [0x0000002c7e000000,0x0000002c7e100000]
Native frames: (J=compiled Java code, j=interpreted, Vv=VM code, C=native code)
V  [jvm.dll+0x6e08b9]  (no source info available)
V  [jvm.dll+0x87dc83]  (no source info available)
V  [jvm.dll+0x88010e]  (no source info available)
V  [jvm.dll+0x8807e3]  (no source info available)
V  [jvm.dll+0x27aee6]  (no source info available)
V  [jvm.dll+0x6dd1c5]  (no source info available)
V  [jvm.dll+0x6d104a]  (no source info available)
V  [jvm.dll+0x35b3ea]  (no source info available)
V  [jvm.dll+0x3637f6]  (no source info available)
V  [jvm.dll+0x34fd5e]  (no source info available)
V  [jvm.dll+0x34fff8]  (no source info available)
V  [jvm.dll+0x3289cc]  (no source info available)
V  [jvm.dll+0x328a5a]  (no source info available)
V  [jvm.dll+0x374c92]  (no source info available)
V  [jvm.dll+0x373392]  (no source info available)
V  [jvm.dll+0x3281a7]  (no source info available)
V  [jvm.dll+0x372e58]  (no source info available)
V  [jvm.dll+0x886720]  (no source info available)
V  [jvm.dll+0x887a47]  (no source info available)
V  [jvm.dll+0x887f78]  (no source info available)
V  [jvm.dll+0x888213]  (no source info available)
V  [jvm.dll+0x824f8b]  (no source info available)
V  [jvm.dll+0x6df065]  (no source info available)
C  [ucrtbase.dll+0x21bb2]  (no source info available)
C  [KERNEL32.DLL+0x17374]  (no source info available)
C  [ntdll.dll+0x4cc91]  (no source info available)

VM_Operation (0x0000002c7f7f7148): G1TryInitiateConcMark, mode: safepoint, requested by thread 0x0000018c05841570


---------------  P R O C E S S  ---------------

Threads class SMR info:
_java_thread_list=0x0000018c042648f0, length=132, elements={
0x0000018b9d085a50, 0x0000018bbe9bb4e0, 0x0000018bbe9bc400, 0x0000018bbe9c14f0,
0x0000018bbe9c21d0, 0x0000018bbe9c2c30, 0x0000018bbe9c8430, 0x0000018bbe9c9b10,
0x0000018bbe9d45e0, 0x0000018bbe98e450, 0x0000018bbec621e0, 0x0000018c059e9790,
0x0000018c059e2cb0, 0x0000018c04faf030, 0x0000018c05a6edf0, 0x0000018c05a6f460,
0x0000018c05838370, 0x0000018c05841570, 0x0000018c05a40650, 0x0000018c05a41370,
0x0000018c05a41a00, 0x0000018c05a40ce0, 0x0000018c05a42090, 0x0000018c05a3f930,
0x0000018c08a2d800, 0x0000018c08a2b730, 0x0000018c08a28940, 0x0000018c08a2b0a0,
0x0000018c08a28fd0, 0x0000018c08a282b0, 0x0000018c08a29cf0, 0x0000018c08a2c450,
0x0000018c08a2de90, 0x0000018c08a2aa10, 0x0000018c0ad7c2f0, 0x0000018c0ad7dd30,
0x0000018c0ad80490, 0x0000018c0ad811b0, 0x0000018c082e8920, 0x0000018c082e4e10,
0x0000018c082e61c0, 0x0000018c082e54a0, 0x0000018c082e5b30, 0x0000018c082e8290,
0x0000018c082e33d0, 0x0000018c082e40f0, 0x0000018c082e8fb0, 0x0000018c082e6ee0,
0x0000018c082e7c00, 0x0000018c082e2020, 0x0000018c082e4780, 0x0000018c082e26b0,
0x0000018c082e3a60, 0x0000018c082e6850, 0x0000018c082e9640, 0x0000018c082e2d40,
0x0000018c082e7570, 0x0000018c049edc90, 0x0000018c049ec250, 0x0000018c049e6d00,
0x0000018c049eb530, 0x0000018c049ebbc0, 0x0000018c049ea180, 0x0000018c049eaea0,
0x0000018c049e7390, 0x0000018c049e80b0, 0x0000018c049ecf70, 0x0000018c049e7a20,
0x0000018c049e8740, 0x0000018c049e8dd0, 0x0000018c049e9460, 0x0000018c0a256000,
0x0000018c0a252b80, 0x0000018c0a2545c0, 0x0000018c0a2538a0, 0x0000018c0a253f30,
0x0000018c0a2552e0, 0x0000018c0a24f070, 0x0000018c0ade0520, 0x0000018c0adde450,
0x0000018c0addeae0, 0x0000018c0ade0bb0, 0x0000018c0addca10, 0x0000018c0addafd0,
0x0000018c0addfe90, 0x0000018c0addf170, 0x0000018c0ade18d0, 0x0000018c0ade25f0,
0x0000018c0addc380, 0x0000018c0a255970, 0x0000018c0a250420, 0x0000018c0a251e60,
0x0000018c08a2a380, 0x0000018c09a5f490, 0x0000018c09a601b0, 0x0000018c09a5e770,
0x0000018c09a5d3c0, 0x0000018c09a5b980, 0x0000018c09a598b0, 0x0000018c09a5ee00,
0x0000018c09a5c6a0, 0x0000018c075c3a70, 0x0000018c075c6860, 0x0000018c075c4100,
0x0000018c075c7580, 0x0000018c075c4790, 0x0000018c075c1310, 0x0000018c075c4e20,
0x0000018c075c54b0, 0x0000018c075c5b40, 0x0000018c075c6ef0, 0x0000018c075c19a0,
0x0000018c075c61d0, 0x0000018c075c33e0, 0x0000018c075c7c10, 0x0000018c075cd160,
0x0000018c075caa00, 0x0000018c075ca370, 0x0000018c075cc440, 0x0000018c075cd7f0,
0x0000018c075ce510, 0x0000018c075cf8c0, 0x0000018c075c8930, 0x0000018c075c9650,
0x0000018c075c9ce0, 0x0000018c075c2d50, 0x0000018c075cf230, 0x0000018c075ceba0,
0x0000018c075cff50, 0x0000018c075cb720, 0x0000018c075cbdb0, 0x0000018c075ccad0
}

Java Threads: ( => current thread )
  0x0000018b9d085a50 JavaThread "main"                              [_thread_blocked, id=223368, stack(0x0000002c7d900000,0x0000002c7da00000) (1024K)]
  0x0000018bbe9bb4e0 JavaThread "Reference Handler"          daemon [_thread_blocked, id=220004, stack(0x0000002c7e100000,0x0000002c7e200000) (1024K)]
  0x0000018bbe9bc400 JavaThread "Finalizer"                  daemon [_thread_blocked, id=211072, stack(0x0000002c7e200000,0x0000002c7e300000) (1024K)]
  0x0000018bbe9c14f0 JavaThread "Signal Dispatcher"          daemon [_thread_blocked, id=219408, stack(0x0000002c7e300000,0x0000002c7e400000) (1024K)]
  0x0000018bbe9c21d0 JavaThread "Attach Listener"            daemon [_thread_blocked, id=223584, stack(0x0000002c7e400000,0x0000002c7e500000) (1024K)]
  0x0000018bbe9c2c30 JavaThread "Service Thread"             daemon [_thread_blocked, id=223376, stack(0x0000002c7e500000,0x0000002c7e600000) (1024K)]
  0x0000018bbe9c8430 JavaThread "Monitor Deflation Thread"   daemon [_thread_blocked, id=223856, stack(0x0000002c7e600000,0x0000002c7e700000) (1024K)]
  0x0000018bbe9c9b10 JavaThread "C2 CompilerThread0"         daemon [_thread_blocked, id=217008, stack(0x0000002c7e700000,0x0000002c7e800000) (1024K)]
  0x0000018bbe9d45e0 JavaThread "C1 CompilerThread0"         daemon [_thread_blocked, id=222260, stack(0x0000002c7e800000,0x0000002c7e900000) (1024K)]
  0x0000018bbe98e450 JavaThread "Common-Cleaner"             daemon [_thread_blocked, id=222652, stack(0x0000002c7e900000,0x0000002c7ea00000) (1024K)]
  0x0000018bbec621e0 JavaThread "Notification Thread"        daemon [_thread_blocked, id=223704, stack(0x0000002c7eb00000,0x0000002c7ec00000) (1024K)]
  0x0000018c059e9790 JavaThread "Daemon health stats"               [_thread_blocked, id=220036, stack(0x0000002c7ec00000,0x0000002c7ed00000) (1024K)]
  0x0000018c059e2cb0 JavaThread "Incoming local TCP Connector on port 59401"        [_thread_in_native, id=222844, stack(0x0000002c7f200000,0x0000002c7f300000) (1024K)]
  0x0000018c04faf030 JavaThread "Daemon periodic checks"            [_thread_blocked, id=223348, stack(0x0000002c7f300000,0x0000002c7f400000) (1024K)]
  0x0000018c05a6edf0 JavaThread "Daemon"                            [_thread_blocked, id=222944, stack(0x0000002c7f400000,0x0000002c7f500000) (1024K)]
  0x0000018c05a6f460 JavaThread "Handler for socket connection from /127.0.0.1:59401 to /127.0.0.1:59403"        [_thread_in_native, id=223400, stack(0x0000002c7f500000,0x0000002c7f600000) (1024K)]
  0x0000018c05838370 JavaThread "Cancel handler"                    [_thread_blocked, id=223716, stack(0x0000002c7f600000,0x0000002c7f700000) (1024K)]
  0x0000018c05841570 JavaThread "Daemon worker"                     [_thread_blocked, id=216620, stack(0x0000002c7f700000,0x0000002c7f800000) (1024K)]
  0x0000018c05a40650 JavaThread "Asynchronous log dispatcher for DefaultDaemonConnection: socket connection from /127.0.0.1:59401 to /127.0.0.1:59403"        [_thread_blocked, id=215012, stack(0x0000002c7f800000,0x0000002c7f900000) (1024K)]
  0x0000018c05a41370 JavaThread "Stdin handler"                     [_thread_blocked, id=222788, stack(0x0000002c7f900000,0x0000002c7fa00000) (1024K)]
  0x0000018c05a41a00 JavaThread "Daemon client event forwarder"        [_thread_blocked, id=218444, stack(0x0000002c7fa00000,0x0000002c7fb00000) (1024K)]
  0x0000018c05a40ce0 JavaThread "Cache worker for journal cache (C:\Users\get\.gradle\caches\journal-1)"        [_thread_blocked, id=223068, stack(0x0000002c7fb00000,0x0000002c7fc00000) (1024K)]
  0x0000018c05a42090 JavaThread "File lock request listener"        [_thread_in_native, id=218212, stack(0x0000002c7fc00000,0x0000002c7fd00000) (1024K)]
  0x0000018c05a3f930 JavaThread "Cache worker for file hash cache (C:\Users\get\.gradle\caches\8.10.2\fileHashes)"        [_thread_blocked, id=223892, stack(0x0000002c7ea00000,0x0000002c7eb00000) (1024K)]
  0x0000018c08a2d800 JavaThread "Cache worker for file hash cache (C:\Users\get\Documents\GitHub\linkon_flutter\android\.gradle\8.10.2\fileHashes)"        [_thread_blocked, id=218164, stack(0x0000002c00200000,0x0000002c00300000) (1024K)]
  0x0000018c08a2b730 JavaThread "Cache worker for Build Output Cleanup Cache (C:\Users\get\Documents\GitHub\linkon_flutter\android\.gradle\buildOutputCleanup)"        [_thread_blocked, id=220996, stack(0x0000002c00300000,0x0000002c00400000) (1024K)]
  0x0000018c08a28940 JavaThread "File watcher server"        daemon [_thread_in_native, id=220100, stack(0x0000002c00400000,0x0000002c00500000) (1024K)]
  0x0000018c08a2b0a0 JavaThread "File watcher consumer"      daemon [_thread_blocked, id=222832, stack(0x0000002c00500000,0x0000002c00600000) (1024K)]
  0x0000018c08a28fd0 JavaThread "Cache worker for checksums cache (C:\Users\get\Documents\GitHub\linkon_flutter\android\.gradle\8.10.2\checksums)"        [_thread_blocked, id=222700, stack(0x0000002c00000000,0x0000002c00100000) (1024K)]
  0x0000018c08a282b0 JavaThread "Cache worker for file content cache (C:\Users\get\.gradle\caches\8.10.2\fileContent)"        [_thread_blocked, id=221432, stack(0x0000002c00700000,0x0000002c00800000) (1024K)]
  0x0000018c08a29cf0 JavaThread "Cache worker for cache directory md-rule (C:\Users\get\.gradle\caches\8.10.2\md-rule)"        [_thread_blocked, id=223372, stack(0x0000002c00800000,0x0000002c00900000) (1024K)]
  0x0000018c08a2c450 JavaThread "Cache worker for cache directory md-supplier (C:\Users\get\.gradle\caches\8.10.2\md-supplier)"        [_thread_blocked, id=224228, stack(0x0000002c00600000,0x0000002c00700000) (1024K)]
  0x0000018c08a2de90 JavaThread "jar transforms"                    [_thread_blocked, id=222792, stack(0x0000002c00b00000,0x0000002c00c00000) (1024K)]
  0x0000018c08a2aa10 JavaThread "Cache worker for Build Output Cleanup Cache (C:\src\flutter\packages\flutter_tools\gradle\.gradle\buildOutputCleanup)"        [_thread_blocked, id=222588, stack(0x0000002c00c00000,0x0000002c00d00000) (1024K)]
  0x0000018c0ad7c2f0 JavaThread "Memory manager"                    [_thread_blocked, id=216412, stack(0x0000002c00a00000,0x0000002c00b00000) (1024K)]
  0x0000018c0ad7dd30 JavaThread "Execution worker"                  [_thread_blocked, id=223800, stack(0x0000002c00e00000,0x0000002c00f00000) (1024K)]
  0x0000018c0ad80490 JavaThread "Execution worker Thread 2"         [_thread_blocked, id=219216, stack(0x0000002c00f00000,0x0000002c01000000) (1024K)]
  0x0000018c0ad811b0 JavaThread "Execution worker Thread 3"         [_thread_blocked, id=224128, stack(0x0000002c01000000,0x0000002c01100000) (1024K)]
  0x0000018c082e8920 JavaThread "Execution worker Thread 4"         [_thread_blocked, id=224124, stack(0x0000002c01100000,0x0000002c01200000) (1024K)]
  0x0000018c082e4e10 JavaThread "Execution worker Thread 5"         [_thread_blocked, id=215176, stack(0x0000002c01200000,0x0000002c01300000) (1024K)]
  0x0000018c082e61c0 JavaThread "Execution worker Thread 6"         [_thread_blocked, id=219616, stack(0x0000002c01300000,0x0000002c01400000) (1024K)]
  0x0000018c082e54a0 JavaThread "Execution worker Thread 7"         [_thread_blocked, id=221592, stack(0x0000002c01400000,0x0000002c01500000) (1024K)]
  0x0000018c082e5b30 JavaThread "Cache worker for execution history cache (C:\src\flutter\packages\flutter_tools\gradle\.gradle\8.10.2\executionHistory)"        [_thread_blocked, id=223524, stack(0x0000002c01500000,0x0000002c01600000) (1024K)]
  0x0000018c082e8290 JavaThread "Unconstrained build operations"        [_thread_blocked, id=222708, stack(0x0000002c01600000,0x0000002c01700000) (1024K)]
  0x0000018c082e33d0 JavaThread "Unconstrained build operations Thread 2"        [_thread_blocked, id=218768, stack(0x0000002c01700000,0x0000002c01800000) (1024K)]
  0x0000018c082e40f0 JavaThread "Unconstrained build operations Thread 3"        [_thread_blocked, id=220688, stack(0x0000002c01800000,0x0000002c01900000) (1024K)]
  0x0000018c082e8fb0 JavaThread "Unconstrained build operations Thread 4"        [_thread_blocked, id=223792, stack(0x0000002c01900000,0x0000002c01a00000) (1024K)]
  0x0000018c082e6ee0 JavaThread "Unconstrained build operations Thread 5"        [_thread_blocked, id=219248, stack(0x0000002c01a00000,0x0000002c01b00000) (1024K)]
  0x0000018c082e7c00 JavaThread "Unconstrained build operations Thread 6"        [_thread_blocked, id=218296, stack(0x0000002c01b00000,0x0000002c01c00000) (1024K)]
  0x0000018c082e2020 JavaThread "Unconstrained build operations Thread 7"        [_thread_blocked, id=222360, stack(0x0000002c01c00000,0x0000002c01d00000) (1024K)]
  0x0000018c082e4780 JavaThread "Unconstrained build operations Thread 8"        [_thread_blocked, id=220556, stack(0x0000002c01d00000,0x0000002c01e00000) (1024K)]
  0x0000018c082e26b0 JavaThread "Unconstrained build operations Thread 9"        [_thread_blocked, id=219788, stack(0x0000002c01e00000,0x0000002c01f00000) (1024K)]
  0x0000018c082e3a60 JavaThread "Unconstrained build operations Thread 10"        [_thread_blocked, id=224240, stack(0x0000002c01f00000,0x0000002c02000000) (1024K)]
  0x0000018c082e6850 JavaThread "Unconstrained build operations Thread 11"        [_thread_blocked, id=192216, stack(0x0000002c02000000,0x0000002c02100000) (1024K)]
  0x0000018c082e9640 JavaThread "Unconstrained build operations Thread 12"        [_thread_blocked, id=222480, stack(0x0000002c02100000,0x0000002c02200000) (1024K)]
  0x0000018c082e2d40 JavaThread "Unconstrained build operations Thread 13"        [_thread_blocked, id=219468, stack(0x0000002c02200000,0x0000002c02300000) (1024K)]
  0x0000018c082e7570 JavaThread "Unconstrained build operations Thread 14"        [_thread_blocked, id=223080, stack(0x0000002c02300000,0x0000002c02400000) (1024K)]
  0x0000018c049edc90 JavaThread "Unconstrained build operations Thread 15"        [_thread_blocked, id=220340, stack(0x0000002c02400000,0x0000002c02500000) (1024K)]
  0x0000018c049ec250 JavaThread "Unconstrained build operations Thread 16"        [_thread_blocked, id=222524, stack(0x0000002c02500000,0x0000002c02600000) (1024K)]
  0x0000018c049e6d00 JavaThread "Unconstrained build operations Thread 17"        [_thread_blocked, id=219892, stack(0x0000002c02600000,0x0000002c02700000) (1024K)]
  0x0000018c049eb530 JavaThread "Unconstrained build operations Thread 18"        [_thread_blocked, id=223276, stack(0x0000002c02700000,0x0000002c02800000) (1024K)]
  0x0000018c049ebbc0 JavaThread "Unconstrained build operations Thread 19"        [_thread_blocked, id=223028, stack(0x0000002c02800000,0x0000002c02900000) (1024K)]
  0x0000018c049ea180 JavaThread "Unconstrained build operations Thread 20"        [_thread_blocked, id=223104, stack(0x0000002c02900000,0x0000002c02a00000) (1024K)]
  0x0000018c049eaea0 JavaThread "Unconstrained build operations Thread 21"        [_thread_blocked, id=221464, stack(0x0000002c02a00000,0x0000002c02b00000) (1024K)]
  0x0000018c049e7390 JavaThread "Unconstrained build operations Thread 22"        [_thread_blocked, id=210308, stack(0x0000002c02b00000,0x0000002c02c00000) (1024K)]
  0x0000018c049e80b0 JavaThread "Unconstrained build operations Thread 23"        [_thread_blocked, id=223280, stack(0x0000002c02c00000,0x0000002c02d00000) (1024K)]
  0x0000018c049ecf70 JavaThread "Unconstrained build operations Thread 24"        [_thread_blocked, id=220040, stack(0x0000002c02d00000,0x0000002c02e00000) (1024K)]
  0x0000018c049e7a20 JavaThread "Unconstrained build operations Thread 25"        [_thread_blocked, id=218316, stack(0x0000002c02e00000,0x0000002c02f00000) (1024K)]
  0x0000018c049e8740 JavaThread "Unconstrained build operations Thread 26"        [_thread_blocked, id=223948, stack(0x0000002c02f00000,0x0000002c03000000) (1024K)]
  0x0000018c049e8dd0 JavaThread "Unconstrained build operations Thread 27"        [_thread_blocked, id=224120, stack(0x0000002c03000000,0x0000002c03100000) (1024K)]
  0x0000018c049e9460 JavaThread "Unconstrained build operations Thread 28"        [_thread_blocked, id=223928, stack(0x0000002c03100000,0x0000002c03200000) (1024K)]
  0x0000018c0a256000 JavaThread "jar transforms Thread 2"           [_thread_blocked, id=223396, stack(0x0000002c00900000,0x0000002c00a00000) (1024K)]
  0x0000018c0a252b80 JavaThread "jar transforms Thread 3"           [_thread_blocked, id=222400, stack(0x0000002c03200000,0x0000002c03300000) (1024K)]
  0x0000018c0a2545c0 JavaThread "jar transforms Thread 4"           [_thread_blocked, id=223248, stack(0x0000002c03400000,0x0000002c03500000) (1024K)]
  0x0000018c0a2538a0 JavaThread "jar transforms Thread 5"           [_thread_blocked, id=216796, stack(0x0000002c03500000,0x0000002c03600000) (1024K)]
  0x0000018c0a253f30 JavaThread "jar transforms Thread 6"           [_thread_blocked, id=221944, stack(0x0000002c03600000,0x0000002c03700000) (1024K)]
  0x0000018c0a2552e0 JavaThread "jar transforms Thread 7"           [_thread_blocked, id=214740, stack(0x0000002c03800000,0x0000002c03900000) (1024K)]
  0x0000018c0a24f070 JavaThread "File lock release action executor"        [_thread_blocked, id=224432, stack(0x0000002c03300000,0x0000002c03400000) (1024K)]
  0x0000018c0ade0520 JavaThread "build event listener"              [_thread_blocked, id=224552, stack(0x0000002c03900000,0x0000002c03a00000) (1024K)]
  0x0000018c0adde450 JavaThread "jar transforms Thread 8"           [_thread_blocked, id=224800, stack(0x0000002c03a00000,0x0000002c03b00000) (1024K)]
  0x0000018c0addeae0 JavaThread "Unconstrained build operations Thread 29"        [_thread_blocked, id=224908, stack(0x0000002c03b00000,0x0000002c03c00000) (1024K)]
  0x0000018c0ade0bb0 JavaThread "Unconstrained build operations Thread 30"        [_thread_blocked, id=224912, stack(0x0000002c03c00000,0x0000002c03d00000) (1024K)]
  0x0000018c0addca10 JavaThread "Unconstrained build operations Thread 31"        [_thread_blocked, id=224916, stack(0x0000002c03d00000,0x0000002c03e00000) (1024K)]
  0x0000018c0addafd0 JavaThread "Unconstrained build operations Thread 32"        [_thread_blocked, id=224920, stack(0x0000002c03e00000,0x0000002c03f00000) (1024K)]
  0x0000018c0addfe90 JavaThread "Unconstrained build operations Thread 33"        [_thread_blocked, id=224924, stack(0x0000002c03f00000,0x0000002c04000000) (1024K)]
  0x0000018c0addf170 JavaThread "Unconstrained build operations Thread 34"        [_thread_blocked, id=224928, stack(0x0000002c04000000,0x0000002c04100000) (1024K)]
  0x0000018c0ade18d0 JavaThread "Unconstrained build operations Thread 35"        [_thread_blocked, id=224932, stack(0x0000002c04100000,0x0000002c04200000) (1024K)]
  0x0000018c0ade25f0 JavaThread "Unconstrained build operations Thread 36"        [_thread_blocked, id=224944, stack(0x0000002c04200000,0x0000002c04300000) (1024K)]
  0x0000018c0addc380 JavaThread "Unconstrained build operations Thread 37"        [_thread_blocked, id=224948, stack(0x0000002c04300000,0x0000002c04400000) (1024K)]
  0x0000018c0a255970 JavaThread "Unconstrained build operations Thread 38"        [_thread_blocked, id=224952, stack(0x0000002c04400000,0x0000002c04500000) (1024K)]
  0x0000018c0a250420 JavaThread "Unconstrained build operations Thread 39"        [_thread_blocked, id=224956, stack(0x0000002c04500000,0x0000002c04600000) (1024K)]
  0x0000018c0a251e60 JavaThread "Unconstrained build operations Thread 40"        [_thread_blocked, id=224960, stack(0x0000002c04600000,0x0000002c04700000) (1024K)]
  0x0000018c08a2a380 JavaThread "Unconstrained build operations Thread 41"        [_thread_blocked, id=224964, stack(0x0000002c04700000,0x0000002c04800000) (1024K)]
  0x0000018c09a5f490 JavaThread "Unconstrained build operations Thread 42"        [_thread_blocked, id=224968, stack(0x0000002c04800000,0x0000002c04900000) (1024K)]
  0x0000018c09a601b0 JavaThread "Unconstrained build operations Thread 43"        [_thread_blocked, id=224972, stack(0x0000002c04900000,0x0000002c04a00000) (1024K)]
  0x0000018c09a5e770 JavaThread "Unconstrained build operations Thread 44"        [_thread_blocked, id=224976, stack(0x0000002c04a00000,0x0000002c04b00000) (1024K)]
  0x0000018c09a5d3c0 JavaThread "Unconstrained build operations Thread 45"        [_thread_blocked, id=224980, stack(0x0000002c04b00000,0x0000002c04c00000) (1024K)]
  0x0000018c09a5b980 JavaThread "Unconstrained build operations Thread 46"        [_thread_blocked, id=224984, stack(0x0000002c04c00000,0x0000002c04d00000) (1024K)]
  0x0000018c09a598b0 JavaThread "Unconstrained build operations Thread 47"        [_thread_blocked, id=224988, stack(0x0000002c04d00000,0x0000002c04e00000) (1024K)]
  0x0000018c09a5ee00 JavaThread "Unconstrained build operations Thread 48"        [_thread_blocked, id=224992, stack(0x0000002c04e00000,0x0000002c04f00000) (1024K)]
  0x0000018c09a5c6a0 JavaThread "Unconstrained build operations Thread 49"        [_thread_blocked, id=224996, stack(0x0000002c04f00000,0x0000002c05000000) (1024K)]
  0x0000018c075c3a70 JavaThread "Unconstrained build operations Thread 50"        [_thread_blocked, id=224372, stack(0x0000002c05000000,0x0000002c05100000) (1024K)]
  0x0000018c075c6860 JavaThread "Unconstrained build operations Thread 51"        [_thread_blocked, id=224368, stack(0x0000002c05100000,0x0000002c05200000) (1024K)]
  0x0000018c075c4100 JavaThread "Unconstrained build operations Thread 52"        [_thread_blocked, id=224380, stack(0x0000002c05200000,0x0000002c05300000) (1024K)]
  0x0000018c075c7580 JavaThread "Unconstrained build operations Thread 53"        [_thread_blocked, id=224376, stack(0x0000002c05300000,0x0000002c05400000) (1024K)]
  0x0000018c075c4790 JavaThread "Unconstrained build operations Thread 54"        [_thread_blocked, id=224340, stack(0x0000002c05400000,0x0000002c05500000) (1024K)]
  0x0000018c075c1310 JavaThread "Unconstrained build operations Thread 55"        [_thread_blocked, id=224304, stack(0x0000002c05500000,0x0000002c05600000) (1024K)]
  0x0000018c075c4e20 JavaThread "Unconstrained build operations Thread 56"        [_thread_blocked, id=224324, stack(0x0000002c05600000,0x0000002c05700000) (1024K)]
  0x0000018c075c54b0 JavaThread "Unconstrained build operations Thread 57"        [_thread_blocked, id=224364, stack(0x0000002c05700000,0x0000002c05800000) (1024K)]
  0x0000018c075c5b40 JavaThread "Unconstrained build operations Thread 58"        [_thread_blocked, id=224344, stack(0x0000002c05800000,0x0000002c05900000) (1024K)]
  0x0000018c075c6ef0 JavaThread "Unconstrained build operations Thread 59"        [_thread_blocked, id=224316, stack(0x0000002c05900000,0x0000002c05a00000) (1024K)]
  0x0000018c075c19a0 JavaThread "Unconstrained build operations Thread 60"        [_thread_blocked, id=224300, stack(0x0000002c05a00000,0x0000002c05b00000) (1024K)]
  0x0000018c075c61d0 JavaThread "Unconstrained build operations Thread 61"        [_thread_blocked, id=219348, stack(0x0000002c05b00000,0x0000002c05c00000) (1024K)]
  0x0000018c075c33e0 JavaThread "Unconstrained build operations Thread 62"        [_thread_blocked, id=221752, stack(0x0000002c05c00000,0x0000002c05d00000) (1024K)]
  0x0000018c075c7c10 JavaThread "Unconstrained build operations Thread 63"        [_thread_blocked, id=223728, stack(0x0000002c05d00000,0x0000002c05e00000) (1024K)]
  0x0000018c075cd160 JavaThread "Unconstrained build operations Thread 64"        [_thread_blocked, id=222500, stack(0x0000002c03700000,0x0000002c03800000) (1024K)]
  0x0000018c075caa00 JavaThread "Unconstrained build operations Thread 65"        [_thread_blocked, id=221564, stack(0x0000002c05e00000,0x0000002c05f00000) (1024K)]
  0x0000018c075ca370 JavaThread "Unconstrained build operations Thread 66"        [_thread_blocked, id=224000, stack(0x0000002c05f00000,0x0000002c06000000) (1024K)]
  0x0000018c075cc440 JavaThread "Unconstrained build operations Thread 67"        [_thread_blocked, id=224024, stack(0x0000002c06000000,0x0000002c06100000) (1024K)]
  0x0000018c075cd7f0 JavaThread "Unconstrained build operations Thread 68"        [_thread_blocked, id=223532, stack(0x0000002c06100000,0x0000002c06200000) (1024K)]
  0x0000018c075ce510 JavaThread "Unconstrained build operations Thread 69"        [_thread_blocked, id=216684, stack(0x0000002c06200000,0x0000002c06300000) (1024K)]
  0x0000018c075cf8c0 JavaThread "Unconstrained build operations Thread 70"        [_thread_blocked, id=224444, stack(0x0000002c06300000,0x0000002c06400000) (1024K)]
  0x0000018c075c8930 JavaThread "Unconstrained build operations Thread 71"        [_thread_blocked, id=219416, stack(0x0000002c06400000,0x0000002c06500000) (1024K)]
  0x0000018c075c9650 JavaThread "Unconstrained build operations Thread 72"        [_thread_blocked, id=224940, stack(0x0000002c06500000,0x0000002c06600000) (1024K)]
  0x0000018c075c9ce0 JavaThread "Unconstrained build operations Thread 73"        [_thread_blocked, id=224440, stack(0x0000002c06600000,0x0000002c06700000) (1024K)]
  0x0000018c075c2d50 JavaThread "Unconstrained build operations Thread 74"        [_thread_blocked, id=223256, stack(0x0000002c06700000,0x0000002c06800000) (1024K)]
  0x0000018c075cf230 JavaThread "Unconstrained build operations Thread 75"        [_thread_blocked, id=218408, stack(0x0000002c06800000,0x0000002c06900000) (1024K)]
  0x0000018c075ceba0 JavaThread "Unconstrained build operations Thread 76"        [_thread_blocked, id=212580, stack(0x0000002c06900000,0x0000002c06a00000) (1024K)]
  0x0000018c075cff50 JavaThread "Unconstrained build operations Thread 77"        [_thread_blocked, id=220724, stack(0x0000002c06a00000,0x0000002c06b00000) (1024K)]
  0x0000018c075cb720 JavaThread "Unconstrained build operations Thread 78"        [_thread_blocked, id=221228, stack(0x0000002c06b00000,0x0000002c06c00000) (1024K)]
  0x0000018c075cbdb0 JavaThread "Unconstrained build operations Thread 79"        [_thread_blocked, id=210316, stack(0x0000002c06c00000,0x0000002c06d00000) (1024K)]
  0x0000018c075ccad0 JavaThread "Unconstrained build operations Thread 80"        [_thread_blocked, id=220456, stack(0x0000002c06d00000,0x0000002c06e00000) (1024K)]
Total: 132

Other Threads:
=>0x0000018bbe9a2a80 VMThread "VM Thread"                           [id=210828, stack(0x0000002c7e000000,0x0000002c7e100000) (1024K)]
  0x0000018bbe98d890 WatcherThread "VM Periodic Task Thread"        [id=217156, stack(0x0000002c7df00000,0x0000002c7e000000) (1024K)]
  0x0000018b9f41d0a0 WorkerThread "GC Thread#0"                     [id=223652, stack(0x0000002c7da00000,0x0000002c7db00000) (1024K)]
  0x0000018bbe9a3940 WorkerThread "GC Thread#1"                     [id=223932, stack(0x0000002c7ed00000,0x0000002c7ee00000) (1024K)]
  0x0000018bbe9a26d0 WorkerThread "GC Thread#2"                     [id=222732, stack(0x0000002c7ee00000,0x0000002c7ef00000) (1024K)]
  0x0000018bbedfa0b0 WorkerThread "GC Thread#3"                     [id=222780, stack(0x0000002c7ef00000,0x0000002c7f000000) (1024K)]
  0x0000018bbedf8330 WorkerThread "GC Thread#4"                     [id=223328, stack(0x0000002c7f000000,0x0000002c7f100000) (1024K)]
  0x0000018bbedf8a90 WorkerThread "GC Thread#5"                     [id=210636, stack(0x0000002c7f100000,0x0000002c7f200000) (1024K)]
  0x0000018bbedfa810 WorkerThread "GC Thread#6"                     [id=222688, stack(0x0000002c7fe00000,0x0000002c7ff00000) (1024K)]
  0x0000018bbedf7bd0 WorkerThread "GC Thread#7"                     [id=222356, stack(0x0000002c7ff00000,0x0000002c80000000) (1024K)]
  0x0000018b9f434170 ConcurrentGCThread "G1 Main Marker"            [id=216348, stack(0x0000002c7db00000,0x0000002c7dc00000) (1024K)]
  0x0000018b9f434d40 WorkerThread "G1 Conc#0"                       [id=213336, stack(0x0000002c7dc00000,0x0000002c7dd00000) (1024K)]
  0x0000018c087cb5f0 WorkerThread "G1 Conc#1"                       [id=220756, stack(0x0000002c00100000,0x0000002c00200000) (1024K)]
  0x0000018bbe8620c0 ConcurrentGCThread "G1 Refine#0"               [id=221508, stack(0x0000002c7dd00000,0x0000002c7de00000) (1024K)]
  0x0000018bbe862b50 ConcurrentGCThread "G1 Service"                [id=224064, stack(0x0000002c7de00000,0x0000002c7df00000) (1024K)]
Total: 15

Threads with active compile tasks:
Total: 0

VM state: at safepoint (normal execution)

VM Mutex/Monitor currently owned by a thread:  ([mutex/lock_event])
[0x00007ff8ba203910] Threads_lock - owner thread: 0x0000018bbe9a2a80
[0x00007ff8ba203a10] Heap_lock - owner thread: 0x0000018c05841570

Heap address: 0x0000000700000000, size: 4096 MB, Compressed Oops mode: Zero based, Oop shift amount: 3

CDS archive(s) mapped at: [0x0000018bbf000000-0x0000018bbfd70000-0x0000018bbfd70000), size 14090240, SharedBaseAddress: 0x0000018bbf000000, ArchiveRelocationMode: 1.
Compressed class space mapped at: 0x0000018bc0000000-0x0000018c00000000, reserved size: 1073741824
Narrow klass base: 0x0000018bbf000000, Narrow klass shift: 0, Narrow klass range: 0x41000000

GC Precious Log:
 CardTable entry size: 512
 Card Set container configuration: InlinePtr #cards 4 size 8 Array Of Cards #cards 16 size 48 Howl #buckets 8 coarsen threshold 3686 Howl Bitmap #cards 512 size 80 coarsen threshold 460 Card regions per heap region 1 cards per card region 4096
 CPUs: 8 total, 8 available
 Memory: 7976M
 Large Page Support: Disabled
 NUMA Support: Disabled
 Compressed Oops: Enabled (Zero based)
 Heap Region Size: 2M
 Heap Min Capacity: 8M
 Heap Initial Capacity: 126M
 Heap Max Capacity: 4G
 Pre-touch: Disabled
 Parallel Workers: 8
 Concurrent Workers: 2
 Concurrent Refinement Workers: 8
 Periodic GC: Disabled

Heap:
 garbage-first heap   total reserved 4194304K, committed 397312K, used 245405K [0x0000000700000000, 0x0000000800000000)
  region size 2048K, 2 young (4096K), 2 survivors (4096K)
 Metaspace       used 100882K, committed 103680K, reserved 1179648K
  class space    used 14655K, committed 15872K, reserved 1048576K

Heap Regions: E=young(eden), S=young(survivor), O=old, HS=humongous(starts), HC=humongous(continues), CS=collection set, F=free, TAMS=top-at-mark-start, PB=parsable bottom
|   0|0x0000000700000000, 0x0000000700200000, 0x0000000700200000|100%|HS|  |TAMS 0x0000000700200000| PB 0x0000000700000000| Complete |  0
|   1|0x0000000700200000, 0x0000000700400000, 0x0000000700400000|100%|HC|  |TAMS 0x0000000700400000| PB 0x0000000700200000| Complete |  0
|   2|0x0000000700400000, 0x0000000700600000, 0x0000000700600000|100%| O|  |TAMS 0x0000000700600000| PB 0x0000000700400000| Untracked |  0
|   3|0x0000000700600000, 0x0000000700800000, 0x0000000700800000|100%| O|  |TAMS 0x0000000700800000| PB 0x0000000700600000| Untracked |  0
|   4|0x0000000700800000, 0x0000000700a00000, 0x0000000700a00000|100%| O|  |TAMS 0x0000000700a00000| PB 0x0000000700800000| Untracked |  0
|   5|0x0000000700a00000, 0x0000000700c00000, 0x0000000700c00000|100%| O|  |TAMS 0x0000000700c00000| PB 0x0000000700a00000| Untracked |  0
|   6|0x0000000700c00000, 0x0000000700e00000, 0x0000000700e00000|100%| O|  |TAMS 0x0000000700e00000| PB 0x0000000700c00000| Untracked |  0
|   7|0x0000000700e00000, 0x0000000701000000, 0x0000000701000000|100%| O|  |TAMS 0x0000000701000000| PB 0x0000000700e00000| Untracked |  0
|   8|0x0000000701000000, 0x0000000701200000, 0x0000000701200000|100%| O|  |TAMS 0x0000000701200000| PB 0x0000000701000000| Untracked |  0
|   9|0x0000000701200000, 0x0000000701400000, 0x0000000701400000|100%| O|  |TAMS 0x0000000701400000| PB 0x0000000701200000| Untracked |  0
|  10|0x0000000701400000, 0x0000000701600000, 0x0000000701600000|100%| O|  |TAMS 0x0000000701600000| PB 0x0000000701400000| Untracked |  0
|  11|0x0000000701600000, 0x0000000701800000, 0x0000000701800000|100%| O|  |TAMS 0x0000000701800000| PB 0x0000000701600000| Untracked |  0
|  12|0x0000000701800000, 0x0000000701a00000, 0x0000000701a00000|100%| O|  |TAMS 0x0000000701a00000| PB 0x0000000701800000| Untracked |  0
|  13|0x0000000701a00000, 0x0000000701c00000, 0x0000000701c00000|100%| O|  |TAMS 0x0000000701c00000| PB 0x0000000701a00000| Untracked |  0
|  14|0x0000000701c00000, 0x0000000701e00000, 0x0000000701e00000|100%| O|  |TAMS 0x0000000701e00000| PB 0x0000000701c00000| Untracked |  0
|  15|0x0000000701e00000, 0x0000000702000000, 0x0000000702000000|100%| O|  |TAMS 0x0000000702000000| PB 0x0000000701e00000| Untracked |  0
|  16|0x0000000702000000, 0x0000000702200000, 0x0000000702200000|100%| O|  |TAMS 0x0000000702200000| PB 0x0000000702000000| Untracked |  0
|  17|0x0000000702200000, 0x0000000702400000, 0x0000000702400000|100%| O|  |TAMS 0x0000000702400000| PB 0x0000000702200000| Untracked |  0
|  18|0x0000000702400000, 0x0000000702600000, 0x0000000702600000|100%| O|  |TAMS 0x0000000702600000| PB 0x0000000702400000| Untracked |  0
|  19|0x0000000702600000, 0x0000000702800000, 0x0000000702800000|100%| O|  |TAMS 0x0000000702800000| PB 0x0000000702600000| Untracked |  0
|  20|0x0000000702800000, 0x0000000702a00000, 0x0000000702a00000|100%| O|  |TAMS 0x0000000702a00000| PB 0x0000000702800000| Untracked |  0
|  21|0x0000000702a00000, 0x0000000702c00000, 0x0000000702c00000|100%| O|  |TAMS 0x0000000702c00000| PB 0x0000000702a00000| Untracked |  0
|  22|0x0000000702c00000, 0x0000000702e00000, 0x0000000702e00000|100%| O|  |TAMS 0x0000000702e00000| PB 0x0000000702c00000| Untracked |  0
|  23|0x0000000702e00000, 0x0000000703000000, 0x0000000703000000|100%|HS|  |TAMS 0x0000000703000000| PB 0x0000000702e00000| Complete |  0
|  24|0x0000000703000000, 0x0000000703200000, 0x0000000703200000|100%|HS|  |TAMS 0x0000000703200000| PB 0x0000000703000000| Complete |  0
|  25|0x0000000703200000, 0x0000000703400000, 0x0000000703400000|100%| O|  |TAMS 0x0000000703400000| PB 0x0000000703200000| Untracked |  0
|  26|0x0000000703400000, 0x0000000703600000, 0x0000000703600000|100%| O|  |TAMS 0x0000000703600000| PB 0x0000000703400000| Untracked |  0
|  27|0x0000000703600000, 0x0000000703800000, 0x0000000703800000|100%| O|  |TAMS 0x0000000703800000| PB 0x0000000703600000| Untracked |  0
|  28|0x0000000703800000, 0x0000000703a00000, 0x0000000703a00000|100%| O|  |TAMS 0x0000000703a00000| PB 0x0000000703800000| Untracked |  0
|  29|0x0000000703a00000, 0x0000000703c00000, 0x0000000703c00000|100%| O|  |TAMS 0x0000000703c00000| PB 0x0000000703a00000| Untracked |  0
|  30|0x0000000703c00000, 0x0000000703e00000, 0x0000000703e00000|100%| O|  |TAMS 0x0000000703e00000| PB 0x0000000703c00000| Untracked |  0
|  31|0x0000000703e00000, 0x0000000704000000, 0x0000000704000000|100%| O|  |TAMS 0x0000000704000000| PB 0x0000000703e00000| Untracked |  0
|  32|0x0000000704000000, 0x0000000704200000, 0x0000000704200000|100%|HS|  |TAMS 0x0000000704200000| PB 0x0000000704000000| Complete |  0
|  33|0x0000000704200000, 0x0000000704400000, 0x0000000704400000|100%|HC|  |TAMS 0x0000000704400000| PB 0x0000000704200000| Complete |  0
|  34|0x0000000704400000, 0x0000000704600000, 0x0000000704600000|100%| O|  |TAMS 0x0000000704600000| PB 0x0000000704400000| Untracked |  0
|  35|0x0000000704600000, 0x0000000704800000, 0x0000000704800000|100%| O|  |TAMS 0x0000000704800000| PB 0x0000000704600000| Untracked |  0
|  36|0x0000000704800000, 0x0000000704a00000, 0x0000000704a00000|100%| O|  |TAMS 0x0000000704a00000| PB 0x0000000704800000| Untracked |  0
|  37|0x0000000704a00000, 0x0000000704c00000, 0x0000000704c00000|100%| O|  |TAMS 0x0000000704c00000| PB 0x0000000704a00000| Untracked |  0
|  38|0x0000000704c00000, 0x0000000704e00000, 0x0000000704e00000|100%| O|  |TAMS 0x0000000704e00000| PB 0x0000000704c00000| Untracked |  0
|  39|0x0000000704e00000, 0x0000000705000000, 0x0000000705000000|100%| O|  |TAMS 0x0000000705000000| PB 0x0000000704e00000| Untracked |  0
|  40|0x0000000705000000, 0x0000000705200000, 0x0000000705200000|100%| O|  |TAMS 0x0000000705200000| PB 0x0000000705000000| Untracked |  0
|  41|0x0000000705200000, 0x0000000705400000, 0x0000000705400000|100%| O|  |TAMS 0x0000000705400000| PB 0x0000000705200000| Untracked |  0
|  42|0x0000000705400000, 0x0000000705600000, 0x0000000705600000|100%|HS|  |TAMS 0x0000000705600000| PB 0x0000000705400000| Complete |  0
|  43|0x0000000705600000, 0x0000000705800000, 0x0000000705800000|100%|HC|  |TAMS 0x0000000705800000| PB 0x0000000705600000| Complete |  0
|  44|0x0000000705800000, 0x0000000705a00000, 0x0000000705a00000|100%| O|  |TAMS 0x0000000705a00000| PB 0x0000000705800000| Untracked |  0
|  45|0x0000000705a00000, 0x0000000705c00000, 0x0000000705c00000|100%| O|  |TAMS 0x0000000705c00000| PB 0x0000000705a00000| Untracked |  0
|  46|0x0000000705c00000, 0x0000000705e00000, 0x0000000705e00000|100%| O|  |TAMS 0x0000000705e00000| PB 0x0000000705c00000| Untracked |  0
|  47|0x0000000705e00000, 0x0000000706000000, 0x0000000706000000|100%| O|  |TAMS 0x0000000706000000| PB 0x0000000705e00000| Untracked |  0
|  48|0x0000000706000000, 0x0000000706200000, 0x0000000706200000|100%| O|  |TAMS 0x0000000706200000| PB 0x0000000706000000| Untracked |  0
|  49|0x0000000706200000, 0x0000000706400000, 0x0000000706400000|100%| O|  |TAMS 0x0000000706400000| PB 0x0000000706200000| Untracked |  0
|  50|0x0000000706400000, 0x0000000706600000, 0x0000000706600000|100%|HS|  |TAMS 0x0000000706600000| PB 0x0000000706400000| Complete |  0
|  51|0x0000000706600000, 0x0000000706800000, 0x0000000706800000|100%|HC|  |TAMS 0x0000000706800000| PB 0x0000000706600000| Complete |  0
|  52|0x0000000706800000, 0x0000000706a00000, 0x0000000706a00000|100%|HS|  |TAMS 0x0000000706a00000| PB 0x0000000706800000| Complete |  0
|  53|0x0000000706a00000, 0x0000000706c00000, 0x0000000706c00000|100%| O|  |TAMS 0x0000000706c00000| PB 0x0000000706a00000| Untracked |  0
|  54|0x0000000706c00000, 0x0000000706e00000, 0x0000000706e00000|100%| O|  |TAMS 0x0000000706e00000| PB 0x0000000706c00000| Untracked |  0
|  55|0x0000000706e00000, 0x0000000707000000, 0x0000000707000000|100%| O|  |TAMS 0x0000000707000000| PB 0x0000000706e00000| Untracked |  0
|  56|0x0000000707000000, 0x0000000707200000, 0x0000000707200000|100%| O|  |TAMS 0x0000000707200000| PB 0x0000000707000000| Untracked |  0
|  57|0x0000000707200000, 0x0000000707400000, 0x0000000707400000|100%| O|  |TAMS 0x0000000707400000| PB 0x0000000707200000| Untracked |  0
|  58|0x0000000707400000, 0x0000000707600000, 0x0000000707600000|100%| O|  |TAMS 0x0000000707600000| PB 0x0000000707400000| Untracked |  0
|  59|0x0000000707600000, 0x0000000707800000, 0x0000000707800000|100%| O|  |TAMS 0x0000000707800000| PB 0x0000000707600000| Untracked |  0
|  60|0x0000000707800000, 0x0000000707a00000, 0x0000000707a00000|100%| O|  |TAMS 0x0000000707a00000| PB 0x0000000707800000| Untracked |  0
|  61|0x0000000707a00000, 0x0000000707c00000, 0x0000000707c00000|100%| O|  |TAMS 0x0000000707c00000| PB 0x0000000707a00000| Untracked |  0
|  62|0x0000000707c00000, 0x0000000707e00000, 0x0000000707e00000|100%| O|  |TAMS 0x0000000707e00000| PB 0x0000000707c00000| Untracked |  0
|  63|0x0000000707e00000, 0x0000000708000000, 0x0000000708000000|100%| O|  |TAMS 0x0000000708000000| PB 0x0000000707e00000| Untracked |  0
|  64|0x0000000708000000, 0x0000000708200000, 0x0000000708200000|100%| O|  |TAMS 0x0000000708200000| PB 0x0000000708000000| Untracked |  0
|  65|0x0000000708200000, 0x0000000708400000, 0x0000000708400000|100%| O|  |TAMS 0x0000000708400000| PB 0x0000000708200000| Untracked |  0
|  66|0x0000000708400000, 0x0000000708600000, 0x0000000708600000|100%| O|  |TAMS 0x0000000708600000| PB 0x0000000708400000| Untracked |  0
|  67|0x0000000708600000, 0x0000000708800000, 0x0000000708800000|100%| O|  |TAMS 0x0000000708800000| PB 0x0000000708600000| Untracked |  0
|  68|0x0000000708800000, 0x0000000708a00000, 0x0000000708a00000|100%| O|  |TAMS 0x0000000708a00000| PB 0x0000000708800000| Untracked |  0
|  69|0x0000000708a00000, 0x0000000708c00000, 0x0000000708c00000|100%| O|  |TAMS 0x0000000708c00000| PB 0x0000000708a00000| Untracked |  0
|  70|0x0000000708c00000, 0x0000000708e00000, 0x0000000708e00000|100%| O|  |TAMS 0x0000000708e00000| PB 0x0000000708c00000| Untracked |  0
|  71|0x0000000708e00000, 0x0000000709000000, 0x0000000709000000|100%| O|  |TAMS 0x0000000709000000| PB 0x0000000708e00000| Untracked |  0
|  72|0x0000000709000000, 0x0000000709200000, 0x0000000709200000|100%| O|  |TAMS 0x0000000709200000| PB 0x0000000709000000| Untracked |  0
|  73|0x0000000709200000, 0x0000000709400000, 0x0000000709400000|100%| O|  |TAMS 0x0000000709400000| PB 0x0000000709200000| Untracked |  0
|  74|0x0000000709400000, 0x0000000709600000, 0x0000000709600000|100%| O|  |TAMS 0x0000000709600000| PB 0x0000000709400000| Untracked |  0
|  75|0x0000000709600000, 0x0000000709800000, 0x0000000709800000|100%| O|  |TAMS 0x0000000709800000| PB 0x0000000709600000| Untracked |  0
|  76|0x0000000709800000, 0x0000000709a00000, 0x0000000709a00000|100%| O|  |TAMS 0x0000000709a00000| PB 0x0000000709800000| Untracked |  0
|  77|0x0000000709a00000, 0x0000000709c00000, 0x0000000709c00000|100%| O|  |TAMS 0x0000000709c00000| PB 0x0000000709a00000| Untracked |  0
|  78|0x0000000709c00000, 0x0000000709e00000, 0x0000000709e00000|100%| O|  |TAMS 0x0000000709e00000| PB 0x0000000709c00000| Untracked |  0
|  79|0x0000000709e00000, 0x000000070a000000, 0x000000070a000000|100%| O|  |TAMS 0x000000070a000000| PB 0x0000000709e00000| Untracked |  0
|  80|0x000000070a000000, 0x000000070a200000, 0x000000070a200000|100%| O|  |TAMS 0x000000070a200000| PB 0x000000070a000000| Untracked |  0
|  81|0x000000070a200000, 0x000000070a400000, 0x000000070a400000|100%| O|  |TAMS 0x000000070a400000| PB 0x000000070a200000| Untracked |  0
|  82|0x000000070a400000, 0x000000070a600000, 0x000000070a600000|100%| O|  |TAMS 0x000000070a600000| PB 0x000000070a400000| Untracked |  0
|  83|0x000000070a600000, 0x000000070a800000, 0x000000070a800000|100%| O|  |TAMS 0x000000070a800000| PB 0x000000070a600000| Untracked |  0
|  84|0x000000070a800000, 0x000000070aa00000, 0x000000070aa00000|100%| O|  |TAMS 0x000000070aa00000| PB 0x000000070a800000| Untracked |  0
|  85|0x000000070aa00000, 0x000000070ac00000, 0x000000070ac00000|100%| O|  |TAMS 0x000000070ac00000| PB 0x000000070aa00000| Untracked |  0
|  86|0x000000070ac00000, 0x000000070ae00000, 0x000000070ae00000|100%| O|  |TAMS 0x000000070ae00000| PB 0x000000070ac00000| Untracked |  0
|  87|0x000000070ae00000, 0x000000070b000000, 0x000000070b000000|100%| O|  |TAMS 0x000000070b000000| PB 0x000000070ae00000| Untracked |  0
|  88|0x000000070b000000, 0x000000070b200000, 0x000000070b200000|100%| O|  |TAMS 0x000000070b200000| PB 0x000000070b000000| Untracked |  0
|  89|0x000000070b200000, 0x000000070b400000, 0x000000070b400000|100%| O|  |TAMS 0x000000070b400000| PB 0x000000070b200000| Untracked |  0
|  90|0x000000070b400000, 0x000000070b600000, 0x000000070b600000|100%| O|  |TAMS 0x000000070b600000| PB 0x000000070b400000| Untracked |  0
|  91|0x000000070b600000, 0x000000070b800000, 0x000000070b800000|100%| O|  |TAMS 0x000000070b800000| PB 0x000000070b600000| Untracked |  0
|  92|0x000000070b800000, 0x000000070ba00000, 0x000000070ba00000|100%| O|  |TAMS 0x000000070b800000| PB 0x000000070b800000| Untracked |  0
|  93|0x000000070ba00000, 0x000000070bc00000, 0x000000070bc00000|100%| O|  |TAMS 0x000000070ba00000| PB 0x000000070ba00000| Untracked |  0
|  94|0x000000070bc00000, 0x000000070be00000, 0x000000070be00000|100%| O|  |TAMS 0x000000070be00000| PB 0x000000070bc00000| Untracked |  0
|  95|0x000000070be00000, 0x000000070c000000, 0x000000070c000000|100%| O|  |TAMS 0x000000070c000000| PB 0x000000070be00000| Untracked |  0
|  96|0x000000070c000000, 0x000000070c200000, 0x000000070c200000|100%| O|  |TAMS 0x000000070c200000| PB 0x000000070c000000| Untracked |  0
|  97|0x000000070c200000, 0x000000070c400000, 0x000000070c400000|100%| O|  |TAMS 0x000000070c200000| PB 0x000000070c200000| Untracked |  0
|  98|0x000000070c400000, 0x000000070c600000, 0x000000070c600000|100%| O|  |TAMS 0x000000070c600000| PB 0x000000070c400000| Untracked |  0
|  99|0x000000070c600000, 0x000000070c800000, 0x000000070c800000|100%| O|  |TAMS 0x000000070c800000| PB 0x000000070c600000| Untracked |  0
| 100|0x000000070c800000, 0x000000070ca00000, 0x000000070ca00000|100%| O|  |TAMS 0x000000070ca00000| PB 0x000000070c800000| Untracked |  0
| 101|0x000000070ca00000, 0x000000070cc00000, 0x000000070cc00000|100%| O|  |TAMS 0x000000070cc00000| PB 0x000000070ca00000| Untracked |  0
| 102|0x000000070cc00000, 0x000000070ce00000, 0x000000070ce00000|100%| O|  |TAMS 0x000000070ce00000| PB 0x000000070cc00000| Untracked |  0
| 103|0x000000070ce00000, 0x000000070d000000, 0x000000070d000000|100%| O|  |TAMS 0x000000070d000000| PB 0x000000070ce00000| Untracked |  0
| 104|0x000000070d000000, 0x000000070d200000, 0x000000070d200000|100%| O|  |TAMS 0x000000070d000000| PB 0x000000070d000000| Untracked |  0
| 105|0x000000070d200000, 0x000000070d400000, 0x000000070d400000|100%| O|  |TAMS 0x000000070d200000| PB 0x000000070d200000| Untracked |  0
| 106|0x000000070d400000, 0x000000070d600000, 0x000000070d600000|100%| O|  |TAMS 0x000000070d600000| PB 0x000000070d400000| Untracked |  0
| 107|0x000000070d600000, 0x000000070d800000, 0x000000070d800000|100%| O|  |TAMS 0x000000070d800000| PB 0x000000070d600000| Untracked |  0
| 108|0x000000070d800000, 0x000000070da00000, 0x000000070da00000|100%| O|  |TAMS 0x000000070da00000| PB 0x000000070d800000| Untracked |  0
| 109|0x000000070da00000, 0x000000070dc00000, 0x000000070dc00000|100%| O|  |TAMS 0x000000070dc00000| PB 0x000000070da00000| Untracked |  0
| 110|0x000000070dc00000, 0x000000070de00000, 0x000000070de00000|100%|HS|  |TAMS 0x000000070de00000| PB 0x000000070dc00000| Complete |  0
| 111|0x000000070de00000, 0x000000070e000000, 0x000000070e000000|100%| O|  |TAMS 0x000000070e000000| PB 0x000000070de00000| Untracked |  0
| 112|0x000000070e000000, 0x000000070e200000, 0x000000070e200000|100%| O|  |TAMS 0x000000070e200000| PB 0x000000070e000000| Untracked |  0
| 113|0x000000070e200000, 0x000000070e400000, 0x000000070e400000|100%| O|  |TAMS 0x000000070e2bd240| PB 0x000000070e200000| Untracked |  0
| 114|0x000000070e400000, 0x000000070e4b6490, 0x000000070e600000| 35%| O|  |TAMS 0x000000070e400000| PB 0x000000070e400000| Untracked |  0
| 115|0x000000070e600000, 0x000000070e600000, 0x000000070e800000|  0%| F|  |TAMS 0x000000070e600000| PB 0x000000070e600000| Untracked |  0
| 116|0x000000070e800000, 0x000000070e800000, 0x000000070ea00000|  0%| F|  |TAMS 0x000000070e800000| PB 0x000000070e800000| Untracked |  0
| 117|0x000000070ea00000, 0x000000070ea00000, 0x000000070ec00000|  0%| F|  |TAMS 0x000000070ea00000| PB 0x000000070ea00000| Untracked |  0
| 118|0x000000070ec00000, 0x000000070ec00000, 0x000000070ee00000|  0%| F|  |TAMS 0x000000070ec00000| PB 0x000000070ec00000| Untracked |  0
| 119|0x000000070ee00000, 0x000000070ee00000, 0x000000070f000000|  0%| F|  |TAMS 0x000000070ee00000| PB 0x000000070ee00000| Untracked |  0
| 120|0x000000070f000000, 0x000000070f000000, 0x000000070f200000|  0%| F|  |TAMS 0x000000070f000000| PB 0x000000070f000000| Untracked |  0
| 121|0x000000070f200000, 0x000000070f200000, 0x000000070f400000|  0%| F|  |TAMS 0x000000070f200000| PB 0x000000070f200000| Untracked |  0
| 122|0x000000070f400000, 0x000000070f400000, 0x000000070f600000|  0%| F|  |TAMS 0x000000070f400000| PB 0x000000070f400000| Untracked |  0
| 123|0x000000070f600000, 0x000000070f600000, 0x000000070f800000|  0%| F|  |TAMS 0x000000070f600000| PB 0x000000070f600000| Untracked |  0
| 124|0x000000070f800000, 0x000000070f800000, 0x000000070fa00000|  0%| F|  |TAMS 0x000000070f800000| PB 0x000000070f800000| Untracked |  0
| 125|0x000000070fa00000, 0x000000070fa00000, 0x000000070fc00000|  0%| F|  |TAMS 0x000000070fa00000| PB 0x000000070fa00000| Untracked |  0
| 126|0x000000070fc00000, 0x000000070fc00000, 0x000000070fe00000|  0%| F|  |TAMS 0x000000070fc00000| PB 0x000000070fc00000| Untracked |  0
| 127|0x000000070fe00000, 0x000000070fe00000, 0x0000000710000000|  0%| F|  |TAMS 0x000000070fe00000| PB 0x000000070fe00000| Untracked |  0
| 128|0x0000000710000000, 0x0000000710000000, 0x0000000710200000|  0%| F|  |TAMS 0x0000000710000000| PB 0x0000000710000000| Untracked |  0
| 129|0x0000000710200000, 0x0000000710200000, 0x0000000710400000|  0%| F|  |TAMS 0x0000000710200000| PB 0x0000000710200000| Untracked |  0
| 130|0x0000000710400000, 0x0000000710400000, 0x0000000710600000|  0%| F|  |TAMS 0x0000000710400000| PB 0x0000000710400000| Untracked |  0
| 131|0x0000000710600000, 0x0000000710600000, 0x0000000710800000|  0%| F|  |TAMS 0x0000000710600000| PB 0x0000000710600000| Untracked |  0
| 132|0x0000000710800000, 0x0000000710800000, 0x0000000710a00000|  0%| F|  |TAMS 0x0000000710800000| PB 0x0000000710800000| Untracked |  0
| 133|0x0000000710a00000, 0x0000000710a00000, 0x0000000710c00000|  0%| F|  |TAMS 0x0000000710a00000| PB 0x0000000710a00000| Untracked |  0
| 134|0x0000000710c00000, 0x0000000710c00000, 0x0000000710e00000|  0%| F|  |TAMS 0x0000000710c00000| PB 0x0000000710c00000| Untracked |  0
| 135|0x0000000710e00000, 0x0000000710e00000, 0x0000000711000000|  0%| F|  |TAMS 0x0000000710e00000| PB 0x0000000710e00000| Untracked |  0
| 136|0x0000000711000000, 0x0000000711000000, 0x0000000711200000|  0%| F|  |TAMS 0x0000000711000000| PB 0x0000000711000000| Untracked |  0
| 137|0x0000000711200000, 0x0000000711200000, 0x0000000711400000|  0%| F|  |TAMS 0x0000000711200000| PB 0x0000000711200000| Untracked |  0
| 138|0x0000000711400000, 0x0000000711400000, 0x0000000711600000|  0%| F|  |TAMS 0x0000000711400000| PB 0x0000000711400000| Untracked |  0
| 139|0x0000000711600000, 0x0000000711600000, 0x0000000711800000|  0%| F|  |TAMS 0x0000000711600000| PB 0x0000000711600000| Untracked |  0
| 140|0x0000000711800000, 0x0000000711800000, 0x0000000711a00000|  0%| F|  |TAMS 0x0000000711800000| PB 0x0000000711800000| Untracked |  0
| 141|0x0000000711a00000, 0x0000000711a00000, 0x0000000711c00000|  0%| F|  |TAMS 0x0000000711a00000| PB 0x0000000711a00000| Untracked |  0
| 142|0x0000000711c00000, 0x0000000711c00000, 0x0000000711e00000|  0%| F|  |TAMS 0x0000000711c00000| PB 0x0000000711c00000| Untracked |  0
| 143|0x0000000711e00000, 0x0000000711e00000, 0x0000000712000000|  0%| F|  |TAMS 0x0000000711e00000| PB 0x0000000711e00000| Untracked |  0
| 144|0x0000000712000000, 0x0000000712000000, 0x0000000712200000|  0%| F|  |TAMS 0x0000000712000000| PB 0x0000000712000000| Untracked |  0
| 145|0x0000000712200000, 0x0000000712200000, 0x0000000712400000|  0%| F|  |TAMS 0x0000000712200000| PB 0x0000000712200000| Untracked |  0
| 146|0x0000000712400000, 0x0000000712400000, 0x0000000712600000|  0%| F|  |TAMS 0x0000000712400000| PB 0x0000000712400000| Untracked |  0
| 147|0x0000000712600000, 0x0000000712600000, 0x0000000712800000|  0%| F|  |TAMS 0x0000000712600000| PB 0x0000000712600000| Untracked |  0
| 148|0x0000000712800000, 0x0000000712800000, 0x0000000712a00000|  0%| F|  |TAMS 0x0000000712800000| PB 0x0000000712800000| Untracked |  0
| 149|0x0000000712a00000, 0x0000000712a00000, 0x0000000712c00000|  0%| F|  |TAMS 0x0000000712a00000| PB 0x0000000712a00000| Untracked |  0
| 150|0x0000000712c00000, 0x0000000712c00000, 0x0000000712e00000|  0%| F|  |TAMS 0x0000000712c00000| PB 0x0000000712c00000| Untracked |  0
| 151|0x0000000712e00000, 0x0000000712e00000, 0x0000000713000000|  0%| F|  |TAMS 0x0000000712e00000| PB 0x0000000712e00000| Untracked |  0
| 152|0x0000000713000000, 0x0000000713000000, 0x0000000713200000|  0%| F|  |TAMS 0x0000000713000000| PB 0x0000000713000000| Untracked |  0
| 153|0x0000000713200000, 0x0000000713200000, 0x0000000713400000|  0%| F|  |TAMS 0x0000000713200000| PB 0x0000000713200000| Untracked |  0
| 154|0x0000000713400000, 0x0000000713400000, 0x0000000713600000|  0%| F|  |TAMS 0x0000000713400000| PB 0x0000000713400000| Untracked |  0
| 155|0x0000000713600000, 0x0000000713600000, 0x0000000713800000|  0%| F|  |TAMS 0x0000000713600000| PB 0x0000000713600000| Untracked |  0
| 156|0x0000000713800000, 0x0000000713800000, 0x0000000713a00000|  0%| F|  |TAMS 0x0000000713800000| PB 0x0000000713800000| Untracked |  0
| 157|0x0000000713a00000, 0x0000000713a00000, 0x0000000713c00000|  0%| F|  |TAMS 0x0000000713a00000| PB 0x0000000713a00000| Untracked |  0
| 158|0x0000000713c00000, 0x0000000713c00000, 0x0000000713e00000|  0%| F|  |TAMS 0x0000000713c00000| PB 0x0000000713c00000| Untracked |  0
| 159|0x0000000713e00000, 0x0000000713e00000, 0x0000000714000000|  0%| F|  |TAMS 0x0000000713e00000| PB 0x0000000713e00000| Untracked |  0
| 160|0x0000000714000000, 0x0000000714000000, 0x0000000714200000|  0%| F|  |TAMS 0x0000000714000000| PB 0x0000000714000000| Untracked |  0
| 161|0x0000000714200000, 0x0000000714200000, 0x0000000714400000|  0%| F|  |TAMS 0x0000000714200000| PB 0x0000000714200000| Untracked |  0
| 162|0x0000000714400000, 0x0000000714400000, 0x0000000714600000|  0%| F|  |TAMS 0x0000000714400000| PB 0x0000000714400000| Untracked |  0
| 163|0x0000000714600000, 0x0000000714600000, 0x0000000714800000|  0%| F|  |TAMS 0x0000000714600000| PB 0x0000000714600000| Untracked |  0
| 164|0x0000000714800000, 0x0000000714800000, 0x0000000714a00000|  0%| F|  |TAMS 0x0000000714800000| PB 0x0000000714800000| Untracked |  0
| 165|0x0000000714a00000, 0x0000000714a00000, 0x0000000714c00000|  0%| F|  |TAMS 0x0000000714a00000| PB 0x0000000714a00000| Untracked |  0
| 166|0x0000000714c00000, 0x0000000714c00000, 0x0000000714e00000|  0%| F|  |TAMS 0x0000000714c00000| PB 0x0000000714c00000| Untracked |  0
| 167|0x0000000714e00000, 0x0000000714e00000, 0x0000000715000000|  0%| F|  |TAMS 0x0000000714e00000| PB 0x0000000714e00000| Untracked |  0
| 168|0x0000000715000000, 0x0000000715000000, 0x0000000715200000|  0%| F|  |TAMS 0x0000000715000000| PB 0x0000000715000000| Untracked |  0
| 169|0x0000000715200000, 0x0000000715200000, 0x0000000715400000|  0%| F|  |TAMS 0x0000000715200000| PB 0x0000000715200000| Untracked |  0
| 170|0x0000000715400000, 0x0000000715400000, 0x0000000715600000|  0%| F|  |TAMS 0x0000000715400000| PB 0x0000000715400000| Untracked |  0
| 171|0x0000000715600000, 0x0000000715600000, 0x0000000715800000|  0%| F|  |TAMS 0x0000000715600000| PB 0x0000000715600000| Untracked |  0
| 172|0x0000000715800000, 0x0000000715800000, 0x0000000715a00000|  0%| F|  |TAMS 0x0000000715800000| PB 0x0000000715800000| Untracked |  0
| 173|0x0000000715a00000, 0x0000000715a00000, 0x0000000715c00000|  0%| F|  |TAMS 0x0000000715a00000| PB 0x0000000715a00000| Untracked |  0
| 174|0x0000000715c00000, 0x0000000715c00000, 0x0000000715e00000|  0%| F|  |TAMS 0x0000000715c00000| PB 0x0000000715c00000| Untracked |  0
| 175|0x0000000715e00000, 0x0000000715e00000, 0x0000000716000000|  0%| F|  |TAMS 0x0000000715e00000| PB 0x0000000715e00000| Untracked |  0
| 176|0x0000000716000000, 0x0000000716000000, 0x0000000716200000|  0%| F|  |TAMS 0x0000000716000000| PB 0x0000000716000000| Untracked |  0
| 177|0x0000000716200000, 0x0000000716200000, 0x0000000716400000|  0%| F|  |TAMS 0x0000000716200000| PB 0x0000000716200000| Untracked |  0
| 178|0x0000000716400000, 0x0000000716400000, 0x0000000716600000|  0%| F|  |TAMS 0x0000000716400000| PB 0x0000000716400000| Untracked |  0
| 179|0x0000000716600000, 0x0000000716600000, 0x0000000716800000|  0%| F|  |TAMS 0x0000000716600000| PB 0x0000000716600000| Untracked |  0
| 180|0x0000000716800000, 0x0000000716800000, 0x0000000716a00000|  0%| F|  |TAMS 0x0000000716800000| PB 0x0000000716800000| Untracked |  0
| 181|0x0000000716a00000, 0x0000000716a00000, 0x0000000716c00000|  0%| F|  |TAMS 0x0000000716a00000| PB 0x0000000716a00000| Untracked |  0
| 182|0x0000000716c00000, 0x0000000716c00000, 0x0000000716e00000|  0%| F|  |TAMS 0x0000000716c00000| PB 0x0000000716c00000| Untracked |  0
| 183|0x0000000716e00000, 0x0000000716e00000, 0x0000000717000000|  0%| F|  |TAMS 0x0000000716e00000| PB 0x0000000716e00000| Untracked |  0
| 184|0x0000000717000000, 0x0000000717000000, 0x0000000717200000|  0%| F|  |TAMS 0x0000000717000000| PB 0x0000000717000000| Untracked |  0
| 185|0x0000000717200000, 0x0000000717200000, 0x0000000717400000|  0%| F|  |TAMS 0x0000000717200000| PB 0x0000000717200000| Untracked |  0
| 186|0x0000000717400000, 0x00000007174f1248, 0x0000000717600000| 47%| S|CS|TAMS 0x0000000717400000| PB 0x0000000717400000| Complete |  0
|2041|0x00000007ff200000, 0x00000007ff400000, 0x00000007ff400000|100%| S|CS|TAMS 0x00000007ff200000| PB 0x00000007ff200000| Complete |  0
|2042|0x00000007ff400000, 0x00000007ff600000, 0x00000007ff600000|100%| O|  |TAMS 0x00000007ff600000| PB 0x00000007ff400000| Untracked |  0
|2043|0x00000007ff600000, 0x00000007ff800000, 0x00000007ff800000|100%| O|  |TAMS 0x00000007ff800000| PB 0x00000007ff600000| Untracked |  0
|2044|0x00000007ff800000, 0x00000007ffa00000, 0x00000007ffa00000|100%| O|  |TAMS 0x00000007ffa00000| PB 0x00000007ff800000| Untracked |  0
|2045|0x00000007ffa00000, 0x00000007ffc00000, 0x00000007ffc00000|100%| O|  |TAMS 0x00000007ffc00000| PB 0x00000007ffa00000| Untracked |  0
|2046|0x00000007ffc00000, 0x00000007ffc00000, 0x00000007ffe00000|  0%| F|  |TAMS 0x00000007ffc00000| PB 0x00000007ffc00000| Untracked |  0
|2047|0x00000007ffe00000, 0x00000007ffe00000, 0x0000000800000000|  0%| F|  |TAMS 0x00000007ffe00000| PB 0x00000007ffe00000| Untracked |  0

Card table byte_map: [0x0000018bb7730000,0x0000018bb7f30000] _byte_map_base: 0x0000018bb3f30000

Marking Bits: (CMBitMap*) 0x0000018b9f41eee0
 Bits: [0x0000018bb7f30000, 0x0000018bbbf30000)

Polling page: 0x0000018b9eb80000

Metaspace:

Usage:
  Non-class:     84.21 MB used.
      Class:     14.31 MB used.
       Both:     98.52 MB used.

Virtual space:
  Non-class space:      128.00 MB reserved,      85.75 MB ( 67%) committed,  2 nodes.
      Class space:        1.00 GB reserved,      15.50 MB (  2%) committed,  1 nodes.
             Both:        1.12 GB reserved,     101.25 MB (  9%) committed. 

Chunk freelists:
   Non-Class:  10.10 MB
       Class:  489.00 KB
        Both:  10.57 MB

MaxMetaspaceSize: unlimited
CompressedClassSpaceSize: 1.00 GB
Initial GC threshold: 21.00 MB
Current GC threshold: 168.06 MB
CDS: on
 - commit_granule_bytes: 65536.
 - commit_granule_words: 8192.
 - virtual_space_node_default_size: 8388608.
 - enlarge_chunks_in_place: 1.
 - use_allocation_guard: 0.


Internal statistics:

num_allocs_failed_limit: 9.
num_arena_births: 4258.
num_arena_deaths: 0.
num_vsnodes_births: 3.
num_vsnodes_deaths: 0.
num_space_committed: 1620.
num_space_uncommitted: 0.
num_chunks_returned_to_freelist: 9.
num_chunks_taken_from_freelist: 8859.
num_chunk_merges: 9.
num_chunk_splits: 5842.
num_chunks_enlarged: 3822.
num_inconsistent_stats: 0.

CodeHeap 'non-profiled nmethods': size=120064Kb used=8443Kb max_used=8443Kb free=111620Kb
 bounds [0x0000018baf5b0000, 0x0000018bafdf0000, 0x0000018bb6af0000]
CodeHeap 'profiled nmethods': size=120000Kb used=19124Kb max_used=19650Kb free=100875Kb
 bounds [0x0000018ba7af0000, 0x0000018ba8e30000, 0x0000018baf020000]
CodeHeap 'non-nmethods': size=5696Kb used=2911Kb max_used=2999Kb free=2784Kb
 bounds [0x0000018baf020000, 0x0000018baf320000, 0x0000018baf5b0000]
CodeCache: size=245760Kb, used=30478Kb, max_used=31092Kb, free=215279Kb
 total_blobs=14455, nmethods=13428, adapters=931, full_count=0
Compilation: enabled, stopped_count=0, restarted_count=0

Compilation events (20 events):
Event: 110.335 Thread 0x0000018bbe9d45e0 nmethod 16629 0x0000018ba82b0888 code [0x0000018ba82b0a40, 0x0000018ba82b10b0]
Event: 110.362 Thread 0x0000018bbe9c9b10 nmethod 16621 0x0000018bafdea908 code [0x0000018bafdeab20, 0x0000018bafdebd90]
Event: 110.363 Thread 0x0000018bbe9c9b10 16619       4       org.gradle.api.internal.collections.SortedSetElementSource::add (9 bytes)
Event: 110.365 Thread 0x0000018bbe9c9b10 nmethod 16619 0x0000018bafdebe88 code [0x0000018bafdebfa0, 0x0000018bafdec0c0]
Event: 110.479 Thread 0x0000018bbe9d45e0 16630       3       java.security.SecureClassLoader$1::apply (9 bytes)
Event: 110.479 Thread 0x0000018bbe9d45e0 nmethod 16630 0x0000018ba7d54308 code [0x0000018ba7d54440, 0x0000018ba7d54668]
Event: 110.479 Thread 0x0000018bbe9d45e0 16631       3       java.security.SecureClassLoader$1::apply (71 bytes)
Event: 110.480 Thread 0x0000018bbe9d45e0 nmethod 16631 0x0000018ba7e09d08 code [0x0000018ba7e09e40, 0x0000018ba7e0a118]
Event: 110.623 Thread 0x0000018bbe9c9b10 16632       4       org.gradle.api.internal.collections.AbstractIterationOrderRetainingElementSource$RealizedElementCollectionIterator::hasNext (13 bytes)
Event: 110.625 Thread 0x0000018bbe9c9b10 nmethod 16632 0x0000018bafdec188 code [0x0000018bafdec280, 0x0000018bafdec300]
Event: 110.654 Thread 0x0000018bbe9c9b10 16633       4       org.gradle.launcher.daemon.server.exec.DaemonConnectionBackedEventConsumer$ForwardEvents::moreMessagesToSend (35 bytes)
Event: 110.656 Thread 0x0000018bbe9c9b10 nmethod 16633 0x0000018bafdec488 code [0x0000018bafdec580, 0x0000018bafdec640]
Event: 110.656 Thread 0x0000018bbe9c9b10 16634   !   4       org.gradle.launcher.daemon.server.exec.DaemonConnectionBackedEventConsumer$ForwardEvents::getNextEvent (27 bytes)
Event: 110.675 Thread 0x0000018bbe9c9b10 nmethod 16634 0x0000018bafdec788 code [0x0000018bafdec940, 0x0000018bafded418]
Event: 110.784 Thread 0x0000018bbe9c9b10 16635       4       java.util.regex.Pattern::sequence (647 bytes)
Event: 110.825 Thread 0x0000018bbe9c9b10 nmethod 16635 0x0000018bafded588 code [0x0000018bafded7e0, 0x0000018bafdee850]
Event: 110.826 Thread 0x0000018bbe9c9b10 16636       4       org.objectweb.asm.FieldWriter::computeFieldInfoSize (86 bytes)
Event: 110.833 Thread 0x0000018bbe9c9b10 nmethod 16636 0x0000018bafdee988 code [0x0000018bafdeeae0, 0x0000018bafdeeeb0]
Event: 111.088 Thread 0x0000018bbe9d45e0 16637  s    3       java.lang.Throwable::getCause (17 bytes)
Event: 111.089 Thread 0x0000018bbe9d45e0 nmethod 16637 0x0000018ba7f8d108 code [0x0000018ba7f8d220, 0x0000018ba7f8d4e0]

GC Heap History (20 events):
Event: 72.483 GC heap after
{Heap after GC invocations=68 (full 0):
 garbage-first heap   total reserved 4194304K, committed 387072K, used 205728K [0x0000000700000000, 0x0000000800000000)
  region size 2048K, 4 young (8192K), 4 survivors (8192K)
 Metaspace       used 100038K, committed 102656K, reserved 1179648K
  class space    used 14546K, committed 15744K, reserved 1048576K
}
Event: 76.560 GC heap before
{Heap before GC invocations=69 (full 0):
 garbage-first heap   total reserved 4194304K, committed 387072K, used 330656K [0x0000000700000000, 0x0000000800000000)
  region size 2048K, 66 young (135168K), 4 survivors (8192K)
 Metaspace       used 100074K, committed 102720K, reserved 1179648K
  class space    used 14551K, committed 15744K, reserved 1048576K
}
Event: 76.589 GC heap after
{Heap after GC invocations=70 (full 0):
 garbage-first heap   total reserved 4194304K, committed 387072K, used 208790K [0x0000000700000000, 0x0000000800000000)
  region size 2048K, 6 young (12288K), 6 survivors (12288K)
 Metaspace       used 100074K, committed 102720K, reserved 1179648K
  class space    used 14551K, committed 15744K, reserved 1048576K
}
Event: 84.843 GC heap before
{Heap before GC invocations=70 (full 0):
 garbage-first heap   total reserved 4194304K, committed 387072K, used 327574K [0x0000000700000000, 0x0000000800000000)
  region size 2048K, 65 young (133120K), 6 survivors (12288K)
 Metaspace       used 100259K, committed 102848K, reserved 1179648K
  class space    used 14577K, committed 15744K, reserved 1048576K
}
Event: 84.959 GC heap after
{Heap after GC invocations=71 (full 0):
 garbage-first heap   total reserved 4194304K, committed 387072K, used 216360K [0x0000000700000000, 0x0000000800000000)
  region size 2048K, 9 young (18432K), 9 survivors (18432K)
 Metaspace       used 100259K, committed 102848K, reserved 1179648K
  class space    used 14577K, committed 15744K, reserved 1048576K
}
Event: 89.505 GC heap before
{Heap before GC invocations=71 (full 0):
 garbage-first heap   total reserved 4194304K, committed 387072K, used 335144K [0x0000000700000000, 0x0000000800000000)
  region size 2048K, 68 young (139264K), 9 survivors (18432K)
 Metaspace       used 100570K, committed 103232K, reserved 1179648K
  class space    used 14615K, committed 15808K, reserved 1048576K
}
Event: 89.639 GC heap after
{Heap after GC invocations=72 (full 0):
 garbage-first heap   total reserved 4194304K, committed 387072K, used 225924K [0x0000000700000000, 0x0000000800000000)
  region size 2048K, 6 young (12288K), 6 survivors (12288K)
 Metaspace       used 100570K, committed 103232K, reserved 1179648K
  class space    used 14615K, committed 15808K, reserved 1048576K
}
Event: 99.469 GC heap before
{Heap before GC invocations=72 (full 0):
 garbage-first heap   total reserved 4194304K, committed 387072K, used 340612K [0x0000000700000000, 0x0000000800000000)
  region size 2048K, 63 young (129024K), 6 survivors (12288K)
 Metaspace       used 100573K, committed 103232K, reserved 1179648K
  class space    used 14615K, committed 15808K, reserved 1048576K
}
Event: 99.923 GC heap after
{Heap after GC invocations=73 (full 0):
 garbage-first heap   total reserved 4194304K, committed 387072K, used 228810K [0x0000000700000000, 0x0000000800000000)
  region size 2048K, 4 young (8192K), 4 survivors (8192K)
 Metaspace       used 100573K, committed 103232K, reserved 1179648K
  class space    used 14615K, committed 15808K, reserved 1048576K
}
Event: 104.652 GC heap before
{Heap before GC invocations=74 (full 0):
 garbage-first heap   total reserved 4194304K, committed 387072K, used 253386K [0x0000000700000000, 0x0000000800000000)
  region size 2048K, 17 young (34816K), 4 survivors (8192K)
 Metaspace       used 100683K, committed 103360K, reserved 1179648K
  class space    used 14628K, committed 15808K, reserved 1048576K
}
Event: 104.961 GC heap after
{Heap after GC invocations=75 (full 0):
 garbage-first heap   total reserved 4194304K, committed 387072K, used 232263K [0x0000000700000000, 0x0000000800000000)
  region size 2048K, 3 young (6144K), 3 survivors (6144K)
 Metaspace       used 100683K, committed 103360K, reserved 1179648K
  class space    used 14628K, committed 15808K, reserved 1048576K
}
Event: 107.822 GC heap before
{Heap before GC invocations=75 (full 0):
 garbage-first heap   total reserved 4194304K, committed 387072K, used 348999K [0x0000000700000000, 0x0000000800000000)
  region size 2048K, 61 young (124928K), 3 survivors (6144K)
 Metaspace       used 100683K, committed 103360K, reserved 1179648K
  class space    used 14628K, committed 15808K, reserved 1048576K
}
Event: 107.933 GC heap after
{Heap after GC invocations=76 (full 0):
 garbage-first heap   total reserved 4194304K, committed 387072K, used 233295K [0x0000000700000000, 0x0000000800000000)
  region size 2048K, 5 young (10240K), 5 survivors (10240K)
 Metaspace       used 100683K, committed 103360K, reserved 1179648K
  class space    used 14628K, committed 15808K, reserved 1048576K
}
Event: 108.071 GC heap before
{Heap before GC invocations=76 (full 0):
 garbage-first heap   total reserved 4194304K, committed 387072K, used 239439K [0x0000000700000000, 0x0000000800000000)
  region size 2048K, 9 young (18432K), 5 survivors (10240K)
 Metaspace       used 100683K, committed 103360K, reserved 1179648K
  class space    used 14628K, committed 15808K, reserved 1048576K
}
Event: 108.086 GC heap after
{Heap after GC invocations=77 (full 0):
 garbage-first heap   total reserved 4194304K, committed 387072K, used 234993K [0x0000000700000000, 0x0000000800000000)
  region size 2048K, 2 young (4096K), 2 survivors (4096K)
 Metaspace       used 100683K, committed 103360K, reserved 1179648K
  class space    used 14628K, committed 15808K, reserved 1048576K
}
Event: 109.424 GC heap before
{Heap before GC invocations=78 (full 0):
 garbage-first heap   total reserved 4194304K, committed 397312K, used 280049K [0x0000000700000000, 0x0000000800000000)
  region size 2048K, 25 young (51200K), 2 survivors (4096K)
 Metaspace       used 100783K, committed 103488K, reserved 1179648K
  class space    used 14642K, committed 15872K, reserved 1048576K
}
Event: 109.432 GC heap after
{Heap after GC invocations=79 (full 0):
 garbage-first heap   total reserved 4194304K, committed 397312K, used 238518K [0x0000000700000000, 0x0000000800000000)
  region size 2048K, 4 young (8192K), 4 survivors (8192K)
 Metaspace       used 100783K, committed 103488K, reserved 1179648K
  class space    used 14642K, committed 15872K, reserved 1048576K
}
Event: 110.960 GC heap before
{Heap before GC invocations=79 (full 0):
 garbage-first heap   total reserved 4194304K, committed 397312K, used 345014K [0x0000000700000000, 0x0000000800000000)
  region size 2048K, 56 young (114688K), 4 survivors (8192K)
 Metaspace       used 100882K, committed 103680K, reserved 1179648K
  class space    used 14655K, committed 15872K, reserved 1048576K
}
Event: 110.994 GC heap after
{Heap after GC invocations=80 (full 0):
 garbage-first heap   total reserved 4194304K, committed 397312K, used 242087K [0x0000000700000000, 0x0000000800000000)
  region size 2048K, 6 young (12288K), 6 survivors (12288K)
 Metaspace       used 100882K, committed 103680K, reserved 1179648K
  class space    used 14655K, committed 15872K, reserved 1048576K
}
Event: 111.143 GC heap before
{Heap before GC invocations=80 (full 0):
 garbage-first heap   total reserved 4194304K, committed 397312K, used 244135K [0x0000000700000000, 0x0000000800000000)
  region size 2048K, 8 young (16384K), 6 survivors (12288K)
 Metaspace       used 100882K, committed 103680K, reserved 1179648K
  class space    used 14655K, committed 15872K, reserved 1048576K
}

Dll operation events (15 events):
Event: 0.018 Loaded shared library C:\Program Files\Java\jdk-23\bin\java.dll
Event: 0.064 Loaded shared library C:\Program Files\Java\jdk-23\bin\jsvml.dll
Event: 0.122 Loaded shared library C:\Program Files\Java\jdk-23\bin\zip.dll
Event: 0.127 Loaded shared library C:\Program Files\Java\jdk-23\bin\instrument.dll
Event: 0.132 Loaded shared library C:\Program Files\Java\jdk-23\bin\net.dll
Event: 0.134 Loaded shared library C:\Program Files\Java\jdk-23\bin\nio.dll
Event: 0.137 Loaded shared library C:\Program Files\Java\jdk-23\bin\zip.dll
Event: 0.491 Loaded shared library C:\Program Files\Java\jdk-23\bin\jimage.dll
Event: 0.764 Loaded shared library C:\Program Files\Java\jdk-23\bin\verify.dll
Event: 1.046 Loaded shared library C:\Users\get\.gradle\native\c067742578af261105cb4f569cf0c3c89f3d7b1fecec35dd04571415982c5e48\windows-amd64\native-platform.dll
Event: 1.063 Loaded shared library C:\Users\get\.gradle\native\100fb08df4bc3b14c8652ba06237920a3bd2aa13389f12d3474272988ae205f9\windows-amd64\native-platform-file-events.dll
Event: 2.754 Loaded shared library C:\Program Files\Java\jdk-23\bin\management.dll
Event: 2.758 Loaded shared library C:\Program Files\Java\jdk-23\bin\management_ext.dll
Event: 3.151 Loaded shared library C:\Program Files\Java\jdk-23\bin\extnet.dll
Event: 3.356 Loaded shared library C:\Program Files\Java\jdk-23\bin\sunmscapi.dll

Deoptimization events (20 events):
Event: 103.823 Thread 0x0000018c05841570 DEOPT PACKING pc=0x0000018baf803e78 sp=0x0000002c7f7f81c0
Event: 103.823 Thread 0x0000018c05841570 DEOPT UNPACKING pc=0x0000018baf074402 sp=0x0000002c7f7f8198 mode 2
Event: 108.889 Thread 0x0000018c05841570 Uncommon trap: trap_request=0xffffffd6 fr.pc=0x0000018baf819cac relative=0x00000000000008ac
Event: 108.890 Thread 0x0000018c05841570 Uncommon trap: reason=array_check action=maybe_recompile pc=0x0000018baf819cac method=com.google.common.collect.ImmutableList.copyIntoArray([Ljava/lang/Object;I)I @ 25 c2
Event: 108.891 Thread 0x0000018c05841570 DEOPT PACKING pc=0x0000018baf819cac sp=0x0000002c7f7f8250
Event: 108.893 Thread 0x0000018c05841570 DEOPT UNPACKING pc=0x0000018baf074402 sp=0x0000002c7f7f8190 mode 2
Event: 108.899 Thread 0x0000018c05841570 Uncommon trap: trap_request=0xffffffd6 fr.pc=0x0000018baf819cac relative=0x00000000000008ac
Event: 108.899 Thread 0x0000018c05841570 Uncommon trap: reason=array_check action=maybe_recompile pc=0x0000018baf819cac method=com.google.common.collect.ImmutableList.copyIntoArray([Ljava/lang/Object;I)I @ 25 c2
Event: 108.900 Thread 0x0000018c05841570 DEOPT PACKING pc=0x0000018baf819cac sp=0x0000002c7f7f8250
Event: 108.900 Thread 0x0000018c05841570 DEOPT UNPACKING pc=0x0000018baf074402 sp=0x0000002c7f7f8190 mode 2
Event: 108.917 Thread 0x0000018c05841570 Uncommon trap: trap_request=0xffffffd6 fr.pc=0x0000018baf819cac relative=0x00000000000008ac
Event: 108.917 Thread 0x0000018c05841570 Uncommon trap: reason=array_check action=maybe_recompile pc=0x0000018baf819cac method=com.google.common.collect.ImmutableList.copyIntoArray([Ljava/lang/Object;I)I @ 25 c2
Event: 108.917 Thread 0x0000018c05841570 DEOPT PACKING pc=0x0000018baf819cac sp=0x0000002c7f7f8250
Event: 108.917 Thread 0x0000018c05841570 DEOPT UNPACKING pc=0x0000018baf074402 sp=0x0000002c7f7f8190 mode 2
Event: 108.918 Thread 0x0000018c05841570 Uncommon trap: trap_request=0xffffffd6 fr.pc=0x0000018baf819cac relative=0x00000000000008ac
Event: 108.918 Thread 0x0000018c05841570 Uncommon trap: reason=array_check action=maybe_recompile pc=0x0000018baf819cac method=com.google.common.collect.ImmutableList.copyIntoArray([Ljava/lang/Object;I)I @ 25 c2
Event: 108.918 Thread 0x0000018c05841570 DEOPT PACKING pc=0x0000018baf819cac sp=0x0000002c7f7f8250
Event: 108.919 Thread 0x0000018c05841570 DEOPT UNPACKING pc=0x0000018baf074402 sp=0x0000002c7f7f8190 mode 2
Event: 110.281 Thread 0x0000018c05841570 DEOPT PACKING pc=0x0000018ba86af5e8 sp=0x0000002c7f7f7030
Event: 110.282 Thread 0x0000018c05841570 DEOPT UNPACKING pc=0x0000018baf074b22 sp=0x0000002c7f7f64b8 mode 0

Classes loaded (20 events):
Event: 36.995 Loading class java/lang/NumberBeanInfo
Event: 36.995 Loading class java/lang/NumberBeanInfo done
Event: 36.995 Loading class java/lang/NumberCustomizer
Event: 36.995 Loading class java/lang/NumberCustomizer done
Event: 36.996 Loading class java/lang/NumberCustomizer
Event: 36.996 Loading class java/lang/NumberCustomizer done
Event: 36.996 Loading class java/lang/IntegerCustomizer
Event: 36.996 Loading class java/lang/IntegerCustomizer done
Event: 36.997 Loading class java/lang/IntegerCustomizer
Event: 36.997 Loading class java/lang/IntegerCustomizer done
Event: 36.997 Loading class jdk/internal/ValueBased
Event: 36.997 Loading class jdk/internal/ValueBased done
Event: 37.943 Loading class java/net/Proxy
Event: 37.943 Loading class java/net/Proxy done
Event: 37.943 Loading class java/net/Proxy$Type
Event: 37.944 Loading class java/net/Proxy$Type done
Event: 38.049 Loading class java/io/FileReader
Event: 38.049 Loading class java/io/FileReader done
Event: 38.258 Loading class java/util/Formatter$FormatSpecifierParser
Event: 38.259 Loading class java/util/Formatter$FormatSpecifierParser done

Classes unloaded (0 events):
No events

Classes redefined (0 events):
No events

Internal exceptions (20 events):
Event: 79.260 Thread 0x0000018c05841570 Exception <a 'java/lang/ClassNotFoundException'{0x0000000715626ac8}: build_cedmerph1effdeln5wd85euwwBeanInfo> (0x0000000715626ac8) 
thrown [s\open\src\hotspot\share\classfile\systemDictionary.cpp, line 313]
Event: 79.268 Thread 0x0000018c05841570 Exception <a 'java/lang/ClassNotFoundException'{0x000000071562d438}: build_cedmerph1effdeln5wd85euwwCustomizer> (0x000000071562d438) 
thrown [s\open\src\hotspot\share\classfile\systemDictionary.cpp, line 313]
Event: 87.569 Thread 0x0000018c05841570 Exception <a 'java/lang/ClassNotFoundException'{0x00000007121e8098}: build_cedmerph1effdeln5wd85euwwBeanInfo> (0x00000007121e8098) 
thrown [s\open\src\hotspot\share\classfile\systemDictionary.cpp, line 313]
Event: 87.571 Thread 0x0000018c05841570 Exception <a 'java/lang/ClassNotFoundException'{0x00000007121ee998}: build_cedmerph1effdeln5wd85euwwCustomizer> (0x00000007121ee998) 
thrown [s\open\src\hotspot\share\classfile\systemDictionary.cpp, line 313]
Event: 88.490 Thread 0x0000018c05841570 Exception <a 'java/lang/ClassNotFoundException'{0x00000007113ba8a8}: build_9tfe5v9nnaqxpxpx9t3sccmxBeanInfo> (0x00000007113ba8a8) 
thrown [s\open\src\hotspot\share\classfile\systemDictionary.cpp, line 313]
Event: 88.493 Thread 0x0000018c05841570 Exception <a 'java/lang/ClassNotFoundException'{0x00000007113c11f8}: build_9tfe5v9nnaqxpxpx9t3sccmxCustomizer> (0x00000007113c11f8) 
thrown [s\open\src\hotspot\share\classfile\systemDictionary.cpp, line 313]
Event: 88.750 Thread 0x0000018c05841570 Exception <a 'java/lang/ClassNotFoundException'{0x00000007109d58c8}: build_9tfe5v9nnaqxpxpx9t3sccmxBeanInfo> (0x00000007109d58c8) 
thrown [s\open\src\hotspot\share\classfile\systemDictionary.cpp, line 313]
Event: 88.751 Thread 0x0000018c05841570 Exception <a 'java/lang/ClassNotFoundException'{0x00000007109dc1a0}: build_9tfe5v9nnaqxpxpx9t3sccmxCustomizer> (0x00000007109dc1a0) 
thrown [s\open\src\hotspot\share\classfile\systemDictionary.cpp, line 313]
Event: 89.065 Thread 0x0000018c05841570 Exception <a 'java/lang/ClassNotFoundException'{0x00000007101243f0}: build_9hcr0l10b34oy2ouu1gkdrwrmBeanInfo> (0x00000007101243f0) 
thrown [s\open\src\hotspot\share\classfile\systemDictionary.cpp, line 313]
Event: 89.066 Thread 0x0000018c05841570 Exception <a 'java/lang/ClassNotFoundException'{0x000000071012ad60}: build_9hcr0l10b34oy2ouu1gkdrwrmCustomizer> (0x000000071012ad60) 
thrown [s\open\src\hotspot\share\classfile\systemDictionary.cpp, line 313]
Event: 102.341 Thread 0x0000018c05841570 Exception <a 'java/lang/ClassNotFoundException'{0x000000071626c990}: build_9hcr0l10b34oy2ouu1gkdrwrmBeanInfo> (0x000000071626c990) 
thrown [s\open\src\hotspot\share\classfile\systemDictionary.cpp, line 313]
Event: 102.346 Thread 0x0000018c05841570 Exception <a 'java/lang/ClassNotFoundException'{0x0000000716273548}: build_9hcr0l10b34oy2ouu1gkdrwrmCustomizer> (0x0000000716273548) 
thrown [s\open\src\hotspot\share\classfile\systemDictionary.cpp, line 313]
Event: 102.886 Thread 0x0000018c05841570 Exception <a 'java/lang/ClassNotFoundException'{0x0000000715c72e38}: build_7j0cwvchfvn5qnay3w2j081c7BeanInfo> (0x0000000715c72e38) 
thrown [s\open\src\hotspot\share\classfile\systemDictionary.cpp, line 313]
Event: 102.891 Thread 0x0000018c05841570 Exception <a 'java/lang/ClassNotFoundException'{0x0000000715c79a08}: build_7j0cwvchfvn5qnay3w2j081c7Customizer> (0x0000000715c79a08) 
thrown [s\open\src\hotspot\share\classfile\systemDictionary.cpp, line 313]
Event: 108.161 Thread 0x0000018c05841570 Exception <a 'java/lang/ClassNotFoundException'{0x00000007ffe82cc0}: build_7j0cwvchfvn5qnay3w2j081c7BeanInfo> (0x00000007ffe82cc0) 
thrown [s\open\src\hotspot\share\classfile\systemDictionary.cpp, line 313]
Event: 108.162 Thread 0x0000018c05841570 Exception <a 'java/lang/ClassNotFoundException'{0x00000007ffe895c0}: build_7j0cwvchfvn5qnay3w2j081c7Customizer> (0x00000007ffe895c0) 
thrown [s\open\src\hotspot\share\classfile\systemDictionary.cpp, line 313]
Event: 108.685 Thread 0x0000018c05841570 Exception <a 'java/lang/ClassNotFoundException'{0x00000007174f1330}: build_b4o072ukfj2o3of91c9l2musBeanInfo> (0x00000007174f1330) 
thrown [s\open\src\hotspot\share\classfile\systemDictionary.cpp, line 313]
Event: 108.686 Thread 0x0000018c05841570 Exception <a 'java/lang/ClassNotFoundException'{0x00000007174f7c80}: build_b4o072ukfj2o3of91c9l2musCustomizer> (0x00000007174f7c80) 
thrown [s\open\src\hotspot\share\classfile\systemDictionary.cpp, line 313]
Event: 110.224 Thread 0x0000018c05841570 Exception <a 'java/lang/ClassNotFoundException'{0x00000007113afcf0}: build_b4o072ukfj2o3of91c9l2musBeanInfo> (0x00000007113afcf0) 
thrown [s\open\src\hotspot\share\classfile\systemDictionary.cpp, line 313]
Event: 110.225 Thread 0x0000018c05841570 Exception <a 'java/lang/ClassNotFoundException'{0x00000007113b65c8}: build_b4o072ukfj2o3of91c9l2musCustomizer> (0x00000007113b65c8) 
thrown [s\open\src\hotspot\share\classfile\systemDictionary.cpp, line 313]

VM Operations (20 events):
Event: 99.936 Executing VM operation: G1CollectForAllocation (G1 Evacuation Pause) done
Event: 101.944 Executing VM operation: G1PauseRemark
Event: 102.077 Executing VM operation: G1PauseRemark done
Event: 102.185 Executing VM operation: G1PauseCleanup
Event: 102.185 Executing VM operation: G1PauseCleanup done
Event: 104.627 Executing VM operation: G1CollectForAllocation (G1 Evacuation Pause)
Event: 104.973 Executing VM operation: G1CollectForAllocation (G1 Evacuation Pause) done
Event: 107.818 Executing VM operation: G1CollectForAllocation (G1 Evacuation Pause)
Event: 107.936 Executing VM operation: G1CollectForAllocation (G1 Evacuation Pause) done
Event: 108.071 Executing VM operation: G1CollectForAllocation (G1 Evacuation Pause)
Event: 108.086 Executing VM operation: G1CollectForAllocation (G1 Evacuation Pause) done
Event: 108.494 Executing VM operation: G1PauseRemark
Event: 108.553 Executing VM operation: G1PauseRemark done
Event: 108.666 Executing VM operation: G1PauseCleanup
Event: 108.666 Executing VM operation: G1PauseCleanup done
Event: 109.424 Executing VM operation: G1CollectForAllocation (G1 Evacuation Pause)
Event: 109.432 Executing VM operation: G1CollectForAllocation (G1 Evacuation Pause) done
Event: 110.958 Executing VM operation: G1CollectForAllocation (G1 Evacuation Pause)
Event: 110.994 Executing VM operation: G1CollectForAllocation (G1 Evacuation Pause) done
Event: 111.143 Executing VM operation: G1TryInitiateConcMark (G1 Humongous Allocation)

Memory protections (0 events):
No events

Nmethod flushes (20 events):
Event: 108.546 Thread 0x0000018bbe9a2a80 flushing  nmethod 0x0000018ba80b3588
Event: 108.546 Thread 0x0000018bbe9a2a80 flushing  nmethod 0x0000018ba8138c88
Event: 108.547 Thread 0x0000018bbe9a2a80 flushing  nmethod 0x0000018ba8347d88
Event: 108.547 Thread 0x0000018bbe9a2a80 flushing  nmethod 0x0000018ba8361708
Event: 108.547 Thread 0x0000018bbe9a2a80 flushing  nmethod 0x0000018ba83a6808
Event: 108.547 Thread 0x0000018bbe9a2a80 flushing  nmethod 0x0000018ba83f6e08
Event: 108.547 Thread 0x0000018bbe9a2a80 flushing  nmethod 0x0000018ba8442308
Event: 108.547 Thread 0x0000018bbe9a2a80 flushing  nmethod 0x0000018ba8442e88
Event: 108.547 Thread 0x0000018bbe9a2a80 flushing  nmethod 0x0000018ba8443c08
Event: 108.547 Thread 0x0000018bbe9a2a80 flushing  nmethod 0x0000018ba8444c08
Event: 108.547 Thread 0x0000018bbe9a2a80 flushing  nmethod 0x0000018ba8505988
Event: 108.547 Thread 0x0000018bbe9a2a80 flushing  nmethod 0x0000018ba8506388
Event: 108.547 Thread 0x0000018bbe9a2a80 flushing  nmethod 0x0000018ba860aa08
Event: 108.548 Thread 0x0000018bbe9a2a80 flushing  nmethod 0x0000018ba8611a88
Event: 108.548 Thread 0x0000018bbe9a2a80 flushing  nmethod 0x0000018ba8659288
Event: 108.548 Thread 0x0000018bbe9a2a80 flushing  nmethod 0x0000018ba8671708
Event: 108.548 Thread 0x0000018bbe9a2a80 flushing  nmethod 0x0000018ba8693288
Event: 108.548 Thread 0x0000018bbe9a2a80 flushing  nmethod 0x0000018ba86c5488
Event: 108.548 Thread 0x0000018bbe9a2a80 flushing  nmethod 0x0000018ba87a3d08
Event: 108.548 Thread 0x0000018bbe9a2a80 flushing  nmethod 0x0000018ba8a95988

Events (20 events):
Event: 46.318 Thread 0x0000018c0b3637c0 Thread exited: 0x0000018c0b3637c0
Event: 46.506 Thread 0x0000018c05841570 Thread added: 0x0000018c075c8930
Event: 46.507 Thread 0x0000018c05841570 Thread added: 0x0000018c075c9650
Event: 46.507 Thread 0x0000018c05841570 Thread added: 0x0000018c075c9ce0
Event: 46.508 Thread 0x0000018c05841570 Thread added: 0x0000018c075c2d50
Event: 46.508 Thread 0x0000018c05841570 Thread added: 0x0000018c075cf230
Event: 46.509 Thread 0x0000018c05841570 Thread added: 0x0000018c075ceba0
Event: 46.509 Thread 0x0000018c05841570 Thread added: 0x0000018c075cff50
Event: 47.024 Thread 0x0000018c05841570 Thread added: 0x0000018c075cb720
Event: 47.033 Thread 0x0000018c05841570 Thread added: 0x0000018c075cbdb0
Event: 47.042 Thread 0x0000018c05841570 Thread added: 0x0000018c075ccad0
Event: 65.854 Thread 0x0000018bbe9c9b10 Thread added: 0x0000018c06fed510
Event: 67.485 Thread 0x0000018c06fed510 Thread exited: 0x0000018c06fed510
Event: 67.521 Thread 0x0000018bbe9d45e0 Thread added: 0x0000018c06feb9d0
Event: 68.715 Thread 0x0000018c06feb9d0 Thread exited: 0x0000018c06feb9d0
Event: 69.093 Thread 0x0000018bbe9d45e0 Thread added: 0x0000018c06fed510
Event: 69.475 Thread 0x0000018c06fed510 Thread exited: 0x0000018c06fed510
Event: 69.740 Thread 0x0000018bbe9d45e0 Thread added: 0x0000018c06fed510
Event: 70.974 Thread 0x0000018c06fed510 Thread exited: 0x0000018c06fed510
Event: 77.020 Thread 0x0000018c0ad7d6a0 Thread exited: 0x0000018c0ad7d6a0


Dynamic libraries:
0x00007ff618e50000 - 0x00007ff618e60000 	C:\Program Files\Java\jdk-23\bin\java.exe
0x00007ff920f50000 - 0x00007ff921148000 	C:\WINDOWS\SYSTEM32\ntdll.dll
0x00007ff920940000 - 0x00007ff920a02000 	C:\WINDOWS\System32\KERNEL32.DLL
0x00007ff91e860000 - 0x00007ff91eb5f000 	C:\WINDOWS\System32\KERNELBASE.dll
0x00007ff91ec90000 - 0x00007ff91ed90000 	C:\WINDOWS\System32\ucrtbase.dll
0x00007ff913e60000 - 0x00007ff913e77000 	C:\Program Files\Java\jdk-23\bin\jli.dll
0x00007ff913e40000 - 0x00007ff913e5b000 	C:\Program Files\Java\jdk-23\bin\VCRUNTIME140.dll
0x00007ff9207a0000 - 0x00007ff92093d000 	C:\WINDOWS\System32\USER32.dll
0x00007ff90e280000 - 0x00007ff90e51a000 	C:\WINDOWS\WinSxS\amd64_microsoft.windows.common-controls_6595b64144ccf1df_6.0.19041.4355_none_60b8b9eb71f62e16\COMCTL32.dll
0x00007ff91ee40000 - 0x00007ff91ee62000 	C:\WINDOWS\System32\win32u.dll
0x00007ff920680000 - 0x00007ff92071e000 	C:\WINDOWS\System32\msvcrt.dll
0x00007ff91f230000 - 0x00007ff91f25b000 	C:\WINDOWS\System32\GDI32.dll
0x00007ff91e5e0000 - 0x00007ff91e6f7000 	C:\WINDOWS\System32\gdi32full.dll
0x00007ff91eec0000 - 0x00007ff91ef5d000 	C:\WINDOWS\System32\msvcp_win.dll
0x00007ff91f890000 - 0x00007ff91f8bf000 	C:\WINDOWS\System32\IMM32.DLL
0x00007ff914650000 - 0x00007ff91465c000 	C:\Program Files\Java\jdk-23\bin\vcruntime140_1.dll
0x00007ff8f4100000 - 0x00007ff8f418e000 	C:\Program Files\Java\jdk-23\bin\msvcp140.dll
0x00007ff8b9590000 - 0x00007ff8ba2df000 	C:\Program Files\Java\jdk-23\bin\server\jvm.dll
0x00007ff91f170000 - 0x00007ff91f221000 	C:\WINDOWS\System32\ADVAPI32.dll
0x00007ff91f7e0000 - 0x00007ff91f87f000 	C:\WINDOWS\System32\sechost.dll
0x00007ff91ef60000 - 0x00007ff91f083000 	C:\WINDOWS\System32\RPCRT4.dll
0x00007ff91eb60000 - 0x00007ff91eb87000 	C:\WINDOWS\System32\bcrypt.dll
0x00007ff920a10000 - 0x00007ff920a7b000 	C:\WINDOWS\System32\WS2_32.dll
0x00007ff91e390000 - 0x00007ff91e3db000 	C:\WINDOWS\SYSTEM32\POWRPROF.dll
0x00007ff90db10000 - 0x00007ff90db37000 	C:\WINDOWS\SYSTEM32\WINMM.dll
0x00007ff9181d0000 - 0x00007ff9181da000 	C:\WINDOWS\SYSTEM32\VERSION.dll
0x00007ff91e370000 - 0x00007ff91e382000 	C:\WINDOWS\SYSTEM32\UMPDC.dll
0x00007ff91c440000 - 0x00007ff91c452000 	C:\WINDOWS\SYSTEM32\kernel.appcore.dll
0x00007ff90fd60000 - 0x00007ff90fd6a000 	C:\Program Files\Java\jdk-23\bin\jimage.dll
0x00007ff9002c0000 - 0x00007ff9004a4000 	C:\WINDOWS\SYSTEM32\DBGHELP.DLL
0x00007ff900280000 - 0x00007ff9002b4000 	C:\WINDOWS\SYSTEM32\dbgcore.DLL
0x00007ff91ec00000 - 0x00007ff91ec82000 	C:\WINDOWS\System32\bcryptPrimitives.dll
0x00007ff90e9f0000 - 0x00007ff90e9ff000 	C:\Program Files\Java\jdk-23\bin\instrument.dll
0x00007ff8f91b0000 - 0x00007ff8f91ce000 	C:\Program Files\Java\jdk-23\bin\java.dll
0x00007ff920de0000 - 0x00007ff920f0b000 	C:\WINDOWS\System32\ole32.dll
0x00007ff91f2f0000 - 0x00007ff91f645000 	C:\WINDOWS\System32\combase.dll
0x00007ff91fd40000 - 0x00007ff9204ae000 	C:\WINDOWS\System32\SHELL32.dll
0x00007ff91c640000 - 0x00007ff91cde4000 	C:\WINDOWS\SYSTEM32\windows.storage.dll
0x00007ff91de50000 - 0x00007ff91de7f000 	C:\WINDOWS\SYSTEM32\Wldp.dll
0x00007ff91f710000 - 0x00007ff91f7dd000 	C:\WINDOWS\System32\OLEAUT32.dll
0x00007ff920aa0000 - 0x00007ff920b4d000 	C:\WINDOWS\System32\SHCORE.dll
0x00007ff91f6b0000 - 0x00007ff91f705000 	C:\WINDOWS\System32\shlwapi.dll
0x00007ff91e510000 - 0x00007ff91e534000 	C:\WINDOWS\SYSTEM32\profapi.dll
0x00007ff8e39f0000 - 0x00007ff8e3ac7000 	C:\Program Files\Java\jdk-23\bin\jsvml.dll
0x00007ff8f9190000 - 0x00007ff8f91a7000 	C:\Program Files\Java\jdk-23\bin\zip.dll
0x00007ff9086f0000 - 0x00007ff908700000 	C:\Program Files\Java\jdk-23\bin\net.dll
0x00007ff91dc40000 - 0x00007ff91dcaa000 	C:\WINDOWS\system32\mswsock.dll
0x00007ff8f9170000 - 0x00007ff8f9186000 	C:\Program Files\Java\jdk-23\bin\nio.dll
0x00007ff9015c0000 - 0x00007ff9015d0000 	C:\Program Files\Java\jdk-23\bin\verify.dll
0x00007ff8f3fe0000 - 0x00007ff8f4007000 	C:\Users\get\.gradle\native\c067742578af261105cb4f569cf0c3c89f3d7b1fecec35dd04571415982c5e48\windows-amd64\native-platform.dll
0x00007ff8e41f0000 - 0x00007ff8e4334000 	C:\Users\get\.gradle\native\100fb08df4bc3b14c8652ba06237920a3bd2aa13389f12d3474272988ae205f9\windows-amd64\native-platform-file-events.dll
0x00007ff8fcd30000 - 0x00007ff8fcd3a000 	C:\Program Files\Java\jdk-23\bin\management.dll
0x00007ff8fc780000 - 0x00007ff8fc78b000 	C:\Program Files\Java\jdk-23\bin\management_ext.dll
0x00007ff920720000 - 0x00007ff920728000 	C:\WINDOWS\System32\PSAPI.DLL
0x00007ff91dea0000 - 0x00007ff91deb8000 	C:\WINDOWS\SYSTEM32\CRYPTSP.dll
0x00007ff91d580000 - 0x00007ff91d5b4000 	C:\WINDOWS\system32\rsaenh.dll
0x00007ff91e490000 - 0x00007ff91e4be000 	C:\WINDOWS\SYSTEM32\USERENV.dll
0x00007ff91de80000 - 0x00007ff91de8c000 	C:\WINDOWS\SYSTEM32\CRYPTBASE.dll
0x00007ff91d940000 - 0x00007ff91d97b000 	C:\WINDOWS\SYSTEM32\IPHLPAPI.DLL
0x00007ff920730000 - 0x00007ff920738000 	C:\WINDOWS\System32\NSI.dll
0x00007ff8fd3e0000 - 0x00007ff8fd3e9000 	C:\Program Files\Java\jdk-23\bin\extnet.dll
0x00007ff8fd6f0000 - 0x00007ff8fd6fe000 	C:\Program Files\Java\jdk-23\bin\sunmscapi.dll
0x00007ff91e700000 - 0x00007ff91e85c000 	C:\WINDOWS\System32\CRYPT32.dll
0x00007ff91dfb0000 - 0x00007ff91dfd7000 	C:\WINDOWS\SYSTEM32\ncrypt.dll
0x00007ff91df70000 - 0x00007ff91dfab000 	C:\WINDOWS\SYSTEM32\NTASN1.dll
0x00007ff908020000 - 0x00007ff908027000 	C:\WINDOWS\system32\wshunix.dll

dbghelp: loaded successfully - version: 4.0.5 - missing functions: none
symbol engine: initialized successfully - sym options: 0x614 - pdb path: .;C:\Program Files\Java\jdk-23\bin;C:\WINDOWS\SYSTEM32;C:\WINDOWS\WinSxS\amd64_microsoft.windows.common-controls_6595b64144ccf1df_6.0.19041.4355_none_60b8b9eb71f62e16;C:\Program Files\Java\jdk-23\bin\server;C:\Users\get\.gradle\native\c067742578af261105cb4f569cf0c3c89f3d7b1fecec35dd04571415982c5e48\windows-amd64;C:\Users\get\.gradle\native\100fb08df4bc3b14c8652ba06237920a3bd2aa13389f12d3474272988ae205f9\windows-amd64

VM Arguments:
jvm_args: --add-opens=java.base/java.util=ALL-UNNAMED --add-opens=java.base/java.lang=ALL-UNNAMED --add-opens=java.base/java.lang.invoke=ALL-UNNAMED --add-opens=java.prefs/java.util.prefs=ALL-UNNAMED --add-exports=jdk.compiler/com.sun.tools.javac.api=ALL-UNNAMED --add-exports=jdk.compiler/com.sun.tools.javac.util=ALL-UNNAMED --add-opens=java.base/java.nio.charset=ALL-UNNAMED --add-opens=java.base/java.net=ALL-UNNAMED --add-opens=java.base/java.util.concurrent.atomic=ALL-UNNAMED -Xmx4G -Dfile.encoding=UTF-8 -Duser.country=US -Duser.language=en -Duser.variant -javaagent:C:\Users\get\.gradle\wrapper\dists\gradle-8.10.2-all\7iv73wktx1xtkvlq19urqw1wm\gradle-8.10.2\lib\agents\gradle-instrumentation-agent-8.10.2.jar 
java_command: org.gradle.launcher.daemon.bootstrap.GradleDaemon 8.10.2
java_class_path (initial): C:\Users\get\.gradle\wrapper\dists\gradle-8.10.2-all\7iv73wktx1xtkvlq19urqw1wm\gradle-8.10.2\lib\gradle-daemon-main-8.10.2.jar
Launcher Type: SUN_STANDARD

[Global flags]
     intx CICompilerCount                          = 4                                         {product} {ergonomic}
     uint ConcGCThreads                            = 2                                         {product} {ergonomic}
     uint G1ConcRefinementThreads                  = 8                                         {product} {ergonomic}
   size_t G1HeapRegionSize                         = 2097152                                   {product} {ergonomic}
   size_t InitialHeapSize                          = 132120576                                 {product} {ergonomic}
   size_t MarkStackSize                            = 4194304                                   {product} {ergonomic}
   size_t MarkStackSizeMax                         = 536870912                                 {product} {ergonomic}
   size_t MaxHeapSize                              = 4294967296                                {product} {command line}
   size_t MaxNewSize                               = 2575302656                                {product} {ergonomic}
   size_t MinHeapDeltaBytes                        = 2097152                                   {product} {ergonomic}
   size_t MinHeapSize                              = 8388608                                   {product} {ergonomic}
    uintx NonNMethodCodeHeapSize                   = 5832704                                {pd product} {ergonomic}
    uintx NonProfiledCodeHeapSize                  = 122945536                              {pd product} {ergonomic}
    uintx ProfiledCodeHeapSize                     = 122880000                              {pd product} {ergonomic}
    uintx ReservedCodeCacheSize                    = 251658240                              {pd product} {ergonomic}
     bool SegmentedCodeCache                       = true                                      {product} {ergonomic}
   size_t SoftMaxHeapSize                          = 4294967296                             {manageable} {ergonomic}
     bool UseCompressedOops                        = true                           {product lp64_product} {ergonomic}
     bool UseG1GC                                  = true                                      {product} {ergonomic}
     bool UseLargePagesIndividualAllocation        = false                                  {pd product} {ergonomic}

Logging:
Log output configuration:
 #0: stdout all=warning uptime,level,tags foldmultilines=false
 #1: stderr all=off uptime,level,tags foldmultilines=false

Environment Variables:
JAVA_HOME=C:\Program Files\Java\jdk-23
CLASSPATH=C:\Users\get\Documents\GitHub\linkon_flutter\android\\gradle\wrapper\gradle-wrapper.jar
PATH=C:\Program Files\Java\jdk-23\bin;C:\Program Files\Common Files\Oracle\Java\javapath;C:\Python312\Scripts\;C:\Python312\;C:\WINDOWS\system32;C:\WINDOWS;C:\WINDOWS\System32\Wbem;C:\WINDOWS\System32\WindowsPowerShell\v1.0\;C:\WINDOWS\System32\OpenSSH\;C:\Program Files\Git\cmd;C:\Program Files\nodejs\;C:\ProgramData\chocolatey\bin;C:\Users\get\AppData\Local\Pub\Cache\bin;C:\Program Files\Java\jdk-23\bin;C:\Users\get\AppData\Local\Microsoft\WindowsApps;C:\Users\get\AppData\Local\Programs\Microsoft VS Code\bin;C:\Users\get\AppData\Local\GitHubDesktop\bin;C:\src\flutter\bin;C:\Users\get\AppData\Roaming\npm;C:\Program Files\nodejs\;C:\WINDOWS\System32\WindowsPowerShell\v1.0\;C:\Users\get\AppData\Local\JetBrains\Toolbox\scripts;;C:\src\flutter\bin\mingit\cmd;C:\src\flutter\bin\mingit\cmd
USERNAME=get
OS=Windows_NT
PROCESSOR_IDENTIFIER=Intel64 Family 6 Model 94 Stepping 3, GenuineIntel
TMP=C:\Users\get\AppData\Local\Temp
TEMP=C:\Users\get\AppData\Local\Temp




Periodic native trim disabled

---------------  S Y S T E M  ---------------

OS:
 Windows 10 , 64 bit Build 19041 (10.0.19041.5198)
OS uptime: 5 days 0:34 hours
Hyper-V role detected

CPU: total 8 (initial active 8) (4 cores per cpu, 2 threads per core) family 6 model 94 stepping 3 microcode 0xcc, cx8, cmov, fxsr, ht, mmx, 3dnowpref, sse, sse2, sse3, ssse3, sse4.1, sse4.2, popcnt, lzcnt, tsc, tscinvbit, avx, avx2, aes, erms, clmul, bmi1, bmi2, rtm, adx, fma, vzeroupper, clflush, clflushopt, hv, rdtscp, f16c
Processor Information for the first 8 processors :
  Max Mhz: 3401, Current Mhz: 3401, Mhz Limit: 3401

Memory: 4k page, system-wide physical 7976M (155M free)
TotalPageFile size 32526M (AvailPageFile size 100M)
current process WorkingSet (physical memory assigned to process): 396M, peak: 479M
current process commit charge ("private bytes"): 745M, peak: 895M

vm_info: Java HotSpot(TM) 64-Bit Server VM (23.0.1+11-39) for windows-amd64 JRE (23.0.1+11-39), built on 2024-09-30T07:20:43Z with MS VC++ 17.6 (VS2022)

END.
