#
# There is insufficient memory for the Java Runtime Environment to continue.
# Native memory allocation (malloc) failed to allocate 1048576 bytes for AllocateHeap
# Possible reasons:
#   The system is out of physical RAM or swap space
#   The process is running with CompressedOops enabled, and the Java Heap may be blocking the growth of the native heap
# Possible solutions:
#   Reduce memory load on the system
#   Increase physical memory or swap space
#   Check if swap backing store is full
#   Decrease Java heap size (-Xmx/-Xms)
#   Decrease number of Java threads
#   Decrease Java thread stack sizes (-Xss)
#   Set larger code cache with -XX:ReservedCodeCacheSize=
#   JVM is running with Zero Based Compressed Oops mode in which the Java heap is
#     placed in the first 32GB address space. The Java Heap base address is the
#     maximum limit for the native heap growth. Please use -XX:HeapBaseMinAddress
#     to set the Java Heap base and to place the Java Heap above 32GB virtual address.
# This output file may be truncated or incomplete.
#
#  Out of Memory Error (./src/hotspot/share/memory/allocation.cpp:46), pid=18868, tid=10516
#
# JRE version: OpenJDK Runtime Environment (11.0.12+7) (build 11.0.12+7-b1504.28-7817840)
# Java VM: OpenJDK 64-Bit Server VM (11.0.12+7-b1504.28-7817840, mixed mode, tiered, compressed oops, g1 gc, windows-amd64)
# No core dump will be written. Minidumps are not enabled by default on client versions of Windows
#

---------------  S U M M A R Y ------------

Command Line: -Dorg.gradle.appname=gradlew org.gradle.wrapper.GradleWrapperMain -q -Ptarget-platform=android-arm64 -Ptarget=D:\__rauf flutter proj\_____socio latest 15feb onwards\Socio\.git\socio\lib\main.dart -Pbase-application-name=android.app.Application -Pdart-defines=RkxVVFRFUl9XRUJfQVVUT19ERVRFQ1Q9dHJ1ZQ==,RkxVVFRFUl9XRUJfQ0FOVkFTS0lUX1VSTD1odHRwczovL3d3dy5nc3RhdGljLmNvbS9mbHV0dGVyLWNhbnZhc2tpdC9mNDBlOTc2YmVkZmY1N2U2OWUxYjNkODlhN2MyYTNjNjE3YTAzZGFkLw== -Pdart-obfuscation=false -Ptrack-widget-creation=true -Ptree-shake-icons=false -Pfilesystem-scheme=org-dartlang-root assembleDebug

Host: Intel(R) Core(TM) i7-6700 CPU @ 3.40GHz, 8 cores, 15G,  Windows 10 , 64 bit Build 19041 (10.0.19041.3636)
Time: Thu Feb 29 14:27:45 2024 Pakistan Standard Time elapsed time: 31.767334 seconds (0d 0h 0m 31s)

---------------  T H R E A D  ---------------

Current thread (0x000001ceee860800):  VMThread "VM Thread" [stack: 0x000000155e900000,0x000000155ea00000] [id=10516]

Stack: [0x000000155e900000,0x000000155ea00000]
[error occurred during error reporting (printing stack bounds), id 0xc0000005, EXCEPTION_ACCESS_VIOLATION (0xc0000005) at pc=0x000001ced23a112d]

Native frames: (J=compiled Java code, j=interpreted, Vv=VM code, C=native code)
V  [jvm.dll+0x5fbcea]
V  [jvm.dll+0x731905]
V  [jvm.dll+0x732f1d]
V  [jvm.dll+0x733535]
V  [jvm.dll+0x7334eb]
V  [jvm.dll+0x5fb080]
V  [jvm.dll+0x5fb818]
C  [ntdll.dll+0xa23af]
C  [ntdll.dll+0x514b4]
C  [ntdll.dll+0xa0ebe]
C  0x000001ced23a112d

VM_Operation (0x000000155fafe750): CollectForMetadataAllocation, mode: safepoint, requested by thread 0x000001ceeea8c000


---------------  P R O C E S S  ---------------

Threads class SMR info:
_java_thread_list=0x000001ceef71f650, length=13, elements={
0x000001cecd0b2800, 0x000001ceee886000, 0x000001ceee88f000, 0x000001ceee8a3000,
0x000001ceee8a6000, 0x000001ceee8a9800, 0x000001ceee8f9800, 0x000001ceee8fd800,
0x000001ceee90e800, 0x000001ceeea88000, 0x000001ceeea8c000, 0x000001ceeea88800,
0x000001ceeea8d800
}

Java Threads: ( => current thread )
  0x000001cecd0b2800 JavaThread "main" [_thread_in_native, id=7400, stack(0x000000155e300000,0x000000155e400000)]
  0x000001ceee886000 JavaThread "Reference Handler" daemon [_thread_blocked, id=13272, stack(0x000000155ea00000,0x000000155eb00000)]
  0x000001ceee88f000 JavaThread "Finalizer" daemon [_thread_blocked, id=2968, stack(0x000000155eb00000,0x000000155ec00000)]
  0x000001ceee8a3000 JavaThread "Signal Dispatcher" daemon [_thread_blocked, id=14556, stack(0x000000155ec00000,0x000000155ed00000)]
  0x000001ceee8a6000 JavaThread "Attach Listener" daemon [_thread_blocked, id=15940, stack(0x000000155ed00000,0x000000155ee00000)]
  0x000001ceee8a9800 JavaThread "Service Thread" daemon [_thread_blocked, id=16252, stack(0x000000155ee00000,0x000000155ef00000)]
  0x000001ceee8f9800 JavaThread "C2 CompilerThread0" daemon [_thread_blocked, id=15804, stack(0x000000155ef00000,0x000000155f000000)]
  0x000001ceee8fd800 JavaThread "C1 CompilerThread0" daemon [_thread_blocked, id=8000, stack(0x000000155f000000,0x000000155f100000)]
  0x000001ceee90e800 JavaThread "Sweeper thread" daemon [_thread_blocked, id=6232, stack(0x000000155f100000,0x000000155f200000)]
  0x000001ceeea88000 JavaThread "Common-Cleaner" daemon [_thread_blocked, id=18844, stack(0x000000155f300000,0x000000155f400000)]
  0x000001ceeea8c000 JavaThread "pool-1-thread-1" [_thread_blocked, id=9364, stack(0x000000155fa00000,0x000000155fb00000)]
  0x000001ceeea88800 JavaThread "DisconnectableInputStream source reader" daemon [_thread_in_native, id=18720, stack(0x000000155fb00000,0x000000155fc00000)]
  0x000001ceeea8d800 JavaThread "Forward input" [_thread_blocked, id=2136, stack(0x000000155fc00000,0x000000155fd00000)]

Other Threads:
=>0x000001ceee860800 VMThread "VM Thread" [stack: 0x000000155e900000,0x000000155ea00000] [id=10516]
  0x000001ceeea7d800 WatcherThread [stack: 0x000000155f200000,0x000000155f300000] [id=10536]
  0x000001cecd0cb000 GCTaskThread "GC Thread#0" [stack: 0x000000155e400000,0x000000155e500000] [id=19020]
  0x000001ceef637800 GCTaskThread "GC Thread#1" [stack: 0x000000155f500000,0x000000155f600000] [id=1140]
  0x000001ceef75e000 GCTaskThread "GC Thread#2" [stack: 0x000000155f600000,0x000000155f700000] [id=15404]
  0x000001ceeee00800 GCTaskThread "GC Thread#3" [stack: 0x000000155f700000,0x000000155f800000] [id=7744]
  0x000001ceeee01000 GCTaskThread "GC Thread#4" [stack: 0x000000155f800000,0x000000155f900000] [id=1312]
  0x000001ceeee65000 GCTaskThread "GC Thread#5" [stack: 0x000000155f900000,0x000000155fa00000] [id=13268]
  0x000001cecd128800 ConcurrentGCThread "G1 Main Marker" [stack: 0x000000155e500000,0x000000155e600000] [id=15436]
  0x000001cecd12b000 ConcurrentGCThread "G1 Conc#0" [stack: 0x000000155e600000,0x000000155e700000] [id=19336]
  0x000001ceef737000 ConcurrentGCThread "G1 Conc#1" [stack: 0x000000155ff00000,0x0000001560000000] [id=4432]
  0x000001cecd17e000 ConcurrentGCThread "G1 Refine#0" [stack: 0x000000155e700000,0x000000155e800000] [id=13264]
  0x000001ceeda7d800 ConcurrentGCThread "G1 Young RemSet Sampling" [stack: 0x000000155e800000,0x000000155e900000] [id=8888]

Threads with active compile tasks:
C1 CompilerThread0  31795 1308       3       org.gradle.internal.logging.text.AbstractLineChoppingStyledTextOutput$StateContext::hasChar (25 bytes)

VM state:at safepoint (normal execution)

VM Mutex/Monitor currently owned by a thread:  ([mutex/lock_event])
[0x000001cecd0ae400] Threads_lock - owner thread: 0x000001ceee860800
[0x000001cecd0aed90] Heap_lock - owner thread: 0x000001ceeea8c000
[0x000001cecd0b0770] MethodData_lock - owner thread: 0x000001ceeea8c000

Heap address: 0x0000000703600000, size: 4042 MB, Compressed Oops mode: Zero based, Oop shift amount: 3
Narrow klass base: 0x0000000800000000, Narrow klass shift: 0
Compressed class space size: 1073741824 Address: 0x0000000800000000

Heap:
 garbage-first heap   total 260096K, used 10191K [0x0000000703600000, 0x0000000800000000)
  region size 1024K, 4 young (4096K), 4 survivors (4096K)
 Metaspace       used 15446K, capacity 15728K, committed 15744K, reserved 1071104K
  class space    used 1782K, capacity 1905K, committed 1920K, reserved 1048576K
Heap Regions: E=young(eden), S=young(survivor), O=old, HS=humongous(starts), HC=humongous(continues), CS=collection set, F=free, A=archive, TAMS=top-at-mark-start (previous, next)
|   0|0x0000000703600000, 0x0000000703600000, 0x0000000703700000|  0%| F|  |TAMS 0x0000000703600000, 0x0000000703600000| Untracked 
|   1|0x0000000703700000, 0x0000000703700000, 0x0000000703800000|  0%| F|  |TAMS 0x0000000703700000, 0x0000000703700000| Untracked 
|   2|0x0000000703800000, 0x0000000703800000, 0x0000000703900000|  0%| F|  |TAMS 0x0000000703800000, 0x0000000703800000| Untracked 
|   3|0x0000000703900000, 0x0000000703a00000, 0x0000000703a00000|100%|HS|  |TAMS 0x0000000703900000, 0x0000000703a00000| Complete 
|   4|0x0000000703a00000, 0x0000000703b00000, 0x0000000703b00000|100%|HC|  |TAMS 0x0000000703a00000, 0x0000000703b00000| Complete 
|   5|0x0000000703b00000, 0x0000000703c00000, 0x0000000703c00000|100%|HC|  |TAMS 0x0000000703b00000, 0x0000000703c00000| Complete 
|   6|0x0000000703c00000, 0x0000000703d00000, 0x0000000703d00000|100%| O|  |TAMS 0x0000000703c00000, 0x0000000703d00000| Untracked 
|   7|0x0000000703d00000, 0x0000000703e00000, 0x0000000703e00000|100%| O|  |TAMS 0x0000000703d00000, 0x0000000703e00000| Untracked 
|   8|0x0000000703e00000, 0x0000000703efb600, 0x0000000703f00000| 98%| O|  |TAMS 0x0000000703e00000, 0x0000000703efb600| Untracked 
|   9|0x0000000703f00000, 0x0000000703f00000, 0x0000000704000000|  0%| F|  |TAMS 0x0000000703f00000, 0x0000000703f00000| Untracked 
|  10|0x0000000704000000, 0x0000000704000000, 0x0000000704100000|  0%| F|  |TAMS 0x0000000704000000, 0x0000000704000000| Untracked 
|  11|0x0000000704100000, 0x0000000704100000, 0x0000000704200000|  0%| F|  |TAMS 0x0000000704100000, 0x0000000704100000| Untracked 
|  12|0x0000000704200000, 0x0000000704200000, 0x0000000704300000|  0%| F|  |TAMS 0x0000000704200000, 0x0000000704200000| Untracked 
|  13|0x0000000704300000, 0x0000000704300000, 0x0000000704400000|  0%| F|  |TAMS 0x0000000704300000, 0x0000000704300000| Untracked 
|  14|0x0000000704400000, 0x0000000704400000, 0x0000000704500000|  0%| F|  |TAMS 0x0000000704400000, 0x0000000704400000| Untracked 
|  15|0x0000000704500000, 0x0000000704500000, 0x0000000704600000|  0%| F|  |TAMS 0x0000000704500000, 0x0000000704500000| Untracked 
|  16|0x0000000704600000, 0x0000000704600000, 0x0000000704700000|  0%| F|  |TAMS 0x0000000704600000, 0x0000000704600000| Untracked 
|  17|0x0000000704700000, 0x0000000704700000, 0x0000000704800000|  0%| F|  |TAMS 0x0000000704700000, 0x0000000704700000| Untracked 
|  18|0x0000000704800000, 0x0000000704800000, 0x0000000704900000|  0%| F|  |TAMS 0x0000000704800000, 0x0000000704800000| Untracked 
|  19|0x0000000704900000, 0x0000000704900000, 0x0000000704a00000|  0%| F|  |TAMS 0x0000000704900000, 0x0000000704900000| Untracked 
|  20|0x0000000704a00000, 0x0000000704a00000, 0x0000000704b00000|  0%| F|  |TAMS 0x0000000704a00000, 0x0000000704a00000| Untracked 
|  21|0x0000000704b00000, 0x0000000704b00000, 0x0000000704c00000|  0%| F|  |TAMS 0x0000000704b00000, 0x0000000704b00000| Untracked 
|  22|0x0000000704c00000, 0x0000000704c00000, 0x0000000704d00000|  0%| F|  |TAMS 0x0000000704c00000, 0x0000000704c00000| Untracked 
|  23|0x0000000704d00000, 0x0000000704d00000, 0x0000000704e00000|  0%| F|  |TAMS 0x0000000704d00000, 0x0000000704d00000| Untracked 
|  24|0x0000000704e00000, 0x0000000704e00000, 0x0000000704f00000|  0%| F|  |TAMS 0x0000000704e00000, 0x0000000704e00000| Untracked 
|  25|0x0000000704f00000, 0x0000000704f00000, 0x0000000705000000|  0%| F|  |TAMS 0x0000000704f00000, 0x0000000704f00000| Untracked 
|  26|0x0000000705000000, 0x0000000705000000, 0x0000000705100000|  0%| F|  |TAMS 0x0000000705000000, 0x0000000705000000| Untracked 
|  27|0x0000000705100000, 0x0000000705100000, 0x0000000705200000|  0%| F|  |TAMS 0x0000000705100000, 0x0000000705100000| Untracked 
|  28|0x0000000705200000, 0x0000000705200000, 0x0000000705300000|  0%| F|  |TAMS 0x0000000705200000, 0x0000000705200000| Untracked 
|  29|0x0000000705300000, 0x0000000705300000, 0x0000000705400000|  0%| F|  |TAMS 0x0000000705300000, 0x0000000705300000| Untracked 
|  30|0x0000000705400000, 0x0000000705400000, 0x0000000705500000|  0%| F|  |TAMS 0x0000000705400000, 0x0000000705400000| Untracked 
|  31|0x0000000705500000, 0x0000000705500000, 0x0000000705600000|  0%| F|  |TAMS 0x0000000705500000, 0x0000000705500000| Untracked 
|  32|0x0000000705600000, 0x0000000705600000, 0x0000000705700000|  0%| F|  |TAMS 0x0000000705600000, 0x0000000705600000| Untracked 
|  33|0x0000000705700000, 0x0000000705700000, 0x0000000705800000|  0%| F|  |TAMS 0x0000000705700000, 0x0000000705700000| Untracked 
|  34|0x0000000705800000, 0x0000000705800000, 0x0000000705900000|  0%| F|  |TAMS 0x0000000705800000, 0x0000000705800000| Untracked 
|  35|0x0000000705900000, 0x0000000705900000, 0x0000000705a00000|  0%| F|  |TAMS 0x0000000705900000, 0x0000000705900000| Untracked 
|  36|0x0000000705a00000, 0x0000000705a00000, 0x0000000705b00000|  0%| F|  |TAMS 0x0000000705a00000, 0x0000000705a00000| Untracked 
|  37|0x0000000705b00000, 0x0000000705b00000, 0x0000000705c00000|  0%| F|  |TAMS 0x0000000705b00000, 0x0000000705b00000| Untracked 
|  38|0x0000000705c00000, 0x0000000705c00000, 0x0000000705d00000|  0%| F|  |TAMS 0x0000000705c00000, 0x0000000705c00000| Untracked 
|  39|0x0000000705d00000, 0x0000000705d00000, 0x0000000705e00000|  0%| F|  |TAMS 0x0000000705d00000, 0x0000000705d00000| Untracked 
|  40|0x0000000705e00000, 0x0000000705e00000, 0x0000000705f00000|  0%| F|  |TAMS 0x0000000705e00000, 0x0000000705e00000| Untracked 
|  41|0x0000000705f00000, 0x0000000705f00000, 0x0000000706000000|  0%| F|  |TAMS 0x0000000705f00000, 0x0000000705f00000| Untracked 
|  42|0x0000000706000000, 0x0000000706000000, 0x0000000706100000|  0%| F|  |TAMS 0x0000000706000000, 0x0000000706000000| Untracked 
|  43|0x0000000706100000, 0x0000000706100000, 0x0000000706200000|  0%| F|  |TAMS 0x0000000706100000, 0x0000000706100000| Untracked 
|  44|0x0000000706200000, 0x0000000706200000, 0x0000000706300000|  0%| F|  |TAMS 0x0000000706200000, 0x0000000706200000| Untracked 
|  45|0x0000000706300000, 0x0000000706300000, 0x0000000706400000|  0%| F|  |TAMS 0x0000000706300000, 0x0000000706300000| Untracked 
|  46|0x0000000706400000, 0x0000000706400000, 0x0000000706500000|  0%| F|  |TAMS 0x0000000706400000, 0x0000000706400000| Untracked 
|  47|0x0000000706500000, 0x0000000706500000, 0x0000000706600000|  0%| F|  |TAMS 0x0000000706500000, 0x0000000706500000| Untracked 
|  48|0x0000000706600000, 0x0000000706600000, 0x0000000706700000|  0%| F|  |TAMS 0x0000000706600000, 0x0000000706600000| Untracked 
|  49|0x0000000706700000, 0x0000000706700000, 0x0000000706800000|  0%| F|  |TAMS 0x0000000706700000, 0x0000000706700000| Untracked 
|  50|0x0000000706800000, 0x0000000706800000, 0x0000000706900000|  0%| F|  |TAMS 0x0000000706800000, 0x0000000706800000| Untracked 
|  51|0x0000000706900000, 0x0000000706900000, 0x0000000706a00000|  0%| F|  |TAMS 0x0000000706900000, 0x0000000706900000| Untracked 
|  52|0x0000000706a00000, 0x0000000706a00000, 0x0000000706b00000|  0%| F|  |TAMS 0x0000000706a00000, 0x0000000706a00000| Untracked 
|  53|0x0000000706b00000, 0x0000000706b00000, 0x0000000706c00000|  0%| F|  |TAMS 0x0000000706b00000, 0x0000000706b00000| Untracked 
|  54|0x0000000706c00000, 0x0000000706c00000, 0x0000000706d00000|  0%| F|  |TAMS 0x0000000706c00000, 0x0000000706c00000| Untracked 
|  55|0x0000000706d00000, 0x0000000706d00000, 0x0000000706e00000|  0%| F|  |TAMS 0x0000000706d00000, 0x0000000706d00000| Untracked 
|  56|0x0000000706e00000, 0x0000000706e00000, 0x0000000706f00000|  0%| F|  |TAMS 0x0000000706e00000, 0x0000000706e00000| Untracked 
|  57|0x0000000706f00000, 0x0000000706f00000, 0x0000000707000000|  0%| F|  |TAMS 0x0000000706f00000, 0x0000000706f00000| Untracked 
|  58|0x0000000707000000, 0x0000000707000000, 0x0000000707100000|  0%| F|  |TAMS 0x0000000707000000, 0x0000000707000000| Untracked 
|  59|0x0000000707100000, 0x0000000707100000, 0x0000000707200000|  0%| F|  |TAMS 0x0000000707100000, 0x0000000707100000| Untracked 
|  60|0x0000000707200000, 0x0000000707200000, 0x0000000707300000|  0%| F|  |TAMS 0x0000000707200000, 0x0000000707200000| Untracked 
|  61|0x0000000707300000, 0x0000000707300000, 0x0000000707400000|  0%| F|  |TAMS 0x0000000707300000, 0x0000000707300000| Untracked 
|  62|0x0000000707400000, 0x0000000707400000, 0x0000000707500000|  0%| F|  |TAMS 0x0000000707400000, 0x0000000707400000| Untracked 
|  63|0x0000000707500000, 0x0000000707500000, 0x0000000707600000|  0%| F|  |TAMS 0x0000000707500000, 0x0000000707500000| Untracked 
|  64|0x0000000707600000, 0x0000000707600000, 0x0000000707700000|  0%| F|  |TAMS 0x0000000707600000, 0x0000000707600000| Untracked 
|  65|0x0000000707700000, 0x0000000707700000, 0x0000000707800000|  0%| F|  |TAMS 0x0000000707700000, 0x0000000707700000| Untracked 
|  66|0x0000000707800000, 0x0000000707800000, 0x0000000707900000|  0%| F|  |TAMS 0x0000000707800000, 0x0000000707800000| Untracked 
|  67|0x0000000707900000, 0x0000000707900000, 0x0000000707a00000|  0%| F|  |TAMS 0x0000000707900000, 0x0000000707900000| Untracked 
|  68|0x0000000707a00000, 0x0000000707a00000, 0x0000000707b00000|  0%| F|  |TAMS 0x0000000707a00000, 0x0000000707a00000| Untracked 
|  69|0x0000000707b00000, 0x0000000707b00000, 0x0000000707c00000|  0%| F|  |TAMS 0x0000000707b00000, 0x0000000707b00000| Untracked 
|  70|0x0000000707c00000, 0x0000000707c00000, 0x0000000707d00000|  0%| F|  |TAMS 0x0000000707c00000, 0x0000000707c00000| Untracked 
|  71|0x0000000707d00000, 0x0000000707d00000, 0x0000000707e00000|  0%| F|  |TAMS 0x0000000707d00000, 0x0000000707d00000| Untracked 
|  72|0x0000000707e00000, 0x0000000707e00000, 0x0000000707f00000|  0%| F|  |TAMS 0x0000000707e00000, 0x0000000707e00000| Untracked 
|  73|0x0000000707f00000, 0x0000000707f00000, 0x0000000708000000|  0%| F|  |TAMS 0x0000000707f00000, 0x0000000707f00000| Untracked 
|  74|0x0000000708000000, 0x0000000708000000, 0x0000000708100000|  0%| F|  |TAMS 0x0000000708000000, 0x0000000708000000| Untracked 
|  75|0x0000000708100000, 0x0000000708100000, 0x0000000708200000|  0%| F|  |TAMS 0x0000000708100000, 0x0000000708100000| Untracked 
|  76|0x0000000708200000, 0x0000000708200000, 0x0000000708300000|  0%| F|  |TAMS 0x0000000708200000, 0x0000000708200000| Untracked 
|  77|0x0000000708300000, 0x0000000708300000, 0x0000000708400000|  0%| F|  |TAMS 0x0000000708300000, 0x0000000708300000| Untracked 
|  78|0x0000000708400000, 0x0000000708400000, 0x0000000708500000|  0%| F|  |TAMS 0x0000000708400000, 0x0000000708400000| Untracked 
|  79|0x0000000708500000, 0x0000000708500000, 0x0000000708600000|  0%| F|  |TAMS 0x0000000708500000, 0x0000000708500000| Untracked 
|  80|0x0000000708600000, 0x0000000708600000, 0x0000000708700000|  0%| F|  |TAMS 0x0000000708600000, 0x0000000708600000| Untracked 
|  81|0x0000000708700000, 0x0000000708700000, 0x0000000708800000|  0%| F|  |TAMS 0x0000000708700000, 0x0000000708700000| Untracked 
|  82|0x0000000708800000, 0x0000000708800000, 0x0000000708900000|  0%| F|  |TAMS 0x0000000708800000, 0x0000000708800000| Untracked 
|  83|0x0000000708900000, 0x0000000708900000, 0x0000000708a00000|  0%| F|  |TAMS 0x0000000708900000, 0x0000000708900000| Untracked 
|  84|0x0000000708a00000, 0x0000000708a00000, 0x0000000708b00000|  0%| F|  |TAMS 0x0000000708a00000, 0x0000000708a00000| Untracked 
|  85|0x0000000708b00000, 0x0000000708b00000, 0x0000000708c00000|  0%| F|  |TAMS 0x0000000708b00000, 0x0000000708b00000| Untracked 
|  86|0x0000000708c00000, 0x0000000708c00000, 0x0000000708d00000|  0%| F|  |TAMS 0x0000000708c00000, 0x0000000708c00000| Untracked 
|  87|0x0000000708d00000, 0x0000000708d00000, 0x0000000708e00000|  0%| F|  |TAMS 0x0000000708d00000, 0x0000000708d00000| Untracked 
|  88|0x0000000708e00000, 0x0000000708e00000, 0x0000000708f00000|  0%| F|  |TAMS 0x0000000708e00000, 0x0000000708e00000| Untracked 
|  89|0x0000000708f00000, 0x0000000708f00000, 0x0000000709000000|  0%| F|  |TAMS 0x0000000708f00000, 0x0000000708f00000| Untracked 
|  90|0x0000000709000000, 0x0000000709000000, 0x0000000709100000|  0%| F|  |TAMS 0x0000000709000000, 0x0000000709000000| Untracked 
|  91|0x0000000709100000, 0x0000000709100000, 0x0000000709200000|  0%| F|  |TAMS 0x0000000709100000, 0x0000000709100000| Untracked 
|  92|0x0000000709200000, 0x0000000709200000, 0x0000000709300000|  0%| F|  |TAMS 0x0000000709200000, 0x0000000709200000| Untracked 
|  93|0x0000000709300000, 0x0000000709300000, 0x0000000709400000|  0%| F|  |TAMS 0x0000000709300000, 0x0000000709300000| Untracked 
|  94|0x0000000709400000, 0x0000000709400000, 0x0000000709500000|  0%| F|  |TAMS 0x0000000709400000, 0x0000000709400000| Untracked 
|  95|0x0000000709500000, 0x0000000709500000, 0x0000000709600000|  0%| F|  |TAMS 0x0000000709500000, 0x0000000709500000| Untracked 
|  96|0x0000000709600000, 0x0000000709600000, 0x0000000709700000|  0%| F|  |TAMS 0x0000000709600000, 0x0000000709600000| Untracked 
|  97|0x0000000709700000, 0x0000000709700000, 0x0000000709800000|  0%| F|  |TAMS 0x0000000709700000, 0x0000000709700000| Untracked 
|  98|0x0000000709800000, 0x0000000709800000, 0x0000000709900000|  0%| F|  |TAMS 0x0000000709800000, 0x0000000709800000| Untracked 
|  99|0x0000000709900000, 0x0000000709900000, 0x0000000709a00000|  0%| F|  |TAMS 0x0000000709900000, 0x0000000709900000| Untracked 
| 100|0x0000000709a00000, 0x0000000709a00000, 0x0000000709b00000|  0%| F|  |TAMS 0x0000000709a00000, 0x0000000709a00000| Untracked 
| 101|0x0000000709b00000, 0x0000000709b00000, 0x0000000709c00000|  0%| F|  |TAMS 0x0000000709b00000, 0x0000000709b00000| Untracked 
| 102|0x0000000709c00000, 0x0000000709c00000, 0x0000000709d00000|  0%| F|  |TAMS 0x0000000709c00000, 0x0000000709c00000| Untracked 
| 103|0x0000000709d00000, 0x0000000709d00000, 0x0000000709e00000|  0%| F|  |TAMS 0x0000000709d00000, 0x0000000709d00000| Untracked 
| 104|0x0000000709e00000, 0x0000000709e00000, 0x0000000709f00000|  0%| F|  |TAMS 0x0000000709e00000, 0x0000000709e00000| Untracked 
| 105|0x0000000709f00000, 0x0000000709f00000, 0x000000070a000000|  0%| F|  |TAMS 0x0000000709f00000, 0x0000000709f00000| Untracked 
| 106|0x000000070a000000, 0x000000070a000000, 0x000000070a100000|  0%| F|  |TAMS 0x000000070a000000, 0x000000070a000000| Untracked 
| 107|0x000000070a100000, 0x000000070a100000, 0x000000070a200000|  0%| F|  |TAMS 0x000000070a100000, 0x000000070a100000| Untracked 
| 108|0x000000070a200000, 0x000000070a200000, 0x000000070a300000|  0%| F|  |TAMS 0x000000070a200000, 0x000000070a200000| Untracked 
| 109|0x000000070a300000, 0x000000070a300000, 0x000000070a400000|  0%| F|  |TAMS 0x000000070a300000, 0x000000070a300000| Untracked 
| 110|0x000000070a400000, 0x000000070a400000, 0x000000070a500000|  0%| F|  |TAMS 0x000000070a400000, 0x000000070a400000| Untracked 
| 111|0x000000070a500000, 0x000000070a500000, 0x000000070a600000|  0%| F|  |TAMS 0x000000070a500000, 0x000000070a500000| Untracked 
| 112|0x000000070a600000, 0x000000070a600000, 0x000000070a700000|  0%| F|  |TAMS 0x000000070a600000, 0x000000070a600000| Untracked 
| 113|0x000000070a700000, 0x000000070a700000, 0x000000070a800000|  0%| F|  |TAMS 0x000000070a700000, 0x000000070a700000| Untracked 
| 114|0x000000070a800000, 0x000000070a800000, 0x000000070a900000|  0%| F|  |TAMS 0x000000070a800000, 0x000000070a800000| Untracked 
| 115|0x000000070a900000, 0x000000070a900000, 0x000000070aa00000|  0%| F|  |TAMS 0x000000070a900000, 0x000000070a900000| Untracked 
| 116|0x000000070aa00000, 0x000000070aa00000, 0x000000070ab00000|  0%| F|  |TAMS 0x000000070aa00000, 0x000000070aa00000| Untracked 
| 117|0x000000070ab00000, 0x000000070ab00000, 0x000000070ac00000|  0%| F|  |TAMS 0x000000070ab00000, 0x000000070ab00000| Untracked 
| 118|0x000000070ac00000, 0x000000070ac00000, 0x000000070ad00000|  0%| F|  |TAMS 0x000000070ac00000, 0x000000070ac00000| Untracked 
| 119|0x000000070ad00000, 0x000000070ad00000, 0x000000070ae00000|  0%| F|  |TAMS 0x000000070ad00000, 0x000000070ad00000| Untracked 
| 120|0x000000070ae00000, 0x000000070ae00000, 0x000000070af00000|  0%| F|  |TAMS 0x000000070ae00000, 0x000000070ae00000| Untracked 
| 121|0x000000070af00000, 0x000000070af00000, 0x000000070b000000|  0%| F|  |TAMS 0x000000070af00000, 0x000000070af00000| Untracked 
| 122|0x000000070b000000, 0x000000070b000000, 0x000000070b100000|  0%| F|  |TAMS 0x000000070b000000, 0x000000070b000000| Untracked 
| 123|0x000000070b100000, 0x000000070b100000, 0x000000070b200000|  0%| F|  |TAMS 0x000000070b100000, 0x000000070b100000| Untracked 
| 124|0x000000070b200000, 0x000000070b200000, 0x000000070b300000|  0%| F|  |TAMS 0x000000070b200000, 0x000000070b200000| Untracked 
| 125|0x000000070b300000, 0x000000070b300000, 0x000000070b400000|  0%| F|  |TAMS 0x000000070b300000, 0x000000070b300000| Untracked 
| 126|0x000000070b400000, 0x000000070b400000, 0x000000070b500000|  0%| F|  |TAMS 0x000000070b400000, 0x000000070b400000| Untracked 
| 127|0x000000070b500000, 0x000000070b500000, 0x000000070b600000|  0%| F|  |TAMS 0x000000070b500000, 0x000000070b500000| Untracked 
| 128|0x000000070b600000, 0x000000070b600000, 0x000000070b700000|  0%| F|  |TAMS 0x000000070b600000, 0x000000070b600000| Untracked 
| 129|0x000000070b700000, 0x000000070b700000, 0x000000070b800000|  0%| F|  |TAMS 0x000000070b700000, 0x000000070b700000| Untracked 
| 130|0x000000070b800000, 0x000000070b800000, 0x000000070b900000|  0%| F|  |TAMS 0x000000070b800000, 0x000000070b800000| Untracked 
| 131|0x000000070b900000, 0x000000070b900000, 0x000000070ba00000|  0%| F|  |TAMS 0x000000070b900000, 0x000000070b900000| Untracked 
| 132|0x000000070ba00000, 0x000000070ba00000, 0x000000070bb00000|  0%| F|  |TAMS 0x000000070ba00000, 0x000000070ba00000| Untracked 
| 133|0x000000070bb00000, 0x000000070bb00000, 0x000000070bc00000|  0%| F|  |TAMS 0x000000070bb00000, 0x000000070bb00000| Untracked 
| 134|0x000000070bc00000, 0x000000070bc00000, 0x000000070bd00000|  0%| F|  |TAMS 0x000000070bc00000, 0x000000070bc00000| Untracked 
| 135|0x000000070bd00000, 0x000000070bd00000, 0x000000070be00000|  0%| F|  |TAMS 0x000000070bd00000, 0x000000070bd00000| Untracked 
| 136|0x000000070be00000, 0x000000070be00000, 0x000000070bf00000|  0%| F|  |TAMS 0x000000070be00000, 0x000000070be00000| Untracked 
| 137|0x000000070bf00000, 0x000000070bf00000, 0x000000070c000000|  0%| F|  |TAMS 0x000000070bf00000, 0x000000070bf00000| Untracked 
| 138|0x000000070c000000, 0x000000070c000000, 0x000000070c100000|  0%| F|  |TAMS 0x000000070c000000, 0x000000070c000000| Untracked 
| 139|0x000000070c100000, 0x000000070c100000, 0x000000070c200000|  0%| F|  |TAMS 0x000000070c100000, 0x000000070c100000| Untracked 
| 140|0x000000070c200000, 0x000000070c200000, 0x000000070c300000|  0%| F|  |TAMS 0x000000070c200000, 0x000000070c200000| Untracked 
| 141|0x000000070c300000, 0x000000070c300000, 0x000000070c400000|  0%| F|  |TAMS 0x000000070c300000, 0x000000070c300000| Untracked 
| 142|0x000000070c400000, 0x000000070c400000, 0x000000070c500000|  0%| F|  |TAMS 0x000000070c400000, 0x000000070c400000| Untracked 
| 143|0x000000070c500000, 0x000000070c500000, 0x000000070c600000|  0%| F|  |TAMS 0x000000070c500000, 0x000000070c500000| Untracked 
| 144|0x000000070c600000, 0x000000070c600000, 0x000000070c700000|  0%| F|  |TAMS 0x000000070c600000, 0x000000070c600000| Untracked 
| 145|0x000000070c700000, 0x000000070c700000, 0x000000070c800000|  0%| F|  |TAMS 0x000000070c700000, 0x000000070c700000| Untracked 
| 146|0x000000070c800000, 0x000000070c800000, 0x000000070c900000|  0%| F|  |TAMS 0x000000070c800000, 0x000000070c800000| Untracked 
| 147|0x000000070c900000, 0x000000070c900000, 0x000000070ca00000|  0%| F|  |TAMS 0x000000070c900000, 0x000000070c900000| Untracked 
| 148|0x000000070ca00000, 0x000000070ca00000, 0x000000070cb00000|  0%| F|  |TAMS 0x000000070ca00000, 0x000000070ca00000| Untracked 
| 149|0x000000070cb00000, 0x000000070cb00000, 0x000000070cc00000|  0%| F|  |TAMS 0x000000070cb00000, 0x000000070cb00000| Untracked 
| 150|0x000000070cc00000, 0x000000070cc00000, 0x000000070cd00000|  0%| F|  |TAMS 0x000000070cc00000, 0x000000070cc00000| Untracked 
| 151|0x000000070cd00000, 0x000000070cd00000, 0x000000070ce00000|  0%| F|  |TAMS 0x000000070cd00000, 0x000000070cd00000| Untracked 
| 152|0x000000070ce00000, 0x000000070ce00000, 0x000000070cf00000|  0%| F|  |TAMS 0x000000070ce00000, 0x000000070ce00000| Untracked 
| 153|0x000000070cf00000, 0x000000070cf00000, 0x000000070d000000|  0%| F|  |TAMS 0x000000070cf00000, 0x000000070cf00000| Untracked 
| 154|0x000000070d000000, 0x000000070d000000, 0x000000070d100000|  0%| F|  |TAMS 0x000000070d000000, 0x000000070d000000| Untracked 
| 155|0x000000070d100000, 0x000000070d100000, 0x000000070d200000|  0%| F|  |TAMS 0x000000070d100000, 0x000000070d100000| Untracked 
| 156|0x000000070d200000, 0x000000070d200000, 0x000000070d300000|  0%| F|  |TAMS 0x000000070d200000, 0x000000070d200000| Untracked 
| 157|0x000000070d300000, 0x000000070d300000, 0x000000070d400000|  0%| F|  |TAMS 0x000000070d300000, 0x000000070d300000| Untracked 
| 158|0x000000070d400000, 0x000000070d400000, 0x000000070d500000|  0%| F|  |TAMS 0x000000070d400000, 0x000000070d400000| Untracked 
| 159|0x000000070d500000, 0x000000070d500000, 0x000000070d600000|  0%| F|  |TAMS 0x000000070d500000, 0x000000070d500000| Untracked 
| 160|0x000000070d600000, 0x000000070d600000, 0x000000070d700000|  0%| F|  |TAMS 0x000000070d600000, 0x000000070d600000| Untracked 
| 161|0x000000070d700000, 0x000000070d700000, 0x000000070d800000|  0%| F|  |TAMS 0x000000070d700000, 0x000000070d700000| Untracked 
| 162|0x000000070d800000, 0x000000070d800000, 0x000000070d900000|  0%| F|  |TAMS 0x000000070d800000, 0x000000070d800000| Untracked 
| 163|0x000000070d900000, 0x000000070d900000, 0x000000070da00000|  0%| F|  |TAMS 0x000000070d900000, 0x000000070d900000| Untracked 
| 164|0x000000070da00000, 0x000000070da00000, 0x000000070db00000|  0%| F|  |TAMS 0x000000070da00000, 0x000000070da00000| Untracked 
| 165|0x000000070db00000, 0x000000070db00000, 0x000000070dc00000|  0%| F|  |TAMS 0x000000070db00000, 0x000000070db00000| Untracked 
| 166|0x000000070dc00000, 0x000000070dc00000, 0x000000070dd00000|  0%| F|  |TAMS 0x000000070dc00000, 0x000000070dc00000| Untracked 
| 167|0x000000070dd00000, 0x000000070dd00000, 0x000000070de00000|  0%| F|  |TAMS 0x000000070dd00000, 0x000000070dd00000| Untracked 
| 168|0x000000070de00000, 0x000000070de00000, 0x000000070df00000|  0%| F|  |TAMS 0x000000070de00000, 0x000000070de00000| Untracked 
| 169|0x000000070df00000, 0x000000070df00000, 0x000000070e000000|  0%| F|  |TAMS 0x000000070df00000, 0x000000070df00000| Untracked 
| 170|0x000000070e000000, 0x000000070e000000, 0x000000070e100000|  0%| F|  |TAMS 0x000000070e000000, 0x000000070e000000| Untracked 
| 171|0x000000070e100000, 0x000000070e100000, 0x000000070e200000|  0%| F|  |TAMS 0x000000070e100000, 0x000000070e100000| Untracked 
| 172|0x000000070e200000, 0x000000070e200000, 0x000000070e300000|  0%| F|  |TAMS 0x000000070e200000, 0x000000070e200000| Untracked 
| 173|0x000000070e300000, 0x000000070e300000, 0x000000070e400000|  0%| F|  |TAMS 0x000000070e300000, 0x000000070e300000| Untracked 
| 174|0x000000070e400000, 0x000000070e400000, 0x000000070e500000|  0%| F|  |TAMS 0x000000070e400000, 0x000000070e400000| Untracked 
| 175|0x000000070e500000, 0x000000070e500000, 0x000000070e600000|  0%| F|  |TAMS 0x000000070e500000, 0x000000070e500000| Untracked 
| 176|0x000000070e600000, 0x000000070e600000, 0x000000070e700000|  0%| F|  |TAMS 0x000000070e600000, 0x000000070e600000| Untracked 
| 177|0x000000070e700000, 0x000000070e700000, 0x000000070e800000|  0%| F|  |TAMS 0x000000070e700000, 0x000000070e700000| Untracked 
| 178|0x000000070e800000, 0x000000070e800000, 0x000000070e900000|  0%| F|  |TAMS 0x000000070e800000, 0x000000070e800000| Untracked 
| 179|0x000000070e900000, 0x000000070e900000, 0x000000070ea00000|  0%| F|  |TAMS 0x000000070e900000, 0x000000070e900000| Untracked 
| 180|0x000000070ea00000, 0x000000070ea00000, 0x000000070eb00000|  0%| F|  |TAMS 0x000000070ea00000, 0x000000070ea00000| Untracked 
| 181|0x000000070eb00000, 0x000000070eb00000, 0x000000070ec00000|  0%| F|  |TAMS 0x000000070eb00000, 0x000000070eb00000| Untracked 
| 182|0x000000070ec00000, 0x000000070ec00000, 0x000000070ed00000|  0%| F|  |TAMS 0x000000070ec00000, 0x000000070ec00000| Untracked 
| 183|0x000000070ed00000, 0x000000070ed00000, 0x000000070ee00000|  0%| F|  |TAMS 0x000000070ed00000, 0x000000070ed00000| Untracked 
| 184|0x000000070ee00000, 0x000000070ee00000, 0x000000070ef00000|  0%| F|  |TAMS 0x000000070ee00000, 0x000000070ee00000| Untracked 
| 185|0x000000070ef00000, 0x000000070ef00000, 0x000000070f000000|  0%| F|  |TAMS 0x000000070ef00000, 0x000000070ef00000| Untracked 
| 186|0x000000070f000000, 0x000000070f000000, 0x000000070f100000|  0%| F|  |TAMS 0x000000070f000000, 0x000000070f000000| Untracked 
| 187|0x000000070f100000, 0x000000070f100000, 0x000000070f200000|  0%| F|  |TAMS 0x000000070f100000, 0x000000070f100000| Untracked 
| 188|0x000000070f200000, 0x000000070f200000, 0x000000070f300000|  0%| F|  |TAMS 0x000000070f200000, 0x000000070f200000| Untracked 
| 189|0x000000070f300000, 0x000000070f300000, 0x000000070f400000|  0%| F|  |TAMS 0x000000070f300000, 0x000000070f300000| Untracked 
| 190|0x000000070f400000, 0x000000070f400000, 0x000000070f500000|  0%| F|  |TAMS 0x000000070f400000, 0x000000070f400000| Untracked 
| 191|0x000000070f500000, 0x000000070f500000, 0x000000070f600000|  0%| F|  |TAMS 0x000000070f500000, 0x000000070f500000| Untracked 
| 192|0x000000070f600000, 0x000000070f600000, 0x000000070f700000|  0%| F|  |TAMS 0x000000070f600000, 0x000000070f600000| Untracked 
| 193|0x000000070f700000, 0x000000070f700000, 0x000000070f800000|  0%| F|  |TAMS 0x000000070f700000, 0x000000070f700000| Untracked 
| 194|0x000000070f800000, 0x000000070f800000, 0x000000070f900000|  0%| F|  |TAMS 0x000000070f800000, 0x000000070f800000| Untracked 
| 195|0x000000070f900000, 0x000000070f900000, 0x000000070fa00000|  0%| F|  |TAMS 0x000000070f900000, 0x000000070f900000| Untracked 
| 196|0x000000070fa00000, 0x000000070fa00000, 0x000000070fb00000|  0%| F|  |TAMS 0x000000070fa00000, 0x000000070fa00000| Untracked 
| 197|0x000000070fb00000, 0x000000070fb00000, 0x000000070fc00000|  0%| F|  |TAMS 0x000000070fb00000, 0x000000070fb00000| Untracked 
| 198|0x000000070fc00000, 0x000000070fc00000, 0x000000070fd00000|  0%| F|  |TAMS 0x000000070fc00000, 0x000000070fc00000| Untracked 
| 199|0x000000070fd00000, 0x000000070fd00000, 0x000000070fe00000|  0%| F|  |TAMS 0x000000070fd00000, 0x000000070fd00000| Untracked 
| 200|0x000000070fe00000, 0x000000070fe00000, 0x000000070ff00000|  0%| F|  |TAMS 0x000000070fe00000, 0x000000070fe00000| Untracked 
| 201|0x000000070ff00000, 0x000000070ff00000, 0x0000000710000000|  0%| F|  |TAMS 0x000000070ff00000, 0x000000070ff00000| Untracked 
| 202|0x0000000710000000, 0x0000000710000000, 0x0000000710100000|  0%| F|  |TAMS 0x0000000710000000, 0x0000000710000000| Untracked 
| 203|0x0000000710100000, 0x0000000710100000, 0x0000000710200000|  0%| F|  |TAMS 0x0000000710100000, 0x0000000710100000| Untracked 
| 204|0x0000000710200000, 0x0000000710200000, 0x0000000710300000|  0%| F|  |TAMS 0x0000000710200000, 0x0000000710200000| Untracked 
| 205|0x0000000710300000, 0x0000000710300000, 0x0000000710400000|  0%| F|  |TAMS 0x0000000710300000, 0x0000000710300000| Untracked 
| 206|0x0000000710400000, 0x0000000710400000, 0x0000000710500000|  0%| F|  |TAMS 0x0000000710400000, 0x0000000710400000| Untracked 
| 207|0x0000000710500000, 0x0000000710500000, 0x0000000710600000|  0%| F|  |TAMS 0x0000000710500000, 0x0000000710500000| Untracked 
| 208|0x0000000710600000, 0x0000000710600000, 0x0000000710700000|  0%| F|  |TAMS 0x0000000710600000, 0x0000000710600000| Untracked 
| 209|0x0000000710700000, 0x0000000710700000, 0x0000000710800000|  0%| F|  |TAMS 0x0000000710700000, 0x0000000710700000| Untracked 
| 210|0x0000000710800000, 0x0000000710800000, 0x0000000710900000|  0%| F|  |TAMS 0x0000000710800000, 0x0000000710800000| Untracked 
| 211|0x0000000710900000, 0x0000000710900000, 0x0000000710a00000|  0%| F|  |TAMS 0x0000000710900000, 0x0000000710900000| Untracked 
| 212|0x0000000710a00000, 0x0000000710a00000, 0x0000000710b00000|  0%| F|  |TAMS 0x0000000710a00000, 0x0000000710a00000| Untracked 
| 213|0x0000000710b00000, 0x0000000710b00000, 0x0000000710c00000|  0%| F|  |TAMS 0x0000000710b00000, 0x0000000710b00000| Untracked 
| 214|0x0000000710c00000, 0x0000000710c00000, 0x0000000710d00000|  0%| F|  |TAMS 0x0000000710c00000, 0x0000000710c00000| Untracked 
| 215|0x0000000710d00000, 0x0000000710d00000, 0x0000000710e00000|  0%| F|  |TAMS 0x0000000710d00000, 0x0000000710d00000| Untracked 
| 216|0x0000000710e00000, 0x0000000710e00000, 0x0000000710f00000|  0%| F|  |TAMS 0x0000000710e00000, 0x0000000710e00000| Untracked 
| 217|0x0000000710f00000, 0x0000000710f00000, 0x0000000711000000|  0%| F|  |TAMS 0x0000000710f00000, 0x0000000710f00000| Untracked 
| 218|0x0000000711000000, 0x0000000711000000, 0x0000000711100000|  0%| F|  |TAMS 0x0000000711000000, 0x0000000711000000| Untracked 
| 219|0x0000000711100000, 0x0000000711100000, 0x0000000711200000|  0%| F|  |TAMS 0x0000000711100000, 0x0000000711100000| Untracked 
| 220|0x0000000711200000, 0x0000000711200000, 0x0000000711300000|  0%| F|  |TAMS 0x0000000711200000, 0x0000000711200000| Untracked 
| 221|0x0000000711300000, 0x0000000711300000, 0x0000000711400000|  0%| F|  |TAMS 0x0000000711300000, 0x0000000711300000| Untracked 
| 222|0x0000000711400000, 0x0000000711400000, 0x0000000711500000|  0%| F|  |TAMS 0x0000000711400000, 0x0000000711400000| Untracked 
| 223|0x0000000711500000, 0x0000000711500000, 0x0000000711600000|  0%| F|  |TAMS 0x0000000711500000, 0x0000000711500000| Untracked 
| 224|0x0000000711600000, 0x0000000711600000, 0x0000000711700000|  0%| F|  |TAMS 0x0000000711600000, 0x0000000711600000| Untracked 
| 225|0x0000000711700000, 0x0000000711700000, 0x0000000711800000|  0%| F|  |TAMS 0x0000000711700000, 0x0000000711700000| Untracked 
| 226|0x0000000711800000, 0x0000000711800000, 0x0000000711900000|  0%| F|  |TAMS 0x0000000711800000, 0x0000000711800000| Untracked 
| 227|0x0000000711900000, 0x0000000711900000, 0x0000000711a00000|  0%| F|  |TAMS 0x0000000711900000, 0x0000000711900000| Untracked 
| 228|0x0000000711a00000, 0x0000000711a00000, 0x0000000711b00000|  0%| F|  |TAMS 0x0000000711a00000, 0x0000000711a00000| Untracked 
| 229|0x0000000711b00000, 0x0000000711b00000, 0x0000000711c00000|  0%| F|  |TAMS 0x0000000711b00000, 0x0000000711b00000| Untracked 
| 230|0x0000000711c00000, 0x0000000711c00000, 0x0000000711d00000|  0%| F|  |TAMS 0x0000000711c00000, 0x0000000711c00000| Untracked 
| 231|0x0000000711d00000, 0x0000000711d00000, 0x0000000711e00000|  0%| F|  |TAMS 0x0000000711d00000, 0x0000000711d00000| Untracked 
| 232|0x0000000711e00000, 0x0000000711ef8740, 0x0000000711f00000| 97%| S|CS|TAMS 0x0000000711e00000, 0x0000000711e00000| Complete 
| 233|0x0000000711f00000, 0x0000000712000000, 0x0000000712000000|100%| S|CS|TAMS 0x0000000711f00000, 0x0000000711f00000| Complete 
| 234|0x0000000712000000, 0x0000000712100000, 0x0000000712100000|100%| S|CS|TAMS 0x0000000712000000, 0x0000000712000000| Complete 
| 235|0x0000000712100000, 0x0000000712200000, 0x0000000712200000|100%| S|CS|TAMS 0x0000000712100000, 0x0000000712100000| Complete 
| 236|0x0000000712200000, 0x0000000712200000, 0x0000000712300000|  0%| F|  |TAMS 0x0000000712200000, 0x0000000712200000| Untracked 
| 237|0x0000000712300000, 0x0000000712300000, 0x0000000712400000|  0%| F|  |TAMS 0x0000000712300000, 0x0000000712300000| Untracked 
| 238|0x0000000712400000, 0x0000000712400000, 0x0000000712500000|  0%| F|  |TAMS 0x0000000712400000, 0x0000000712400000| Untracked 
| 239|0x0000000712500000, 0x0000000712500000, 0x0000000712600000|  0%| F|  |TAMS 0x0000000712500000, 0x0000000712500000| Untracked 
| 240|0x0000000712600000, 0x0000000712600000, 0x0000000712700000|  0%| F|  |TAMS 0x0000000712600000, 0x0000000712600000| Untracked 
| 241|0x0000000712700000, 0x0000000712700000, 0x0000000712800000|  0%| F|  |TAMS 0x0000000712700000, 0x0000000712700000| Untracked 
| 242|0x0000000712800000, 0x0000000712800000, 0x0000000712900000|  0%| F|  |TAMS 0x0000000712800000, 0x0000000712800000| Untracked 
| 243|0x0000000712900000, 0x0000000712900000, 0x0000000712a00000|  0%| F|  |TAMS 0x0000000712900000, 0x0000000712900000| Untracked 
| 244|0x0000000712a00000, 0x0000000712a00000, 0x0000000712b00000|  0%| F|  |TAMS 0x0000000712a00000, 0x0000000712a00000| Untracked 
| 245|0x0000000712b00000, 0x0000000712b00000, 0x0000000712c00000|  0%| F|  |TAMS 0x0000000712b00000, 0x0000000712b00000| Untracked 
| 246|0x0000000712c00000, 0x0000000712c00000, 0x0000000712d00000|  0%| F|  |TAMS 0x0000000712c00000, 0x0000000712c00000| Untracked 
| 247|0x0000000712d00000, 0x0000000712d00000, 0x0000000712e00000|  0%| F|  |TAMS 0x0000000712d00000, 0x0000000712d00000| Untracked 
| 248|0x0000000712e00000, 0x0000000712e00000, 0x0000000712f00000|  0%| F|  |TAMS 0x0000000712e00000, 0x0000000712e00000| Untracked 
| 249|0x0000000712f00000, 0x0000000712f00000, 0x0000000713000000|  0%| F|  |TAMS 0x0000000712f00000, 0x0000000712f00000| Untracked 
| 250|0x0000000713000000, 0x0000000713000000, 0x0000000713100000|  0%| F|  |TAMS 0x0000000713000000, 0x0000000713000000| Untracked 
| 251|0x0000000713100000, 0x0000000713100000, 0x0000000713200000|  0%| F|  |TAMS 0x0000000713100000, 0x0000000713100000| Untracked 
| 252|0x0000000713200000, 0x0000000713200000, 0x0000000713300000|  0%| F|  |TAMS 0x0000000713200000, 0x0000000713200000| Untracked 
| 253|0x0000000713300000, 0x0000000713300000, 0x0000000713400000|  0%| F|  |TAMS 0x0000000713300000, 0x0000000713300000| Untracked 

Card table byte_map: [0x000001cee25f0000,0x000001cee2de0000] _byte_map_base: 0x000001cededd5000

Marking Bits (Prev, Next): (CMBitMap*) 0x000001cecd118188, (CMBitMap*) 0x000001cecd1181c0
 Prev Bits: [0x000001cee35d0000, 0x000001cee74f8000)
 Next Bits: [0x000001cee7500000, 0x000001ceeb428000)

Polling page: 0x000001cecd180000

Metaspace:

Usage:
  Non-class:     13.50 MB capacity,    13.34 MB ( 99%) used,   137.44 KB ( <1%) free+waste,    21.69 KB ( <1%) overhead. 
      Class:      1.86 MB capacity,     1.74 MB ( 94%) used,   111.67 KB (  6%) free+waste,    10.69 KB ( <1%) overhead. 
       Both:     15.36 MB capacity,    15.08 MB ( 98%) used,   249.11 KB (  2%) free+waste,    32.38 KB ( <1%) overhead. 

Virtual space:
  Non-class space:       22.00 MB reserved,      13.50 MB ( 61%) committed 
      Class space:        1.00 GB reserved,       1.88 MB ( <1%) committed 
             Both:        1.02 GB reserved,      15.38 MB (  1%) committed 

Chunk freelists:
   Non-Class:  1.00 KB
       Class:  15.00 KB
        Both:  16.00 KB

MaxMetaspaceSize: 17179869184.00 GB
CompressedClassSpaceSize: 1.00 GB
Initial GC threshold: 20.80 MB
Current GC threshold: 21.12 MB
CDS: off

CodeHeap 'non-profiled nmethods': size=120000Kb used=490Kb max_used=490Kb free=119509Kb
 bounds [0x000001ced9e70000, 0x000001ceda0e0000, 0x000001cee13a0000]
CodeHeap 'profiled nmethods': size=120000Kb used=2438Kb max_used=2438Kb free=117561Kb
 bounds [0x000001ced2940000, 0x000001ced2bb0000, 0x000001ced9e70000]
CodeHeap 'non-nmethods': size=5760Kb used=1163Kb max_used=1174Kb free=4596Kb
 bounds [0x000001ced23a0000, 0x000001ced2610000, 0x000001ced2940000]
 total_blobs=1725 nmethods=1306 adapters=332
 compilation: enabled
              stopped_count=0, restarted_count=0
 full_count=0

Compilation events (20 events):
Event: 26.358 Thread 0x000001ceee8fd800 nmethod 1297 0x000001ced2b9be90 code [0x000001ced2b9c040, 0x000001ced2b9c138]
Event: 26.449 Thread 0x000001ceee8fd800 1298       3       java.util.concurrent.locks.AbstractQueuedSynchronizer$Node::setPrevRelaxed (9 bytes)
Event: 26.450 Thread 0x000001ceee8fd800 nmethod 1298 0x000001ced2b9c210 code [0x000001ced2b9c460, 0x000001ced2b9cc98]
Event: 26.450 Thread 0x000001ceee8fd800 1299       3       java.util.concurrent.locks.AbstractQueuedSynchronizer::compareAndSetTail (10 bytes)
Event: 26.450 Thread 0x000001ceee8fd800 nmethod 1299 0x000001ced2b9cf90 code [0x000001ced2b9d220, 0x000001ced2b9dd38]
Event: 26.451 Thread 0x000001ceee8fd800 1300       3       java.util.concurrent.ScheduledThreadPoolExecutor$DelayedWorkQueue::finishPoll (43 bytes)
Event: 26.451 Thread 0x000001ceee8fd800 nmethod 1300 0x000001ced2b9e110 code [0x000001ced2b9e300, 0x000001ced2b9e908]
Event: 30.951 Thread 0x000001ceee8fd800 1301       3       org.gradle.internal.logging.console.ThrottlingOutputEventListener::renderNow (40 bytes)
Event: 30.951 Thread 0x000001ceee8fd800 nmethod 1301 0x000001ced2b9ea90 code [0x000001ced2b9ec80, 0x000001ced2b9f1a8]
Event: 31.047 Thread 0x000001ceee8fd800 1302   !   3       java.util.concurrent.locks.AbstractQueuedSynchronizer::acquireQueued (74 bytes)
Event: 31.047 Thread 0x000001ceee8fd800 nmethod 1302 0x000001ced2b9f310 code [0x000001ced2b9f5c0, 0x000001ced2ba02a8]
Event: 31.710 Thread 0x000001ceee8fd800 1303       3       sun.nio.ch.SelectorImpl::ensureOpen (16 bytes)
Event: 31.710 Thread 0x000001ceee8fd800 nmethod 1303 0x000001ced2ba0810 code [0x000001ced2ba09e0, 0x000001ced2ba0d28]
Event: 31.756 Thread 0x000001ceee8fd800 1304       1       org.gradle.internal.logging.text.AbstractLineChoppingStyledTextOutput$SeenFromEol::size (5 bytes)
Event: 31.756 Thread 0x000001ceee8fd800 nmethod 1304 0x000001ced9eea290 code [0x000001ced9eea440, 0x000001ced9eea4f8]
Event: 31.757 Thread 0x000001ceee8fd800 1305       1       org.gradle.internal.logging.text.AbstractLineChoppingStyledTextOutput$StateContext::access$000 (5 bytes)
Event: 31.757 Thread 0x000001ceee8fd800 nmethod 1305 0x000001ced9eea590 code [0x000001ced9eea740, 0x000001ced9eea7d8]
Event: 31.757 Thread 0x000001ceee8fd800 1307       3       org.gradle.internal.logging.text.AbstractLineChoppingStyledTextOutput$StateContext::isCurrentCharEquals (70 bytes)
Event: 31.757 Thread 0x000001ceee8fd800 nmethod 1307 0x000001ced2ba0e90 code [0x000001ced2ba10c0, 0x000001ced2ba17b8]
Event: 31.757 Thread 0x000001ceee8fd800 1308       3       org.gradle.internal.logging.text.AbstractLineChoppingStyledTextOutput$StateContext::hasChar (25 bytes)

GC Heap History (4 events):
Event: 0.793 GC heap before
{Heap before GC invocations=0 (full 0):
 garbage-first heap   total 260096K, used 29696K [0x0000000703600000, 0x0000000800000000)
  region size 1024K, 24 young (24576K), 0 survivors (0K)
 Metaspace       used 10771K, capacity 11035K, committed 11264K, reserved 1058816K
  class space    used 1121K, capacity 1211K, committed 1280K, reserved 1048576K
}
Event: 0.806 GC heap after
{Heap after GC invocations=1 (full 0):
 garbage-first heap   total 260096K, used 9197K [0x0000000703600000, 0x0000000800000000)
  region size 1024K, 3 young (3072K), 3 survivors (3072K)
 Metaspace       used 10771K, capacity 11035K, committed 11264K, reserved 1058816K
  class space    used 1121K, capacity 1211K, committed 1280K, reserved 1048576K
}
Event: 31.757 GC heap before
{Heap before GC invocations=1 (full 0):
 garbage-first heap   total 260096K, used 26605K [0x0000000703600000, 0x0000000800000000)
  region size 1024K, 21 young (21504K), 3 survivors (3072K)
 Metaspace       used 15446K, capacity 15728K, committed 15744K, reserved 1069056K
  class space    used 1782K, capacity 1905K, committed 1920K, reserved 1048576K
}
Event: 31.761 GC heap after
{Heap after GC invocations=2 (full 0):
 garbage-first heap   total 260096K, used 10191K [0x0000000703600000, 0x0000000800000000)
  region size 1024K, 4 young (4096K), 4 survivors (4096K)
 Metaspace       used 15446K, capacity 15728K, committed 15744K, reserved 1069056K
  class space    used 1782K, capacity 1905K, committed 1920K, reserved 1048576K
}

Deoptimization events (20 events):
Event: 0.871 Thread 0x000001cecd0b2800 DEOPT PACKING pc=0x000001ced9ea54c0 sp=0x000000155e3fb470
Event: 0.872 Thread 0x000001cecd0b2800 DEOPT UNPACKING pc=0x000001ced23ea1af sp=0x000000155e3fb410 mode 2
Event: 1.012 Thread 0x000001cecd0b2800 DEOPT PACKING pc=0x000001ced2a2a640 sp=0x000000155e3f8d20
Event: 1.012 Thread 0x000001cecd0b2800 DEOPT UNPACKING pc=0x000001ced23ea95e sp=0x000000155e3f8238 mode 0
Event: 1.015 Thread 0x000001cecd0b2800 Uncommon trap: trap_request=0xffffff4d fr.pc=0x000001ced9ed1598 relative=0x00000000000001d8
Event: 1.015 Thread 0x000001cecd0b2800 Uncommon trap: reason=unstable_if action=reinterpret pc=0x000001ced9ed1598 method=java.util.HashMap.getNode(ILjava/lang/Object;)Ljava/util/HashMap$Node; @ 129 c2
Event: 1.015 Thread 0x000001cecd0b2800 DEOPT PACKING pc=0x000001ced9ed1598 sp=0x000000155e3faa50
Event: 1.015 Thread 0x000001cecd0b2800 DEOPT UNPACKING pc=0x000001ced23ea1af sp=0x000000155e3fa950 mode 2
Event: 1.219 Thread 0x000001cecd0b2800 Uncommon trap: trap_request=0xffffff4d fr.pc=0x000001ced9eccc54 relative=0x0000000000001af4
Event: 1.219 Thread 0x000001cecd0b2800 Uncommon trap: reason=unstable_if action=reinterpret pc=0x000001ced9eccc54 method=java.io.WinNTFileSystem.normalize(Ljava/lang/String;)Ljava/lang/String; @ 128 c2
Event: 1.219 Thread 0x000001cecd0b2800 DEOPT PACKING pc=0x000001ced9eccc54 sp=0x000000155e3fa570
Event: 1.219 Thread 0x000001cecd0b2800 DEOPT UNPACKING pc=0x000001ced23ea1af sp=0x000000155e3fa548 mode 2
Event: 1.513 Thread 0x000001cecd0b2800 Uncommon trap: trap_request=0xffffff4d fr.pc=0x000001ced9ea7f20 relative=0x0000000000000560
Event: 1.513 Thread 0x000001cecd0b2800 Uncommon trap: reason=unstable_if action=reinterpret pc=0x000001ced9ea7f20 method=java.lang.AbstractStringBuilder.append(Ljava/lang/String;)Ljava/lang/AbstractStringBuilder; @ 1 c2
Event: 1.513 Thread 0x000001cecd0b2800 DEOPT PACKING pc=0x000001ced9ea7f20 sp=0x000000155e3fc8b0
Event: 1.513 Thread 0x000001cecd0b2800 DEOPT UNPACKING pc=0x000001ced23ea1af sp=0x000000155e3fc830 mode 2
Event: 1.513 Thread 0x000001cecd0b2800 Uncommon trap: trap_request=0xffffff4d fr.pc=0x000001ced9eaaaf4 relative=0x0000000000000534
Event: 1.513 Thread 0x000001cecd0b2800 Uncommon trap: reason=unstable_if action=reinterpret pc=0x000001ced9eaaaf4 method=java.lang.AbstractStringBuilder.append(Ljava/lang/String;)Ljava/lang/AbstractStringBuilder; @ 1 c2
Event: 1.513 Thread 0x000001cecd0b2800 DEOPT PACKING pc=0x000001ced9eaaaf4 sp=0x000000155e3fc850
Event: 1.513 Thread 0x000001cecd0b2800 DEOPT UNPACKING pc=0x000001ced23ea1af sp=0x000000155e3fc838 mode 2

Classes redefined (0 events):
No events

Internal exceptions (14 events):
Event: 0.172 Thread 0x000001cecd0b2800 Exception <a 'java/lang/NoSuchMethodError'{0x00000007132a1b40}: 'int java.lang.invoke.DirectMethodHandle$Holder.invokeSpecialIFC(java.lang.Object, java.lang.Object, int)'> (0x00000007132a1b40) thrown at [./src/hotspot/share/interpreter/linkResolver.cpp, line 773]
Event: 0.273 Thread 0x000001cecd0b2800 Exception <a 'java/lang/NoSuchMethodError'{0x0000000713074770}: 'int java.lang.invoke.DirectMethodHandle$Holder.invokeStaticInit(java.lang.Object, java.lang.Object)'> (0x0000000713074770) thrown at [./src/hotspot/share/interpreter/linkResolver.cpp, line 773]
Event: 0.322 Thread 0x000001cecd0b2800 Exception <a 'java/lang/NoSuchMethodError'{0x0000000712f3f580}: 'int java.lang.invoke.DirectMethodHandle$Holder.invokeSpecial(java.lang.Object, java.lang.Object, java.lang.Object, java.lang.Object)'> (0x0000000712f3f580) thrown at [./src/hotspot/share/interpreter/linkResolver.cpp, line 773]
Event: 0.747 Thread 0x000001cecd0b2800 Implicit null exception at 0x000001ced9eb46f5 to 0x000001ced9eb490c
Event: 0.767 Thread 0x000001cecd0b2800 Exception <a 'java/lang/NoClassDefFoundError'{0x0000000711db25f0}: org/slf4j/impl/StaticMarkerBinder> (0x0000000711db25f0) thrown at [./src/hotspot/share/classfile/systemDictionary.cpp, line 220]
Event: 0.782 Thread 0x000001cecd0b2800 Exception <a 'java/lang/NoSuchMethodError'{0x0000000711ca82e0}: 'java.lang.Object java.lang.invoke.DirectMethodHandle$Holder.invokeVirtual(java.lang.Object, java.lang.Object, java.lang.Object, java.lang.Object, java.lang.Object, java.lang.Object, java.lang.Object)'> (0x0000000711ca82e0) thrown at [./src/hotspot/share/interpreter/linkResolver.cpp, line 773]
Event: 0.785 Thread 0x000001cecd0b2800 Exception <a 'java/lang/NoSuchMethodError'{0x0000000711cbbd88}: 'java.lang.Object java.lang.invoke.Invokers$Holder.invoker(java.lang.Object, java.lang.Object, java.lang.Object)'> (0x0000000711cbbd88) thrown at [./src/hotspot/share/interpreter/linkResolver.cpp, line 773]
Event: 0.788 Thread 0x000001cecd0b2800 Exception <a 'java/lang/NoSuchMethodError'{0x0000000711ccc980}: 'void java.lang.invoke.DelegatingMethodHandle$Holder.delegate(java.lang.Object, java.lang.Object, int, java.lang.Object)'> (0x0000000711ccc980) thrown at [./src/hotspot/share/interpreter/linkResolver.cpp, line 773]
Event: 0.903 Thread 0x000001cecd0b2800 Exception <a 'java/lang/NoSuchMethodError'{0x0000000712d87308}: 'java.lang.Object java.lang.invoke.DirectMethodHandle$Holder.invokeInterface(java.lang.Object, java.lang.Object, java.lang.Object)'> (0x0000000712d87308) thrown at [./src/hotspot/share/interpreter/linkResolver.cpp, line 773]
Event: 0.947 Thread 0x000001cecd0b2800 Exception <a 'java/lang/NoSuchMethodError'{0x0000000712a25ec0}: 'java.lang.Object java.lang.invoke.DirectMethodHandle$Holder.invokeStaticInit(java.lang.Object, java.lang.Object, java.lang.Object)'> (0x0000000712a25ec0) thrown at [./src/hotspot/share/interpreter/linkResolver.cpp, line 773]
Event: 1.034 Thread 0x000001cecd0b2800 Exception <a 'java/lang/NoSuchMethodError'{0x00000007126f9190}: 'java.lang.Object java.lang.invoke.DirectMethodHandle$Holder.invokeStaticInit(java.lang.Object, int, int, int, int)'> (0x00000007126f9190) thrown at [./src/hotspot/share/interpreter/linkResolver.cpp, line 773]
Event: 1.225 Thread 0x000001cecd0b2800 Exception <a 'java/lang/NoSuchMethodError'{0x000000071252e6b0}: 'java.lang.Object java.lang.invoke.DirectMethodHandle$Holder.invokeStaticInit(java.lang.Object, java.lang.Object, int, int, int, int)'> (0x000000071252e6b0) thrown at [./src/hotspot/share/interpreter/linkResolver.cpp, line 773]
Event: 1.513 Thread 0x000001cecd0b2800 Implicit null exception at 0x000001ced9ea79f4 to 0x000001ced9ea7f08
Event: 1.513 Thread 0x000001cecd0b2800 Implicit null exception at 0x000001ced9eaa5f4 to 0x000001ced9eaaadc

Events (20 events):
Event: 1.978 loading class jdk/internal/reflect/Label done
Event: 1.978 loading class jdk/internal/reflect/Label$PatchInfo
Event: 1.978 loading class jdk/internal/reflect/Label$PatchInfo done
Event: 1.978 loading class jdk/internal/reflect/MethodAccessorGenerator$1
Event: 1.978 loading class jdk/internal/reflect/MethodAccessorGenerator$1 done
Event: 1.978 loading class jdk/internal/reflect/ClassDefiner
Event: 1.978 loading class jdk/internal/reflect/ClassDefiner done
Event: 1.978 loading class jdk/internal/reflect/ClassDefiner$1
Event: 1.978 loading class jdk/internal/reflect/ClassDefiner$1 done
Event: 31.695 loading class com/google/common/collect/CollectPreconditions
Event: 31.695 loading class com/google/common/collect/CollectPreconditions done
Event: 31.696 loading class org/gradle/internal/logging/events/StyledTextOutputEvent$Span
Event: 31.696 loading class org/gradle/internal/logging/events/StyledTextOutputEvent$Span done
Event: 31.696 loading class org/gradle/internal/logging/events/operations/StyledTextBuildOperationProgressDetails$Span
Event: 31.696 loading class org/gradle/internal/logging/events/operations/StyledTextBuildOperationProgressDetails$Span done
Event: 31.696 loading class org/gradle/internal/operations/logging/StyledTextBuildOperationProgressDetails$Span
Event: 31.696 loading class org/gradle/internal/operations/logging/StyledTextBuildOperationProgressDetails$Span done
Event: 31.756 loading class org/gradle/internal/logging/text/AbstractLineChoppingStyledTextOutput$StateContext
Event: 31.756 loading class org/gradle/internal/logging/text/AbstractLineChoppingStyledTextOutput$StateContext done
Event: 31.757 Executing VM operation: CollectForMetadataAllocation


Dynamic libraries:
0x00007ff6f9fa0000 - 0x00007ff6f9faa000 	C:\Program Files\Android\Android Studio\jre\bin\java.exe
0x00007ff948930000 - 0x00007ff948b28000 	C:\WINDOWS\SYSTEM32\ntdll.dll
0x00007ff947da0000 - 0x00007ff947e5d000 	C:\WINDOWS\System32\KERNEL32.DLL
0x00007ff946670000 - 0x00007ff946966000 	C:\WINDOWS\System32\KERNELBASE.dll
0x00007ff9437f0000 - 0x00007ff943880000 	C:\WINDOWS\SYSTEM32\apphelp.dll
0x00007ff946090000 - 0x00007ff946190000 	C:\WINDOWS\System32\ucrtbase.dll
0x00007ff93eec0000 - 0x00007ff93eed9000 	C:\Program Files\Android\Android Studio\jre\bin\jli.dll
0x00007ff93eea0000 - 0x00007ff93eeb7000 	C:\Program Files\Android\Android Studio\jre\bin\VCRUNTIME140.dll
0x00007ff9474e0000 - 0x00007ff94767e000 	C:\WINDOWS\System32\USER32.dll
0x00007ff9344f0000 - 0x00007ff93478a000 	C:\WINDOWS\WinSxS\amd64_microsoft.windows.common-controls_6595b64144ccf1df_6.0.19041.3636_none_60b6a03d71f818d5\COMCTL32.dll
0x00007ff946640000 - 0x00007ff946662000 	C:\WINDOWS\System32\win32u.dll
0x00007ff948280000 - 0x00007ff94831e000 	C:\WINDOWS\System32\msvcrt.dll
0x00007ff947280000 - 0x00007ff9472ab000 	C:\WINDOWS\System32\GDI32.dll
0x00007ff946420000 - 0x00007ff946537000 	C:\WINDOWS\System32\gdi32full.dll
0x00007ff945ff0000 - 0x00007ff94608d000 	C:\WINDOWS\System32\msvcp_win.dll
0x00007ff947680000 - 0x00007ff9476b2000 	C:\WINDOWS\System32\IMM32.DLL
0x00007ff9209c0000 - 0x00007ff920a5d000 	C:\Program Files\Android\Android Studio\jre\bin\msvcp140.dll
0x00007ff8eba20000 - 0x00007ff8ec505000 	C:\Program Files\Android\Android Studio\jre\bin\server\jvm.dll
0x00007ff947780000 - 0x00007ff947833000 	C:\WINDOWS\System32\ADVAPI32.dll
0x00007ff947f10000 - 0x00007ff947faf000 	C:\WINDOWS\System32\sechost.dll
0x00007ff947fb0000 - 0x00007ff9480d6000 	C:\WINDOWS\System32\RPCRT4.dll
0x00007ff946290000 - 0x00007ff9462b7000 	C:\WINDOWS\System32\bcrypt.dll
0x00007ff947120000 - 0x00007ff947128000 	C:\WINDOWS\System32\PSAPI.DLL
0x00007ff9313b0000 - 0x00007ff9313d7000 	C:\WINDOWS\SYSTEM32\WINMM.dll
0x00007ff92d4e0000 - 0x00007ff92d4e9000 	C:\WINDOWS\SYSTEM32\WSOCK32.dll
0x00007ff947920000 - 0x00007ff94798b000 	C:\WINDOWS\System32\WS2_32.dll
0x00007ff940d60000 - 0x00007ff940d6a000 	C:\WINDOWS\SYSTEM32\VERSION.dll
0x00007ff943ea0000 - 0x00007ff943eb2000 	C:\WINDOWS\SYSTEM32\kernel.appcore.dll
0x00007ff93ee80000 - 0x00007ff93ee91000 	C:\Program Files\Android\Android Studio\jre\bin\verify.dll
0x00007ff925ac0000 - 0x00007ff925ca4000 	C:\WINDOWS\SYSTEM32\DBGHELP.DLL
0x00007ff925a80000 - 0x00007ff925ab4000 	C:\WINDOWS\SYSTEM32\dbgcore.DLL
0x00007ff946190000 - 0x00007ff946212000 	C:\WINDOWS\System32\bcryptPrimitives.dll
0x00007ff920990000 - 0x00007ff9209b9000 	C:\Program Files\Android\Android Studio\jre\bin\java.dll
0x00007ff9349a0000 - 0x00007ff9349ab000 	C:\Program Files\Android\Android Studio\jre\bin\jimage.dll
0x00007ff921910000 - 0x00007ff921928000 	C:\Program Files\Android\Android Studio\jre\bin\zip.dll
0x00007ff9469d0000 - 0x00007ff947115000 	C:\WINDOWS\System32\SHELL32.dll
0x00007ff9440a0000 - 0x00007ff94483c000 	C:\WINDOWS\SYSTEM32\windows.storage.dll
0x00007ff947990000 - 0x00007ff947ce4000 	C:\WINDOWS\System32\combase.dll
0x00007ff945950000 - 0x00007ff94597e000 	C:\WINDOWS\SYSTEM32\Wldp.dll
0x00007ff948320000 - 0x00007ff9483ed000 	C:\WINDOWS\System32\OLEAUT32.dll
0x00007ff947cf0000 - 0x00007ff947d9d000 	C:\WINDOWS\System32\SHCORE.dll
0x00007ff947720000 - 0x00007ff947775000 	C:\WINDOWS\System32\shlwapi.dll
0x00007ff945f20000 - 0x00007ff945f45000 	C:\WINDOWS\SYSTEM32\profapi.dll
0x00007ff920970000 - 0x00007ff92098a000 	C:\Program Files\Android\Android Studio\jre\bin\net.dll
0x00007ff93f7a0000 - 0x00007ff93f8aa000 	C:\WINDOWS\SYSTEM32\WINHTTP.dll
0x00007ff9456b0000 - 0x00007ff94571a000 	C:\WINDOWS\system32\mswsock.dll
0x00007ff9203d0000 - 0x00007ff9203e4000 	C:\Program Files\Android\Android Studio\jre\bin\nio.dll
0x00007ff8d55c0000 - 0x00007ff8d55e7000 	C:\Users\Arshad\.gradle\native\e1d6ef7f7dcc3fd88c89a11ec53ec762bb8ba0a96d01ffa2cd45eb1d1d8dd5c5\windows-amd64\native-platform.dll
0x00007ff933d00000 - 0x00007ff933d0a000 	C:\Program Files\Android\Android Studio\jre\bin\management.dll
0x00007ff9216d0000 - 0x00007ff9216dd000 	C:\Program Files\Android\Android Studio\jre\bin\management_ext.dll
0x00007ff9458b0000 - 0x00007ff9458c8000 	C:\WINDOWS\SYSTEM32\CRYPTSP.dll
0x00007ff944fe0000 - 0x00007ff945014000 	C:\WINDOWS\system32\rsaenh.dll
0x00007ff945ee0000 - 0x00007ff945f0e000 	C:\WINDOWS\SYSTEM32\USERENV.dll
0x00007ff9458a0000 - 0x00007ff9458ac000 	C:\WINDOWS\SYSTEM32\CRYPTBASE.dll
0x00007ff9453a0000 - 0x00007ff9453db000 	C:\WINDOWS\SYSTEM32\IPHLPAPI.DLL
0x00007ff947140000 - 0x00007ff947148000 	C:\WINDOWS\System32\NSI.dll
0x00007ff940420000 - 0x00007ff940437000 	C:\WINDOWS\SYSTEM32\dhcpcsvc6.DLL
0x00007ff940400000 - 0x00007ff94041d000 	C:\WINDOWS\SYSTEM32\dhcpcsvc.DLL
0x00007ff9453e0000 - 0x00007ff9454ab000 	C:\WINDOWS\SYSTEM32\DNSAPI.dll

dbghelp: loaded successfully - version: 4.0.5 - missing functions: none
symbol engine: initialized successfully - sym options: 0x614 - pdb path: .;C:\Program Files\Android\Android Studio\jre\bin;C:\WINDOWS\SYSTEM32;C:\WINDOWS\WinSxS\amd64_microsoft.windows.common-controls_6595b64144ccf1df_6.0.19041.3636_none_60b6a03d71f818d5;C:\Program Files\Android\Android Studio\jre\bin\server;C:\Users\Arshad\.gradle\native\e1d6ef7f7dcc3fd88c89a11ec53ec762bb8ba0a96d01ffa2cd45eb1d1d8dd5c5\windows-amd64

VM Arguments:
jvm_args: -Dorg.gradle.appname=gradlew 
java_command: org.gradle.wrapper.GradleWrapperMain -q -Ptarget-platform=android-arm64 -Ptarget=D:\__rauf flutter proj\_____socio latest 15feb onwards\Socio\.git\socio\lib\main.dart -Pbase-application-name=android.app.Application -Pdart-defines=RkxVVFRFUl9XRUJfQVVUT19ERVRFQ1Q9dHJ1ZQ==,RkxVVFRFUl9XRUJfQ0FOVkFTS0lUX1VSTD1odHRwczovL3d3dy5nc3RhdGljLmNvbS9mbHV0dGVyLWNhbnZhc2tpdC9mNDBlOTc2YmVkZmY1N2U2OWUxYjNkODlhN2MyYTNjNjE3YTAzZGFkLw== -Pdart-obfuscation=false -Ptrack-widget-creation=true -Ptree-shake-icons=false -Pfilesystem-scheme=org-dartlang-root assembleDebug
java_class_path (initial): D:\__rauf flutter proj\_____socio latest 15feb onwards\Socio\.git\socio\android\\gradle\wrapper\gradle-wrapper.jar
Launcher Type: SUN_STANDARD

[Global flags]
     intx CICompilerCount                          = 4                                         {product} {ergonomic}
     uint ConcGCThreads                            = 2                                         {product} {ergonomic}
     uint G1ConcRefinementThreads                  = 8                                         {product} {ergonomic}
   size_t G1HeapRegionSize                         = 1048576                                   {product} {ergonomic}
    uintx GCDrainStackTargetSize                   = 64                                        {product} {ergonomic}
   size_t InitialHeapSize                          = 266338304                                 {product} {ergonomic}
   size_t MarkStackSize                            = 4194304                                   {product} {ergonomic}
   size_t MaxHeapSize                              = 4238344192                                {product} {ergonomic}
   size_t MaxNewSize                               = 2542796800                                {product} {ergonomic}
   size_t MinHeapDeltaBytes                        = 1048576                                   {product} {ergonomic}
    uintx NonNMethodCodeHeapSize                   = 5836300                                {pd product} {ergonomic}
    uintx NonProfiledCodeHeapSize                  = 122910970                              {pd product} {ergonomic}
    uintx ProfiledCodeHeapSize                     = 122910970                              {pd product} {ergonomic}
    uintx ReservedCodeCacheSize                    = 251658240                              {pd product} {ergonomic}
     bool SegmentedCodeCache                       = true                                      {product} {ergonomic}
     bool UseCompressedClassPointers               = true                                 {lp64_product} {ergonomic}
     bool UseCompressedOops                        = true                                 {lp64_product} {ergonomic}
     bool UseG1GC                                  = true                                      {product} {ergonomic}
     bool UseLargePagesIndividualAllocation        = false                                  {pd product} {ergonomic}

Logging:
Log output configuration:
 #0: stdout all=warning uptime,level,tags
 #1: stderr all=off uptime,level,tags

Environment Variables:
JAVA_HOME=C:\Program Files\Android\Android Studio\jre
CLASSPATH=D:\__rauf flutter proj\_____socio latest 15feb onwards\Socio\.git\socio\android\\gradle\wrapper\gradle-wrapper.jar
PATH=C:\Program Files\Android\Android Studio\jre\bin;C:\Python311\Scripts\;C:\Python311\;C:\WINDOWS\system32;C:\WINDOWS;C:\WINDOWS\System32\Wbem;C:\WINDOWS\System32\WindowsPowerShell\v1.0\;C:\WINDOWS\System32\OpenSSH\;C:\Program Files\dart-sdk\bin;C:\src\flutter\bin;C:\Program Files\Git\cmd;C:\Users\Arshad\AppData\Local\Pub\Cache\bin;C:\Program Files\nodejs\;C:\ProgramData\chocolatey\bin;C:\Users\Arshad\AppData\Local\Microsoft\WindowsApps;C:\Users\Arshad\AppData\Local\Programs\Microsoft VS Code\bin;C:\Program Files\jdk-18.0.2\bin;C:\Users\Arshad\AppData\Local\GitHubDesktop\bin;C:\Users\Arshad\AppData\Roaming\npm;C:\src\flutter\bin;;C:\src\flutter\bin\mingit\cmd;C:\src\flutter\bin\mingit\cmd
USERNAME=Arshad
OS=Windows_NT
PROCESSOR_IDENTIFIER=Intel64 Family 6 Model 94 Stepping 3, GenuineIntel



---------------  S Y S T E M  ---------------

OS: Windows 10 , 64 bit Build 19041 (10.0.19041.3636)
OS uptime: 9 days 5:01 hours

CPU:total 8 (initial active 8) (4 cores per cpu, 2 threads per core) family 6 model 94 stepping 3 microcode 0xf0, cmov, cx8, fxsr, mmx, sse, sse2, sse3, ssse3, sse4.1, sse4.2, popcnt, avx, avx2, aes, clmul, erms, rtm, 3dnowpref, lzcnt, ht, tsc, tscinvbit, bmi1, bmi2, adx, fma

Memory: 4k page, system-wide physical 16167M (1595M free)
TotalPageFile size 25834M (AvailPageFile size 72M)
current process WorkingSet (physical memory assigned to process): 103M, peak: 109M
current process commit charge ("private bytes"): 358M, peak: 366M

vm_info: OpenJDK 64-Bit Server VM (11.0.12+7-b1504.28-7817840) for windows-amd64 JRE (11.0.12+7-b1504.28-7817840), built on Oct 13 2021 22:12:33 by "builder" with MS VC++ 14.0 (VS2015)

END.
